[2025-03-25T19:47:20.946+0000] {processor.py:153} INFO - Started process (PID=60) to work on /home/airflow/.local/lib/python3.7/site-packages/airflow/example_dags/example_dag_decorator.py
[2025-03-25T19:47:20.948+0000] {processor.py:743} INFO - Processing file /home/airflow/.local/lib/python3.7/site-packages/airflow/example_dags/example_dag_decorator.py for tasks to queue
[2025-03-25T19:47:20.954+0000] {logging_mixin.py:137} INFO - [2025-03-25T19:47:20.954+0000] {dagbag.py:538} INFO - Filling up the DagBag from /home/airflow/.local/lib/python3.7/site-packages/airflow/example_dags/example_dag_decorator.py
[2025-03-25T19:47:20.989+0000] {logging_mixin.py:137} INFO - [2025-03-25T19:47:20.989+0000] {taskmixin.py:205} WARNING - Dependency <Task(_PythonDecoratedOperator): prepare_email>, send_email already registered for DAG: example_dag_decorator
[2025-03-25T19:47:20.990+0000] {logging_mixin.py:137} INFO - [2025-03-25T19:47:20.989+0000] {taskmixin.py:205} WARNING - Dependency <Task(EmailOperator): send_email>, prepare_email already registered for DAG: example_dag_decorator
[2025-03-25T19:47:21.028+0000] {processor.py:753} INFO - DAG(s) dict_keys(['example_dag_decorator']) retrieved from /home/airflow/.local/lib/python3.7/site-packages/airflow/example_dags/example_dag_decorator.py
[2025-03-25T19:47:21.097+0000] {logging_mixin.py:137} INFO - [2025-03-25T19:47:21.097+0000] {dag.py:2676} INFO - Sync 1 DAGs
[2025-03-25T19:47:21.158+0000] {logging_mixin.py:137} INFO - [2025-03-25T19:47:21.157+0000] {dag.py:3427} INFO - Setting next_dagrun for example_dag_decorator to None, run_after=None
[2025-03-25T19:47:21.184+0000] {processor.py:175} INFO - Processing /home/airflow/.local/lib/python3.7/site-packages/airflow/example_dags/example_dag_decorator.py took 0.243 seconds
[2025-03-25T19:47:57.205+0000] {processor.py:153} INFO - Started process (PID=130) to work on /home/airflow/.local/lib/python3.7/site-packages/airflow/example_dags/example_dag_decorator.py
[2025-03-25T19:47:57.230+0000] {processor.py:743} INFO - Processing file /home/airflow/.local/lib/python3.7/site-packages/airflow/example_dags/example_dag_decorator.py for tasks to queue
[2025-03-25T19:47:57.239+0000] {logging_mixin.py:137} INFO - [2025-03-25T19:47:57.236+0000] {dagbag.py:538} INFO - Filling up the DagBag from /home/airflow/.local/lib/python3.7/site-packages/airflow/example_dags/example_dag_decorator.py
[2025-03-25T19:47:57.670+0000] {logging_mixin.py:137} INFO - [2025-03-25T19:47:57.669+0000] {taskmixin.py:205} WARNING - Dependency <Task(_PythonDecoratedOperator): prepare_email>, send_email already registered for DAG: example_dag_decorator
[2025-03-25T19:47:57.672+0000] {logging_mixin.py:137} INFO - [2025-03-25T19:47:57.672+0000] {taskmixin.py:205} WARNING - Dependency <Task(EmailOperator): send_email>, prepare_email already registered for DAG: example_dag_decorator
[2025-03-25T19:47:57.919+0000] {processor.py:753} INFO - DAG(s) dict_keys(['example_dag_decorator']) retrieved from /home/airflow/.local/lib/python3.7/site-packages/airflow/example_dags/example_dag_decorator.py
[2025-03-25T19:47:58.490+0000] {logging_mixin.py:137} INFO - [2025-03-25T19:47:58.488+0000] {dag.py:2676} INFO - Sync 1 DAGs
[2025-03-25T19:47:58.561+0000] {logging_mixin.py:137} INFO - [2025-03-25T19:47:58.561+0000] {dag.py:3427} INFO - Setting next_dagrun for example_dag_decorator to None, run_after=None
[2025-03-25T19:47:58.617+0000] {processor.py:175} INFO - Processing /home/airflow/.local/lib/python3.7/site-packages/airflow/example_dags/example_dag_decorator.py took 1.454 seconds
[2025-03-25T19:48:35.977+0000] {processor.py:153} INFO - Started process (PID=191) to work on /home/airflow/.local/lib/python3.7/site-packages/airflow/example_dags/example_dag_decorator.py
[2025-03-25T19:48:35.983+0000] {processor.py:743} INFO - Processing file /home/airflow/.local/lib/python3.7/site-packages/airflow/example_dags/example_dag_decorator.py for tasks to queue
[2025-03-25T19:48:35.985+0000] {logging_mixin.py:137} INFO - [2025-03-25T19:48:35.984+0000] {dagbag.py:538} INFO - Filling up the DagBag from /home/airflow/.local/lib/python3.7/site-packages/airflow/example_dags/example_dag_decorator.py
[2025-03-25T19:48:36.047+0000] {logging_mixin.py:137} INFO - [2025-03-25T19:48:36.047+0000] {taskmixin.py:205} WARNING - Dependency <Task(_PythonDecoratedOperator): prepare_email>, send_email already registered for DAG: example_dag_decorator
[2025-03-25T19:48:36.048+0000] {logging_mixin.py:137} INFO - [2025-03-25T19:48:36.048+0000] {taskmixin.py:205} WARNING - Dependency <Task(EmailOperator): send_email>, prepare_email already registered for DAG: example_dag_decorator
[2025-03-25T19:48:36.285+0000] {processor.py:753} INFO - DAG(s) dict_keys(['example_dag_decorator']) retrieved from /home/airflow/.local/lib/python3.7/site-packages/airflow/example_dags/example_dag_decorator.py
[2025-03-25T19:48:36.707+0000] {logging_mixin.py:137} INFO - [2025-03-25T19:48:36.706+0000] {dag.py:2676} INFO - Sync 1 DAGs
[2025-03-25T19:48:36.742+0000] {logging_mixin.py:137} INFO - [2025-03-25T19:48:36.742+0000] {dag.py:3427} INFO - Setting next_dagrun for example_dag_decorator to None, run_after=None
[2025-03-25T19:48:36.802+0000] {processor.py:175} INFO - Processing /home/airflow/.local/lib/python3.7/site-packages/airflow/example_dags/example_dag_decorator.py took 0.848 seconds
[2025-03-25T19:49:07.754+0000] {processor.py:153} INFO - Started process (PID=253) to work on /home/airflow/.local/lib/python3.7/site-packages/airflow/example_dags/example_dag_decorator.py
[2025-03-25T19:49:07.762+0000] {processor.py:743} INFO - Processing file /home/airflow/.local/lib/python3.7/site-packages/airflow/example_dags/example_dag_decorator.py for tasks to queue
[2025-03-25T19:49:07.767+0000] {logging_mixin.py:137} INFO - [2025-03-25T19:49:07.766+0000] {dagbag.py:538} INFO - Filling up the DagBag from /home/airflow/.local/lib/python3.7/site-packages/airflow/example_dags/example_dag_decorator.py
[2025-03-25T19:49:07.900+0000] {logging_mixin.py:137} INFO - [2025-03-25T19:49:07.899+0000] {taskmixin.py:205} WARNING - Dependency <Task(_PythonDecoratedOperator): prepare_email>, send_email already registered for DAG: example_dag_decorator
[2025-03-25T19:49:07.901+0000] {logging_mixin.py:137} INFO - [2025-03-25T19:49:07.901+0000] {taskmixin.py:205} WARNING - Dependency <Task(EmailOperator): send_email>, prepare_email already registered for DAG: example_dag_decorator
[2025-03-25T19:49:07.982+0000] {processor.py:753} INFO - DAG(s) dict_keys(['example_dag_decorator']) retrieved from /home/airflow/.local/lib/python3.7/site-packages/airflow/example_dags/example_dag_decorator.py
[2025-03-25T19:49:08.170+0000] {logging_mixin.py:137} INFO - [2025-03-25T19:49:08.170+0000] {dag.py:2676} INFO - Sync 1 DAGs
[2025-03-25T19:49:08.310+0000] {logging_mixin.py:137} INFO - [2025-03-25T19:49:08.310+0000] {dag.py:3427} INFO - Setting next_dagrun for example_dag_decorator to None, run_after=None
[2025-03-25T19:49:08.401+0000] {processor.py:175} INFO - Processing /home/airflow/.local/lib/python3.7/site-packages/airflow/example_dags/example_dag_decorator.py took 0.661 seconds
[2025-03-25T19:50:04.065+0000] {processor.py:153} INFO - Started process (PID=331) to work on /home/airflow/.local/lib/python3.7/site-packages/airflow/example_dags/example_dag_decorator.py
[2025-03-25T19:50:04.075+0000] {processor.py:743} INFO - Processing file /home/airflow/.local/lib/python3.7/site-packages/airflow/example_dags/example_dag_decorator.py for tasks to queue
[2025-03-25T19:50:04.085+0000] {logging_mixin.py:137} INFO - [2025-03-25T19:50:04.084+0000] {dagbag.py:538} INFO - Filling up the DagBag from /home/airflow/.local/lib/python3.7/site-packages/airflow/example_dags/example_dag_decorator.py
[2025-03-25T19:50:04.455+0000] {logging_mixin.py:137} INFO - [2025-03-25T19:50:04.453+0000] {taskmixin.py:205} WARNING - Dependency <Task(_PythonDecoratedOperator): prepare_email>, send_email already registered for DAG: example_dag_decorator
[2025-03-25T19:50:04.459+0000] {logging_mixin.py:137} INFO - [2025-03-25T19:50:04.459+0000] {taskmixin.py:205} WARNING - Dependency <Task(EmailOperator): send_email>, prepare_email already registered for DAG: example_dag_decorator
[2025-03-25T19:50:04.649+0000] {processor.py:753} INFO - DAG(s) dict_keys(['example_dag_decorator']) retrieved from /home/airflow/.local/lib/python3.7/site-packages/airflow/example_dags/example_dag_decorator.py
[2025-03-25T19:50:06.942+0000] {logging_mixin.py:137} INFO - [2025-03-25T19:50:06.936+0000] {dag.py:2676} INFO - Sync 1 DAGs
[2025-03-25T19:50:07.116+0000] {logging_mixin.py:137} INFO - [2025-03-25T19:50:07.114+0000] {dag.py:3427} INFO - Setting next_dagrun for example_dag_decorator to None, run_after=None
[2025-03-25T19:50:07.335+0000] {processor.py:175} INFO - Processing /home/airflow/.local/lib/python3.7/site-packages/airflow/example_dags/example_dag_decorator.py took 3.311 seconds
