[2025-03-25T19:47:21.754+0000] {processor.py:153} INFO - Started process (PID=64) to work on /home/airflow/.local/lib/python3.7/site-packages/airflow/example_dags/example_kubernetes_executor.py
[2025-03-25T19:47:21.756+0000] {processor.py:743} INFO - Processing file /home/airflow/.local/lib/python3.7/site-packages/airflow/example_dags/example_kubernetes_executor.py for tasks to queue
[2025-03-25T19:47:21.758+0000] {logging_mixin.py:137} INFO - [2025-03-25T19:47:21.758+0000] {dagbag.py:538} INFO - Filling up the DagBag from /home/airflow/.local/lib/python3.7/site-packages/airflow/example_dags/example_kubernetes_executor.py
[2025-03-25T19:47:21.813+0000] {processor.py:753} INFO - DAG(s) dict_keys(['example_kubernetes_executor']) retrieved from /home/airflow/.local/lib/python3.7/site-packages/airflow/example_dags/example_kubernetes_executor.py
[2025-03-25T19:47:21.864+0000] {logging_mixin.py:137} INFO - [2025-03-25T19:47:21.864+0000] {dag.py:2676} INFO - Sync 1 DAGs
[2025-03-25T19:47:21.910+0000] {logging_mixin.py:137} INFO - [2025-03-25T19:47:21.910+0000] {dag.py:3427} INFO - Setting next_dagrun for example_kubernetes_executor to None, run_after=None
[2025-03-25T19:47:21.965+0000] {processor.py:175} INFO - Processing /home/airflow/.local/lib/python3.7/site-packages/airflow/example_dags/example_kubernetes_executor.py took 0.223 seconds
[2025-03-25T19:48:00.664+0000] {processor.py:153} INFO - Started process (PID=134) to work on /home/airflow/.local/lib/python3.7/site-packages/airflow/example_dags/example_kubernetes_executor.py
[2025-03-25T19:48:00.695+0000] {processor.py:743} INFO - Processing file /home/airflow/.local/lib/python3.7/site-packages/airflow/example_dags/example_kubernetes_executor.py for tasks to queue
[2025-03-25T19:48:00.707+0000] {logging_mixin.py:137} INFO - [2025-03-25T19:48:00.706+0000] {dagbag.py:538} INFO - Filling up the DagBag from /home/airflow/.local/lib/python3.7/site-packages/airflow/example_dags/example_kubernetes_executor.py
[2025-03-25T19:48:02.073+0000] {processor.py:753} INFO - DAG(s) dict_keys(['example_kubernetes_executor']) retrieved from /home/airflow/.local/lib/python3.7/site-packages/airflow/example_dags/example_kubernetes_executor.py
[2025-03-25T19:48:07.337+0000] {logging_mixin.py:137} INFO - [2025-03-25T19:48:07.336+0000] {dag.py:2676} INFO - Sync 1 DAGs
[2025-03-25T19:48:07.520+0000] {logging_mixin.py:137} INFO - [2025-03-25T19:48:07.519+0000] {dag.py:3427} INFO - Setting next_dagrun for example_kubernetes_executor to None, run_after=None
[2025-03-25T19:48:09.067+0000] {processor.py:175} INFO - Processing /home/airflow/.local/lib/python3.7/site-packages/airflow/example_dags/example_kubernetes_executor.py took 8.924 seconds
[2025-03-25T19:48:40.273+0000] {processor.py:153} INFO - Started process (PID=205) to work on /home/airflow/.local/lib/python3.7/site-packages/airflow/example_dags/example_kubernetes_executor.py
[2025-03-25T19:48:40.283+0000] {processor.py:743} INFO - Processing file /home/airflow/.local/lib/python3.7/site-packages/airflow/example_dags/example_kubernetes_executor.py for tasks to queue
[2025-03-25T19:48:40.292+0000] {logging_mixin.py:137} INFO - [2025-03-25T19:48:40.291+0000] {dagbag.py:538} INFO - Filling up the DagBag from /home/airflow/.local/lib/python3.7/site-packages/airflow/example_dags/example_kubernetes_executor.py
[2025-03-25T19:48:40.478+0000] {processor.py:753} INFO - DAG(s) dict_keys(['example_kubernetes_executor']) retrieved from /home/airflow/.local/lib/python3.7/site-packages/airflow/example_dags/example_kubernetes_executor.py
[2025-03-25T19:48:40.629+0000] {logging_mixin.py:137} INFO - [2025-03-25T19:48:40.628+0000] {dag.py:2676} INFO - Sync 1 DAGs
[2025-03-25T19:48:40.725+0000] {logging_mixin.py:137} INFO - [2025-03-25T19:48:40.725+0000] {dag.py:3427} INFO - Setting next_dagrun for example_kubernetes_executor to None, run_after=None
[2025-03-25T19:48:40.767+0000] {processor.py:175} INFO - Processing /home/airflow/.local/lib/python3.7/site-packages/airflow/example_dags/example_kubernetes_executor.py took 0.515 seconds
[2025-03-25T19:49:12.011+0000] {processor.py:153} INFO - Started process (PID=268) to work on /home/airflow/.local/lib/python3.7/site-packages/airflow/example_dags/example_kubernetes_executor.py
[2025-03-25T19:49:12.017+0000] {processor.py:743} INFO - Processing file /home/airflow/.local/lib/python3.7/site-packages/airflow/example_dags/example_kubernetes_executor.py for tasks to queue
[2025-03-25T19:49:12.019+0000] {logging_mixin.py:137} INFO - [2025-03-25T19:49:12.019+0000] {dagbag.py:538} INFO - Filling up the DagBag from /home/airflow/.local/lib/python3.7/site-packages/airflow/example_dags/example_kubernetes_executor.py
[2025-03-25T19:49:12.262+0000] {processor.py:753} INFO - DAG(s) dict_keys(['example_kubernetes_executor']) retrieved from /home/airflow/.local/lib/python3.7/site-packages/airflow/example_dags/example_kubernetes_executor.py
[2025-03-25T19:49:12.348+0000] {logging_mixin.py:137} INFO - [2025-03-25T19:49:12.347+0000] {dag.py:2676} INFO - Sync 1 DAGs
[2025-03-25T19:49:12.399+0000] {logging_mixin.py:137} INFO - [2025-03-25T19:49:12.399+0000] {dag.py:3427} INFO - Setting next_dagrun for example_kubernetes_executor to None, run_after=None
[2025-03-25T19:49:12.439+0000] {processor.py:175} INFO - Processing /home/airflow/.local/lib/python3.7/site-packages/airflow/example_dags/example_kubernetes_executor.py took 0.434 seconds
[2025-03-25T19:50:16.785+0000] {processor.py:153} INFO - Started process (PID=353) to work on /home/airflow/.local/lib/python3.7/site-packages/airflow/example_dags/example_kubernetes_executor.py
[2025-03-25T19:50:16.795+0000] {processor.py:743} INFO - Processing file /home/airflow/.local/lib/python3.7/site-packages/airflow/example_dags/example_kubernetes_executor.py for tasks to queue
[2025-03-25T19:50:16.815+0000] {logging_mixin.py:137} INFO - [2025-03-25T19:50:16.815+0000] {dagbag.py:538} INFO - Filling up the DagBag from /home/airflow/.local/lib/python3.7/site-packages/airflow/example_dags/example_kubernetes_executor.py
[2025-03-25T19:50:18.867+0000] {processor.py:753} INFO - DAG(s) dict_keys(['example_kubernetes_executor']) retrieved from /home/airflow/.local/lib/python3.7/site-packages/airflow/example_dags/example_kubernetes_executor.py
[2025-03-25T19:50:21.509+0000] {logging_mixin.py:137} INFO - [2025-03-25T19:50:21.474+0000] {dag.py:2676} INFO - Sync 1 DAGs
[2025-03-25T19:50:22.033+0000] {logging_mixin.py:137} INFO - [2025-03-25T19:50:22.031+0000] {dag.py:3427} INFO - Setting next_dagrun for example_kubernetes_executor to None, run_after=None
[2025-03-25T19:50:22.514+0000] {processor.py:175} INFO - Processing /home/airflow/.local/lib/python3.7/site-packages/airflow/example_dags/example_kubernetes_executor.py took 5.798 seconds
