[2025-03-25T19:47:24.330+0000] {processor.py:153} INFO - Started process (PID=79) to work on /home/airflow/.local/lib/python3.7/site-packages/airflow/example_dags/example_branch_operator_decorator.py
[2025-03-25T19:47:24.335+0000] {processor.py:743} INFO - Processing file /home/airflow/.local/lib/python3.7/site-packages/airflow/example_dags/example_branch_operator_decorator.py for tasks to queue
[2025-03-25T19:47:24.337+0000] {logging_mixin.py:137} INFO - [2025-03-25T19:47:24.337+0000] {dagbag.py:538} INFO - Filling up the DagBag from /home/airflow/.local/lib/python3.7/site-packages/airflow/example_dags/example_branch_operator_decorator.py
[2025-03-25T19:47:24.387+0000] {processor.py:753} INFO - DAG(s) dict_keys(['example_branch_python_operator_decorator']) retrieved from /home/airflow/.local/lib/python3.7/site-packages/airflow/example_dags/example_branch_operator_decorator.py
[2025-03-25T19:47:24.428+0000] {logging_mixin.py:137} INFO - [2025-03-25T19:47:24.427+0000] {dag.py:2676} INFO - Sync 1 DAGs
[2025-03-25T19:47:24.468+0000] {logging_mixin.py:137} INFO - [2025-03-25T19:47:24.468+0000] {dag.py:3427} INFO - Setting next_dagrun for example_branch_python_operator_decorator to 2025-03-24T00:00:00+00:00, run_after=2025-03-25T00:00:00+00:00
[2025-03-25T19:47:24.513+0000] {processor.py:175} INFO - Processing /home/airflow/.local/lib/python3.7/site-packages/airflow/example_dags/example_branch_operator_decorator.py took 0.186 seconds
[2025-03-25T19:48:22.119+0000] {processor.py:153} INFO - Started process (PID=165) to work on /home/airflow/.local/lib/python3.7/site-packages/airflow/example_dags/example_branch_operator_decorator.py
[2025-03-25T19:48:22.125+0000] {processor.py:743} INFO - Processing file /home/airflow/.local/lib/python3.7/site-packages/airflow/example_dags/example_branch_operator_decorator.py for tasks to queue
[2025-03-25T19:48:22.136+0000] {logging_mixin.py:137} INFO - [2025-03-25T19:48:22.135+0000] {dagbag.py:538} INFO - Filling up the DagBag from /home/airflow/.local/lib/python3.7/site-packages/airflow/example_dags/example_branch_operator_decorator.py
[2025-03-25T19:48:22.369+0000] {processor.py:753} INFO - DAG(s) dict_keys(['example_branch_python_operator_decorator']) retrieved from /home/airflow/.local/lib/python3.7/site-packages/airflow/example_dags/example_branch_operator_decorator.py
[2025-03-25T19:48:23.093+0000] {logging_mixin.py:137} INFO - [2025-03-25T19:48:23.091+0000] {dag.py:2676} INFO - Sync 1 DAGs
[2025-03-25T19:48:23.243+0000] {logging_mixin.py:137} INFO - [2025-03-25T19:48:23.242+0000] {dag.py:3427} INFO - Setting next_dagrun for example_branch_python_operator_decorator to 2025-03-24T00:00:00+00:00, run_after=2025-03-25T00:00:00+00:00
[2025-03-25T19:48:23.546+0000] {processor.py:175} INFO - Processing /home/airflow/.local/lib/python3.7/site-packages/airflow/example_dags/example_branch_operator_decorator.py took 1.489 seconds
[2025-03-25T19:48:54.034+0000] {processor.py:153} INFO - Started process (PID=236) to work on /home/airflow/.local/lib/python3.7/site-packages/airflow/example_dags/example_branch_operator_decorator.py
[2025-03-25T19:48:54.043+0000] {processor.py:743} INFO - Processing file /home/airflow/.local/lib/python3.7/site-packages/airflow/example_dags/example_branch_operator_decorator.py for tasks to queue
[2025-03-25T19:48:54.045+0000] {logging_mixin.py:137} INFO - [2025-03-25T19:48:54.044+0000] {dagbag.py:538} INFO - Filling up the DagBag from /home/airflow/.local/lib/python3.7/site-packages/airflow/example_dags/example_branch_operator_decorator.py
[2025-03-25T19:48:54.314+0000] {processor.py:753} INFO - DAG(s) dict_keys(['example_branch_python_operator_decorator']) retrieved from /home/airflow/.local/lib/python3.7/site-packages/airflow/example_dags/example_branch_operator_decorator.py
[2025-03-25T19:48:54.834+0000] {logging_mixin.py:137} INFO - [2025-03-25T19:48:54.829+0000] {dag.py:2676} INFO - Sync 1 DAGs
[2025-03-25T19:48:55.198+0000] {logging_mixin.py:137} INFO - [2025-03-25T19:48:55.197+0000] {dag.py:3427} INFO - Setting next_dagrun for example_branch_python_operator_decorator to 2025-03-24T00:00:00+00:00, run_after=2025-03-25T00:00:00+00:00
[2025-03-25T19:48:55.305+0000] {processor.py:175} INFO - Processing /home/airflow/.local/lib/python3.7/site-packages/airflow/example_dags/example_branch_operator_decorator.py took 1.302 seconds
[2025-03-25T19:49:27.218+0000] {processor.py:153} INFO - Started process (PID=290) to work on /home/airflow/.local/lib/python3.7/site-packages/airflow/example_dags/example_branch_operator_decorator.py
[2025-03-25T19:49:27.225+0000] {processor.py:743} INFO - Processing file /home/airflow/.local/lib/python3.7/site-packages/airflow/example_dags/example_branch_operator_decorator.py for tasks to queue
[2025-03-25T19:49:27.228+0000] {logging_mixin.py:137} INFO - [2025-03-25T19:49:27.228+0000] {dagbag.py:538} INFO - Filling up the DagBag from /home/airflow/.local/lib/python3.7/site-packages/airflow/example_dags/example_branch_operator_decorator.py
[2025-03-25T19:49:27.473+0000] {processor.py:753} INFO - DAG(s) dict_keys(['example_branch_python_operator_decorator']) retrieved from /home/airflow/.local/lib/python3.7/site-packages/airflow/example_dags/example_branch_operator_decorator.py
[2025-03-25T19:49:27.983+0000] {logging_mixin.py:137} INFO - [2025-03-25T19:49:27.983+0000] {dag.py:2676} INFO - Sync 1 DAGs
[2025-03-25T19:49:28.341+0000] {logging_mixin.py:137} INFO - [2025-03-25T19:49:28.311+0000] {dag.py:3427} INFO - Setting next_dagrun for example_branch_python_operator_decorator to 2025-03-24T00:00:00+00:00, run_after=2025-03-25T00:00:00+00:00
[2025-03-25T19:49:30.045+0000] {processor.py:175} INFO - Processing /home/airflow/.local/lib/python3.7/site-packages/airflow/example_dags/example_branch_operator_decorator.py took 2.845 seconds
[2025-03-25T19:55:02.402+0000] {processor.py:153} INFO - Started process (PID=487) to work on /home/airflow/.local/lib/python3.7/site-packages/airflow/example_dags/example_branch_operator_decorator.py
[2025-03-25T19:55:02.736+0000] {processor.py:743} INFO - Processing file /home/airflow/.local/lib/python3.7/site-packages/airflow/example_dags/example_branch_operator_decorator.py for tasks to queue
[2025-03-25T19:55:02.983+0000] {logging_mixin.py:137} INFO - [2025-03-25T19:55:02.927+0000] {dagbag.py:538} INFO - Filling up the DagBag from /home/airflow/.local/lib/python3.7/site-packages/airflow/example_dags/example_branch_operator_decorator.py
[2025-03-25T19:55:16.898+0000] {processor.py:753} INFO - DAG(s) dict_keys(['example_branch_python_operator_decorator']) retrieved from /home/airflow/.local/lib/python3.7/site-packages/airflow/example_dags/example_branch_operator_decorator.py
