[2025-03-25T19:47:22.741+0000] {processor.py:153} INFO - Started process (PID=70) to work on /home/airflow/.local/lib/python3.7/site-packages/airflow/example_dags/example_branch_python_dop_operator_3.py
[2025-03-25T19:47:22.744+0000] {processor.py:743} INFO - Processing file /home/airflow/.local/lib/python3.7/site-packages/airflow/example_dags/example_branch_python_dop_operator_3.py for tasks to queue
[2025-03-25T19:47:22.745+0000] {logging_mixin.py:137} INFO - [2025-03-25T19:47:22.745+0000] {dagbag.py:538} INFO - Filling up the DagBag from /home/airflow/.local/lib/python3.7/site-packages/airflow/example_dags/example_branch_python_dop_operator_3.py
[2025-03-25T19:47:22.833+0000] {processor.py:753} INFO - DAG(s) dict_keys(['example_branch_dop_operator_v3']) retrieved from /home/airflow/.local/lib/python3.7/site-packages/airflow/example_dags/example_branch_python_dop_operator_3.py
[2025-03-25T19:47:22.902+0000] {logging_mixin.py:137} INFO - [2025-03-25T19:47:22.902+0000] {dag.py:2676} INFO - Sync 1 DAGs
[2025-03-25T19:47:23.002+0000] {logging_mixin.py:137} INFO - [2025-03-25T19:47:23.001+0000] {dag.py:3427} INFO - Setting next_dagrun for example_branch_dop_operator_v3 to 2025-03-25T19:46:00+00:00, run_after=2025-03-25T19:47:00+00:00
[2025-03-25T19:47:23.050+0000] {processor.py:175} INFO - Processing /home/airflow/.local/lib/python3.7/site-packages/airflow/example_dags/example_branch_python_dop_operator_3.py took 0.319 seconds
[2025-03-25T19:48:11.324+0000] {processor.py:153} INFO - Started process (PID=149) to work on /home/airflow/.local/lib/python3.7/site-packages/airflow/example_dags/example_branch_python_dop_operator_3.py
[2025-03-25T19:48:11.325+0000] {processor.py:743} INFO - Processing file /home/airflow/.local/lib/python3.7/site-packages/airflow/example_dags/example_branch_python_dop_operator_3.py for tasks to queue
[2025-03-25T19:48:11.327+0000] {logging_mixin.py:137} INFO - [2025-03-25T19:48:11.327+0000] {dagbag.py:538} INFO - Filling up the DagBag from /home/airflow/.local/lib/python3.7/site-packages/airflow/example_dags/example_branch_python_dop_operator_3.py
[2025-03-25T19:48:11.593+0000] {processor.py:753} INFO - DAG(s) dict_keys(['example_branch_dop_operator_v3']) retrieved from /home/airflow/.local/lib/python3.7/site-packages/airflow/example_dags/example_branch_python_dop_operator_3.py
[2025-03-25T19:48:13.175+0000] {logging_mixin.py:137} INFO - [2025-03-25T19:48:13.174+0000] {dag.py:2676} INFO - Sync 1 DAGs
[2025-03-25T19:48:13.672+0000] {logging_mixin.py:137} INFO - [2025-03-25T19:48:13.672+0000] {dag.py:3427} INFO - Setting next_dagrun for example_branch_dop_operator_v3 to 2025-03-25T19:47:00+00:00, run_after=2025-03-25T19:48:00+00:00
[2025-03-25T19:48:13.838+0000] {processor.py:175} INFO - Processing /home/airflow/.local/lib/python3.7/site-packages/airflow/example_dags/example_branch_python_dop_operator_3.py took 2.530 seconds
[2025-03-25T19:48:44.311+0000] {processor.py:153} INFO - Started process (PID=209) to work on /home/airflow/.local/lib/python3.7/site-packages/airflow/example_dags/example_branch_python_dop_operator_3.py
[2025-03-25T19:48:44.349+0000] {processor.py:743} INFO - Processing file /home/airflow/.local/lib/python3.7/site-packages/airflow/example_dags/example_branch_python_dop_operator_3.py for tasks to queue
[2025-03-25T19:48:44.359+0000] {logging_mixin.py:137} INFO - [2025-03-25T19:48:44.358+0000] {dagbag.py:538} INFO - Filling up the DagBag from /home/airflow/.local/lib/python3.7/site-packages/airflow/example_dags/example_branch_python_dop_operator_3.py
[2025-03-25T19:48:44.762+0000] {processor.py:753} INFO - DAG(s) dict_keys(['example_branch_dop_operator_v3']) retrieved from /home/airflow/.local/lib/python3.7/site-packages/airflow/example_dags/example_branch_python_dop_operator_3.py
[2025-03-25T19:48:45.110+0000] {logging_mixin.py:137} INFO - [2025-03-25T19:48:45.109+0000] {dag.py:2676} INFO - Sync 1 DAGs
[2025-03-25T19:48:45.252+0000] {logging_mixin.py:137} INFO - [2025-03-25T19:48:45.252+0000] {dag.py:3427} INFO - Setting next_dagrun for example_branch_dop_operator_v3 to 2025-03-25T19:47:00+00:00, run_after=2025-03-25T19:48:00+00:00
[2025-03-25T19:48:45.376+0000] {processor.py:175} INFO - Processing /home/airflow/.local/lib/python3.7/site-packages/airflow/example_dags/example_branch_python_dop_operator_3.py took 1.132 seconds
[2025-03-25T19:49:16.023+0000] {processor.py:153} INFO - Started process (PID=281) to work on /home/airflow/.local/lib/python3.7/site-packages/airflow/example_dags/example_branch_python_dop_operator_3.py
[2025-03-25T19:49:16.039+0000] {processor.py:743} INFO - Processing file /home/airflow/.local/lib/python3.7/site-packages/airflow/example_dags/example_branch_python_dop_operator_3.py for tasks to queue
[2025-03-25T19:49:16.055+0000] {logging_mixin.py:137} INFO - [2025-03-25T19:49:16.049+0000] {dagbag.py:538} INFO - Filling up the DagBag from /home/airflow/.local/lib/python3.7/site-packages/airflow/example_dags/example_branch_python_dop_operator_3.py
[2025-03-25T19:49:16.276+0000] {processor.py:753} INFO - DAG(s) dict_keys(['example_branch_dop_operator_v3']) retrieved from /home/airflow/.local/lib/python3.7/site-packages/airflow/example_dags/example_branch_python_dop_operator_3.py
[2025-03-25T19:49:16.458+0000] {logging_mixin.py:137} INFO - [2025-03-25T19:49:16.458+0000] {dag.py:2676} INFO - Sync 1 DAGs
[2025-03-25T19:49:16.592+0000] {logging_mixin.py:137} INFO - [2025-03-25T19:49:16.592+0000] {dag.py:3427} INFO - Setting next_dagrun for example_branch_dop_operator_v3 to 2025-03-25T19:48:00+00:00, run_after=2025-03-25T19:49:00+00:00
[2025-03-25T19:49:16.713+0000] {processor.py:175} INFO - Processing /home/airflow/.local/lib/python3.7/site-packages/airflow/example_dags/example_branch_python_dop_operator_3.py took 0.732 seconds
[2025-03-25T19:50:49.813+0000] {processor.py:153} INFO - Started process (PID=377) to work on /home/airflow/.local/lib/python3.7/site-packages/airflow/example_dags/example_branch_python_dop_operator_3.py
[2025-03-25T19:50:49.923+0000] {processor.py:743} INFO - Processing file /home/airflow/.local/lib/python3.7/site-packages/airflow/example_dags/example_branch_python_dop_operator_3.py for tasks to queue
[2025-03-25T19:50:50.011+0000] {logging_mixin.py:137} INFO - [2025-03-25T19:50:50.010+0000] {dagbag.py:538} INFO - Filling up the DagBag from /home/airflow/.local/lib/python3.7/site-packages/airflow/example_dags/example_branch_python_dop_operator_3.py
[2025-03-25T19:50:56.155+0000] {processor.py:753} INFO - DAG(s) dict_keys(['example_branch_dop_operator_v3']) retrieved from /home/airflow/.local/lib/python3.7/site-packages/airflow/example_dags/example_branch_python_dop_operator_3.py
[2025-03-25T19:51:18.640+0000] {logging_mixin.py:137} INFO - [2025-03-25T19:51:18.563+0000] {dag.py:2676} INFO - Sync 1 DAGs
[2025-03-25T19:51:22.777+0000] {logging_mixin.py:137} INFO - [2025-03-25T19:51:22.684+0000] {dag.py:3427} INFO - Setting next_dagrun for example_branch_dop_operator_v3 to 2025-03-25T19:50:00+00:00, run_after=2025-03-25T19:51:00+00:00
[2025-03-25T19:51:30.726+0000] {processor.py:175} INFO - Processing /home/airflow/.local/lib/python3.7/site-packages/airflow/example_dags/example_branch_python_dop_operator_3.py took 41.568 seconds
