[2025-03-25T19:47:23.315+0000] {processor.py:153} INFO - Started process (PID=72) to work on /home/airflow/.local/lib/python3.7/site-packages/airflow/example_dags/example_nested_branch_dag.py
[2025-03-25T19:47:23.318+0000] {processor.py:743} INFO - Processing file /home/airflow/.local/lib/python3.7/site-packages/airflow/example_dags/example_nested_branch_dag.py for tasks to queue
[2025-03-25T19:47:23.320+0000] {logging_mixin.py:137} INFO - [2025-03-25T19:47:23.320+0000] {dagbag.py:538} INFO - Filling up the DagBag from /home/airflow/.local/lib/python3.7/site-packages/airflow/example_dags/example_nested_branch_dag.py
[2025-03-25T19:47:23.373+0000] {processor.py:753} INFO - DAG(s) dict_keys(['example_nested_branch_dag']) retrieved from /home/airflow/.local/lib/python3.7/site-packages/airflow/example_dags/example_nested_branch_dag.py
[2025-03-25T19:47:23.437+0000] {logging_mixin.py:137} INFO - [2025-03-25T19:47:23.436+0000] {dag.py:2676} INFO - Sync 1 DAGs
[2025-03-25T19:47:23.496+0000] {logging_mixin.py:137} INFO - [2025-03-25T19:47:23.495+0000] {dag.py:3427} INFO - Setting next_dagrun for example_nested_branch_dag to 2025-03-24T00:00:00+00:00, run_after=2025-03-25T00:00:00+00:00
[2025-03-25T19:47:23.526+0000] {processor.py:175} INFO - Processing /home/airflow/.local/lib/python3.7/site-packages/airflow/example_dags/example_nested_branch_dag.py took 0.215 seconds
[2025-03-25T19:48:14.233+0000] {processor.py:153} INFO - Started process (PID=151) to work on /home/airflow/.local/lib/python3.7/site-packages/airflow/example_dags/example_nested_branch_dag.py
[2025-03-25T19:48:14.318+0000] {processor.py:743} INFO - Processing file /home/airflow/.local/lib/python3.7/site-packages/airflow/example_dags/example_nested_branch_dag.py for tasks to queue
[2025-03-25T19:48:14.322+0000] {logging_mixin.py:137} INFO - [2025-03-25T19:48:14.322+0000] {dagbag.py:538} INFO - Filling up the DagBag from /home/airflow/.local/lib/python3.7/site-packages/airflow/example_dags/example_nested_branch_dag.py
[2025-03-25T19:48:14.508+0000] {processor.py:753} INFO - DAG(s) dict_keys(['example_nested_branch_dag']) retrieved from /home/airflow/.local/lib/python3.7/site-packages/airflow/example_dags/example_nested_branch_dag.py
[2025-03-25T19:48:15.599+0000] {logging_mixin.py:137} INFO - [2025-03-25T19:48:15.594+0000] {dag.py:2676} INFO - Sync 1 DAGs
[2025-03-25T19:48:15.872+0000] {logging_mixin.py:137} INFO - [2025-03-25T19:48:15.871+0000] {dag.py:3427} INFO - Setting next_dagrun for example_nested_branch_dag to 2025-03-24T00:00:00+00:00, run_after=2025-03-25T00:00:00+00:00
[2025-03-25T19:48:15.993+0000] {processor.py:175} INFO - Processing /home/airflow/.local/lib/python3.7/site-packages/airflow/example_dags/example_nested_branch_dag.py took 1.769 seconds
[2025-03-25T19:48:46.770+0000] {processor.py:153} INFO - Started process (PID=212) to work on /home/airflow/.local/lib/python3.7/site-packages/airflow/example_dags/example_nested_branch_dag.py
[2025-03-25T19:48:46.788+0000] {processor.py:743} INFO - Processing file /home/airflow/.local/lib/python3.7/site-packages/airflow/example_dags/example_nested_branch_dag.py for tasks to queue
[2025-03-25T19:48:46.816+0000] {logging_mixin.py:137} INFO - [2025-03-25T19:48:46.816+0000] {dagbag.py:538} INFO - Filling up the DagBag from /home/airflow/.local/lib/python3.7/site-packages/airflow/example_dags/example_nested_branch_dag.py
[2025-03-25T19:48:47.117+0000] {processor.py:753} INFO - DAG(s) dict_keys(['example_nested_branch_dag']) retrieved from /home/airflow/.local/lib/python3.7/site-packages/airflow/example_dags/example_nested_branch_dag.py
[2025-03-25T19:48:47.424+0000] {logging_mixin.py:137} INFO - [2025-03-25T19:48:47.423+0000] {dag.py:2676} INFO - Sync 1 DAGs
[2025-03-25T19:48:47.965+0000] {logging_mixin.py:137} INFO - [2025-03-25T19:48:47.965+0000] {dag.py:3427} INFO - Setting next_dagrun for example_nested_branch_dag to 2025-03-24T00:00:00+00:00, run_after=2025-03-25T00:00:00+00:00
[2025-03-25T19:48:48.024+0000] {processor.py:175} INFO - Processing /home/airflow/.local/lib/python3.7/site-packages/airflow/example_dags/example_nested_branch_dag.py took 1.300 seconds
[2025-03-25T19:49:19.013+0000] {processor.py:153} INFO - Started process (PID=283) to work on /home/airflow/.local/lib/python3.7/site-packages/airflow/example_dags/example_nested_branch_dag.py
[2025-03-25T19:49:19.019+0000] {processor.py:743} INFO - Processing file /home/airflow/.local/lib/python3.7/site-packages/airflow/example_dags/example_nested_branch_dag.py for tasks to queue
[2025-03-25T19:49:19.025+0000] {logging_mixin.py:137} INFO - [2025-03-25T19:49:19.024+0000] {dagbag.py:538} INFO - Filling up the DagBag from /home/airflow/.local/lib/python3.7/site-packages/airflow/example_dags/example_nested_branch_dag.py
[2025-03-25T19:49:19.224+0000] {processor.py:753} INFO - DAG(s) dict_keys(['example_nested_branch_dag']) retrieved from /home/airflow/.local/lib/python3.7/site-packages/airflow/example_dags/example_nested_branch_dag.py
[2025-03-25T19:49:19.550+0000] {logging_mixin.py:137} INFO - [2025-03-25T19:49:19.549+0000] {dag.py:2676} INFO - Sync 1 DAGs
[2025-03-25T19:49:19.674+0000] {logging_mixin.py:137} INFO - [2025-03-25T19:49:19.674+0000] {dag.py:3427} INFO - Setting next_dagrun for example_nested_branch_dag to 2025-03-24T00:00:00+00:00, run_after=2025-03-25T00:00:00+00:00
[2025-03-25T19:49:19.887+0000] {processor.py:175} INFO - Processing /home/airflow/.local/lib/python3.7/site-packages/airflow/example_dags/example_nested_branch_dag.py took 0.917 seconds
[2025-03-25T19:51:38.521+0000] {processor.py:153} INFO - Started process (PID=412) to work on /home/airflow/.local/lib/python3.7/site-packages/airflow/example_dags/example_nested_branch_dag.py
[2025-03-25T19:51:38.801+0000] {processor.py:743} INFO - Processing file /home/airflow/.local/lib/python3.7/site-packages/airflow/example_dags/example_nested_branch_dag.py for tasks to queue
[2025-03-25T19:51:38.934+0000] {logging_mixin.py:137} INFO - [2025-03-25T19:51:38.933+0000] {dagbag.py:538} INFO - Filling up the DagBag from /home/airflow/.local/lib/python3.7/site-packages/airflow/example_dags/example_nested_branch_dag.py
[2025-03-25T19:51:43.839+0000] {processor.py:753} INFO - DAG(s) dict_keys(['example_nested_branch_dag']) retrieved from /home/airflow/.local/lib/python3.7/site-packages/airflow/example_dags/example_nested_branch_dag.py
[2025-03-25T19:51:49.658+0000] {logging_mixin.py:137} INFO - [2025-03-25T19:51:49.591+0000] {dag.py:2676} INFO - Sync 1 DAGs
[2025-03-25T19:51:53.125+0000] {logging_mixin.py:137} INFO - [2025-03-25T19:51:53.052+0000] {dag.py:3427} INFO - Setting next_dagrun for example_nested_branch_dag to 2025-03-24T00:00:00+00:00, run_after=2025-03-25T00:00:00+00:00
[2025-03-25T19:52:08.100+0000] {processor.py:175} INFO - Processing /home/airflow/.local/lib/python3.7/site-packages/airflow/example_dags/example_nested_branch_dag.py took 29.730 seconds
