[2025-03-25T19:47:25.399+0000] {processor.py:153} INFO - Started process (PID=86) to work on /home/airflow/.local/lib/python3.7/site-packages/airflow/example_dags/example_branch_datetime_operator.py
[2025-03-25T19:47:25.401+0000] {processor.py:743} INFO - Processing file /home/airflow/.local/lib/python3.7/site-packages/airflow/example_dags/example_branch_datetime_operator.py for tasks to queue
[2025-03-25T19:47:25.404+0000] {logging_mixin.py:137} INFO - [2025-03-25T19:47:25.404+0000] {dagbag.py:538} INFO - Filling up the DagBag from /home/airflow/.local/lib/python3.7/site-packages/airflow/example_dags/example_branch_datetime_operator.py
[2025-03-25T19:47:25.440+0000] {processor.py:753} INFO - DAG(s) dict_keys(['example_branch_datetime_operator', 'example_branch_datetime_operator_3', 'example_branch_datetime_operator_2']) retrieved from /home/airflow/.local/lib/python3.7/site-packages/airflow/example_dags/example_branch_datetime_operator.py
[2025-03-25T19:47:25.500+0000] {logging_mixin.py:137} INFO - [2025-03-25T19:47:25.500+0000] {dag.py:2676} INFO - Sync 3 DAGs
[2025-03-25T19:47:25.536+0000] {logging_mixin.py:137} INFO - [2025-03-25T19:47:25.535+0000] {dag.py:3427} INFO - Setting next_dagrun for example_branch_datetime_operator to 2025-03-24T00:00:00+00:00, run_after=2025-03-25T00:00:00+00:00
[2025-03-25T19:47:25.541+0000] {logging_mixin.py:137} INFO - [2025-03-25T19:47:25.540+0000] {dag.py:3427} INFO - Setting next_dagrun for example_branch_datetime_operator_2 to 2025-03-24T00:00:00+00:00, run_after=2025-03-25T00:00:00+00:00
[2025-03-25T19:47:25.543+0000] {logging_mixin.py:137} INFO - [2025-03-25T19:47:25.543+0000] {dag.py:3427} INFO - Setting next_dagrun for example_branch_datetime_operator_3 to 2025-03-24T00:00:00+00:00, run_after=2025-03-25T00:00:00+00:00
[2025-03-25T19:47:25.568+0000] {processor.py:175} INFO - Processing /home/airflow/.local/lib/python3.7/site-packages/airflow/example_dags/example_branch_datetime_operator.py took 0.173 seconds
[2025-03-25T19:48:27.787+0000] {processor.py:153} INFO - Started process (PID=172) to work on /home/airflow/.local/lib/python3.7/site-packages/airflow/example_dags/example_branch_datetime_operator.py
[2025-03-25T19:48:27.796+0000] {processor.py:743} INFO - Processing file /home/airflow/.local/lib/python3.7/site-packages/airflow/example_dags/example_branch_datetime_operator.py for tasks to queue
[2025-03-25T19:48:27.799+0000] {logging_mixin.py:137} INFO - [2025-03-25T19:48:27.798+0000] {dagbag.py:538} INFO - Filling up the DagBag from /home/airflow/.local/lib/python3.7/site-packages/airflow/example_dags/example_branch_datetime_operator.py
[2025-03-25T19:48:27.882+0000] {processor.py:753} INFO - DAG(s) dict_keys(['example_branch_datetime_operator_2', 'example_branch_datetime_operator', 'example_branch_datetime_operator_3']) retrieved from /home/airflow/.local/lib/python3.7/site-packages/airflow/example_dags/example_branch_datetime_operator.py
[2025-03-25T19:48:28.148+0000] {logging_mixin.py:137} INFO - [2025-03-25T19:48:28.147+0000] {dag.py:2676} INFO - Sync 3 DAGs
[2025-03-25T19:48:28.378+0000] {logging_mixin.py:137} INFO - [2025-03-25T19:48:28.376+0000] {dag.py:3427} INFO - Setting next_dagrun for example_branch_datetime_operator to 2025-03-24T00:00:00+00:00, run_after=2025-03-25T00:00:00+00:00
[2025-03-25T19:48:28.425+0000] {logging_mixin.py:137} INFO - [2025-03-25T19:48:28.424+0000] {dag.py:3427} INFO - Setting next_dagrun for example_branch_datetime_operator_2 to 2025-03-24T00:00:00+00:00, run_after=2025-03-25T00:00:00+00:00
[2025-03-25T19:48:28.474+0000] {logging_mixin.py:137} INFO - [2025-03-25T19:48:28.473+0000] {dag.py:3427} INFO - Setting next_dagrun for example_branch_datetime_operator_3 to 2025-03-24T00:00:00+00:00, run_after=2025-03-25T00:00:00+00:00
[2025-03-25T19:48:29.029+0000] {processor.py:175} INFO - Processing /home/airflow/.local/lib/python3.7/site-packages/airflow/example_dags/example_branch_datetime_operator.py took 1.258 seconds
[2025-03-25T19:49:00.778+0000] {processor.py:153} INFO - Started process (PID=243) to work on /home/airflow/.local/lib/python3.7/site-packages/airflow/example_dags/example_branch_datetime_operator.py
[2025-03-25T19:49:00.797+0000] {processor.py:743} INFO - Processing file /home/airflow/.local/lib/python3.7/site-packages/airflow/example_dags/example_branch_datetime_operator.py for tasks to queue
[2025-03-25T19:49:00.800+0000] {logging_mixin.py:137} INFO - [2025-03-25T19:49:00.799+0000] {dagbag.py:538} INFO - Filling up the DagBag from /home/airflow/.local/lib/python3.7/site-packages/airflow/example_dags/example_branch_datetime_operator.py
[2025-03-25T19:49:01.045+0000] {processor.py:753} INFO - DAG(s) dict_keys(['example_branch_datetime_operator', 'example_branch_datetime_operator_2', 'example_branch_datetime_operator_3']) retrieved from /home/airflow/.local/lib/python3.7/site-packages/airflow/example_dags/example_branch_datetime_operator.py
[2025-03-25T19:49:01.279+0000] {logging_mixin.py:137} INFO - [2025-03-25T19:49:01.278+0000] {dag.py:2676} INFO - Sync 3 DAGs
[2025-03-25T19:49:01.442+0000] {logging_mixin.py:137} INFO - [2025-03-25T19:49:01.441+0000] {dag.py:3427} INFO - Setting next_dagrun for example_branch_datetime_operator to 2025-03-24T00:00:00+00:00, run_after=2025-03-25T00:00:00+00:00
[2025-03-25T19:49:01.453+0000] {logging_mixin.py:137} INFO - [2025-03-25T19:49:01.452+0000] {dag.py:3427} INFO - Setting next_dagrun for example_branch_datetime_operator_2 to 2025-03-24T00:00:00+00:00, run_after=2025-03-25T00:00:00+00:00
[2025-03-25T19:49:01.462+0000] {logging_mixin.py:137} INFO - [2025-03-25T19:49:01.462+0000] {dag.py:3427} INFO - Setting next_dagrun for example_branch_datetime_operator_3 to 2025-03-24T00:00:00+00:00, run_after=2025-03-25T00:00:00+00:00
[2025-03-25T19:49:01.523+0000] {processor.py:175} INFO - Processing /home/airflow/.local/lib/python3.7/site-packages/airflow/example_dags/example_branch_datetime_operator.py took 0.785 seconds
[2025-03-25T19:49:39.742+0000] {processor.py:153} INFO - Started process (PID=307) to work on /home/airflow/.local/lib/python3.7/site-packages/airflow/example_dags/example_branch_datetime_operator.py
[2025-03-25T19:49:39.776+0000] {processor.py:743} INFO - Processing file /home/airflow/.local/lib/python3.7/site-packages/airflow/example_dags/example_branch_datetime_operator.py for tasks to queue
[2025-03-25T19:49:39.790+0000] {logging_mixin.py:137} INFO - [2025-03-25T19:49:39.790+0000] {dagbag.py:538} INFO - Filling up the DagBag from /home/airflow/.local/lib/python3.7/site-packages/airflow/example_dags/example_branch_datetime_operator.py
[2025-03-25T19:49:40.395+0000] {processor.py:753} INFO - DAG(s) dict_keys(['example_branch_datetime_operator_2', 'example_branch_datetime_operator', 'example_branch_datetime_operator_3']) retrieved from /home/airflow/.local/lib/python3.7/site-packages/airflow/example_dags/example_branch_datetime_operator.py
[2025-03-25T19:49:41.761+0000] {logging_mixin.py:137} INFO - [2025-03-25T19:49:41.754+0000] {dag.py:2676} INFO - Sync 3 DAGs
[2025-03-25T19:49:42.484+0000] {logging_mixin.py:137} INFO - [2025-03-25T19:49:42.482+0000] {dag.py:3427} INFO - Setting next_dagrun for example_branch_datetime_operator to 2025-03-24T00:00:00+00:00, run_after=2025-03-25T00:00:00+00:00
[2025-03-25T19:49:42.542+0000] {logging_mixin.py:137} INFO - [2025-03-25T19:49:42.542+0000] {dag.py:3427} INFO - Setting next_dagrun for example_branch_datetime_operator_2 to 2025-03-24T00:00:00+00:00, run_after=2025-03-25T00:00:00+00:00
[2025-03-25T19:49:42.546+0000] {logging_mixin.py:137} INFO - [2025-03-25T19:49:42.546+0000] {dag.py:3427} INFO - Setting next_dagrun for example_branch_datetime_operator_3 to 2025-03-24T00:00:00+00:00, run_after=2025-03-25T00:00:00+00:00
[2025-03-25T19:49:43.529+0000] {processor.py:175} INFO - Processing /home/airflow/.local/lib/python3.7/site-packages/airflow/example_dags/example_branch_datetime_operator.py took 3.868 seconds
