[2025-03-25T19:47:20.229+0000] {processor.py:153} INFO - Started process (PID=54) to work on /home/airflow/.local/lib/python3.7/site-packages/airflow/example_dags/example_task_group_decorator.py
[2025-03-25T19:47:20.230+0000] {processor.py:743} INFO - Processing file /home/airflow/.local/lib/python3.7/site-packages/airflow/example_dags/example_task_group_decorator.py for tasks to queue
[2025-03-25T19:47:20.231+0000] {logging_mixin.py:137} INFO - [2025-03-25T19:47:20.231+0000] {dagbag.py:538} INFO - Filling up the DagBag from /home/airflow/.local/lib/python3.7/site-packages/airflow/example_dags/example_task_group_decorator.py
[2025-03-25T19:47:20.287+0000] {processor.py:753} INFO - DAG(s) dict_keys(['example_task_group_decorator']) retrieved from /home/airflow/.local/lib/python3.7/site-packages/airflow/example_dags/example_task_group_decorator.py
[2025-03-25T19:47:20.345+0000] {logging_mixin.py:137} INFO - [2025-03-25T19:47:20.345+0000] {dag.py:2676} INFO - Sync 1 DAGs
[2025-03-25T19:47:20.382+0000] {logging_mixin.py:137} INFO - [2025-03-25T19:47:20.382+0000] {dag.py:3427} INFO - Setting next_dagrun for example_task_group_decorator to 2025-03-24T19:47:20.382264+00:00, run_after=2025-03-25T19:47:20.382264+00:00
[2025-03-25T19:47:20.408+0000] {processor.py:175} INFO - Processing /home/airflow/.local/lib/python3.7/site-packages/airflow/example_dags/example_task_group_decorator.py took 0.182 seconds
[2025-03-25T19:47:53.222+0000] {processor.py:153} INFO - Started process (PID=124) to work on /home/airflow/.local/lib/python3.7/site-packages/airflow/example_dags/example_task_group_decorator.py
[2025-03-25T19:47:53.233+0000] {processor.py:743} INFO - Processing file /home/airflow/.local/lib/python3.7/site-packages/airflow/example_dags/example_task_group_decorator.py for tasks to queue
[2025-03-25T19:47:53.252+0000] {logging_mixin.py:137} INFO - [2025-03-25T19:47:53.250+0000] {dagbag.py:538} INFO - Filling up the DagBag from /home/airflow/.local/lib/python3.7/site-packages/airflow/example_dags/example_task_group_decorator.py
[2025-03-25T19:47:53.426+0000] {processor.py:753} INFO - DAG(s) dict_keys(['example_task_group_decorator']) retrieved from /home/airflow/.local/lib/python3.7/site-packages/airflow/example_dags/example_task_group_decorator.py
[2025-03-25T19:47:53.984+0000] {logging_mixin.py:137} INFO - [2025-03-25T19:47:53.977+0000] {dag.py:2676} INFO - Sync 1 DAGs
[2025-03-25T19:47:54.250+0000] {logging_mixin.py:137} INFO - [2025-03-25T19:47:54.250+0000] {dag.py:3427} INFO - Setting next_dagrun for example_task_group_decorator to 2025-03-24T19:47:54.242017+00:00, run_after=2025-03-25T19:47:54.242017+00:00
[2025-03-25T19:47:54.389+0000] {processor.py:175} INFO - Processing /home/airflow/.local/lib/python3.7/site-packages/airflow/example_dags/example_task_group_decorator.py took 1.204 seconds
[2025-03-25T19:48:31.260+0000] {processor.py:153} INFO - Started process (PID=185) to work on /home/airflow/.local/lib/python3.7/site-packages/airflow/example_dags/example_task_group_decorator.py
[2025-03-25T19:48:31.264+0000] {processor.py:743} INFO - Processing file /home/airflow/.local/lib/python3.7/site-packages/airflow/example_dags/example_task_group_decorator.py for tasks to queue
[2025-03-25T19:48:31.266+0000] {logging_mixin.py:137} INFO - [2025-03-25T19:48:31.266+0000] {dagbag.py:538} INFO - Filling up the DagBag from /home/airflow/.local/lib/python3.7/site-packages/airflow/example_dags/example_task_group_decorator.py
[2025-03-25T19:48:31.395+0000] {processor.py:753} INFO - DAG(s) dict_keys(['example_task_group_decorator']) retrieved from /home/airflow/.local/lib/python3.7/site-packages/airflow/example_dags/example_task_group_decorator.py
[2025-03-25T19:48:31.740+0000] {logging_mixin.py:137} INFO - [2025-03-25T19:48:31.739+0000] {dag.py:2676} INFO - Sync 1 DAGs
[2025-03-25T19:48:31.840+0000] {logging_mixin.py:137} INFO - [2025-03-25T19:48:31.838+0000] {dag.py:3427} INFO - Setting next_dagrun for example_task_group_decorator to 2025-03-24T19:48:31.836163+00:00, run_after=2025-03-25T19:48:31.836163+00:00
[2025-03-25T19:48:32.185+0000] {processor.py:175} INFO - Processing /home/airflow/.local/lib/python3.7/site-packages/airflow/example_dags/example_task_group_decorator.py took 0.942 seconds
[2025-03-25T19:49:03.218+0000] {processor.py:153} INFO - Started process (PID=247) to work on /home/airflow/.local/lib/python3.7/site-packages/airflow/example_dags/example_task_group_decorator.py
[2025-03-25T19:49:03.225+0000] {processor.py:743} INFO - Processing file /home/airflow/.local/lib/python3.7/site-packages/airflow/example_dags/example_task_group_decorator.py for tasks to queue
[2025-03-25T19:49:03.232+0000] {logging_mixin.py:137} INFO - [2025-03-25T19:49:03.232+0000] {dagbag.py:538} INFO - Filling up the DagBag from /home/airflow/.local/lib/python3.7/site-packages/airflow/example_dags/example_task_group_decorator.py
[2025-03-25T19:49:03.438+0000] {processor.py:753} INFO - DAG(s) dict_keys(['example_task_group_decorator']) retrieved from /home/airflow/.local/lib/python3.7/site-packages/airflow/example_dags/example_task_group_decorator.py
[2025-03-25T19:49:03.580+0000] {logging_mixin.py:137} INFO - [2025-03-25T19:49:03.580+0000] {dag.py:2676} INFO - Sync 1 DAGs
[2025-03-25T19:49:03.721+0000] {logging_mixin.py:137} INFO - [2025-03-25T19:49:03.720+0000] {dag.py:3427} INFO - Setting next_dagrun for example_task_group_decorator to 2025-03-24T19:49:03.710907+00:00, run_after=2025-03-25T19:49:03.710907+00:00
[2025-03-25T19:49:03.828+0000] {processor.py:175} INFO - Processing /home/airflow/.local/lib/python3.7/site-packages/airflow/example_dags/example_task_group_decorator.py took 0.623 seconds
[2025-03-25T19:49:46.233+0000] {processor.py:153} INFO - Started process (PID=316) to work on /home/airflow/.local/lib/python3.7/site-packages/airflow/example_dags/example_task_group_decorator.py
[2025-03-25T19:49:46.554+0000] {processor.py:743} INFO - Processing file /home/airflow/.local/lib/python3.7/site-packages/airflow/example_dags/example_task_group_decorator.py for tasks to queue
[2025-03-25T19:49:46.883+0000] {logging_mixin.py:137} INFO - [2025-03-25T19:49:46.573+0000] {dagbag.py:538} INFO - Filling up the DagBag from /home/airflow/.local/lib/python3.7/site-packages/airflow/example_dags/example_task_group_decorator.py
[2025-03-25T19:49:52.172+0000] {processor.py:753} INFO - DAG(s) dict_keys(['example_task_group_decorator']) retrieved from /home/airflow/.local/lib/python3.7/site-packages/airflow/example_dags/example_task_group_decorator.py
[2025-03-25T19:49:56.260+0000] {logging_mixin.py:137} INFO - [2025-03-25T19:49:56.251+0000] {dag.py:2676} INFO - Sync 1 DAGs
[2025-03-25T19:49:57.008+0000] {logging_mixin.py:137} INFO - [2025-03-25T19:49:57.000+0000] {dag.py:3427} INFO - Setting next_dagrun for example_task_group_decorator to 2025-03-24T19:49:56.989850+00:00, run_after=2025-03-25T19:49:56.989850+00:00
[2025-03-25T19:49:58.203+0000] {processor.py:175} INFO - Processing /home/airflow/.local/lib/python3.7/site-packages/airflow/example_dags/example_task_group_decorator.py took 12.312 seconds
[2025-03-25T19:59:01.664+0000] {processor.py:153} INFO - Started process (PID=589) to work on /home/airflow/.local/lib/python3.7/site-packages/airflow/example_dags/example_task_group_decorator.py
[2025-03-25T19:59:02.107+0000] {processor.py:743} INFO - Processing file /home/airflow/.local/lib/python3.7/site-packages/airflow/example_dags/example_task_group_decorator.py for tasks to queue
[2025-03-25T19:59:02.565+0000] {logging_mixin.py:137} INFO - [2025-03-25T19:59:02.526+0000] {dagbag.py:538} INFO - Filling up the DagBag from /home/airflow/.local/lib/python3.7/site-packages/airflow/example_dags/example_task_group_decorator.py
[2025-03-25T19:59:22.547+0000] {processor.py:753} INFO - DAG(s) dict_keys(['example_task_group_decorator']) retrieved from /home/airflow/.local/lib/python3.7/site-packages/airflow/example_dags/example_task_group_decorator.py
