[2025-03-25T19:47:21.748+0000] {processor.py:153} INFO - Started process (PID=65) to work on /home/airflow/.local/lib/python3.7/site-packages/airflow/example_dags/example_latest_only_with_trigger.py
[2025-03-25T19:47:21.749+0000] {processor.py:743} INFO - Processing file /home/airflow/.local/lib/python3.7/site-packages/airflow/example_dags/example_latest_only_with_trigger.py for tasks to queue
[2025-03-25T19:47:21.750+0000] {logging_mixin.py:137} INFO - [2025-03-25T19:47:21.749+0000] {dagbag.py:538} INFO - Filling up the DagBag from /home/airflow/.local/lib/python3.7/site-packages/airflow/example_dags/example_latest_only_with_trigger.py
[2025-03-25T19:47:21.810+0000] {processor.py:753} INFO - DAG(s) dict_keys(['latest_only_with_trigger']) retrieved from /home/airflow/.local/lib/python3.7/site-packages/airflow/example_dags/example_latest_only_with_trigger.py
[2025-03-25T19:47:21.855+0000] {logging_mixin.py:137} INFO - [2025-03-25T19:47:21.854+0000] {dag.py:2676} INFO - Sync 1 DAGs
[2025-03-25T19:47:21.887+0000] {logging_mixin.py:137} INFO - [2025-03-25T19:47:21.886+0000] {dag.py:3427} INFO - Setting next_dagrun for latest_only_with_trigger to 2025-03-25T15:47:21.886554+00:00, run_after=2025-03-25T19:47:21.886554+00:00
[2025-03-25T19:47:21.986+0000] {processor.py:175} INFO - Processing /home/airflow/.local/lib/python3.7/site-packages/airflow/example_dags/example_latest_only_with_trigger.py took 0.241 seconds
[2025-03-25T19:48:00.937+0000] {processor.py:153} INFO - Started process (PID=135) to work on /home/airflow/.local/lib/python3.7/site-packages/airflow/example_dags/example_latest_only_with_trigger.py
[2025-03-25T19:48:01.077+0000] {processor.py:743} INFO - Processing file /home/airflow/.local/lib/python3.7/site-packages/airflow/example_dags/example_latest_only_with_trigger.py for tasks to queue
[2025-03-25T19:48:01.095+0000] {logging_mixin.py:137} INFO - [2025-03-25T19:48:01.094+0000] {dagbag.py:538} INFO - Filling up the DagBag from /home/airflow/.local/lib/python3.7/site-packages/airflow/example_dags/example_latest_only_with_trigger.py
[2025-03-25T19:48:01.784+0000] {processor.py:753} INFO - DAG(s) dict_keys(['latest_only_with_trigger']) retrieved from /home/airflow/.local/lib/python3.7/site-packages/airflow/example_dags/example_latest_only_with_trigger.py
[2025-03-25T19:48:06.852+0000] {logging_mixin.py:137} INFO - [2025-03-25T19:48:06.847+0000] {dag.py:2676} INFO - Sync 1 DAGs
[2025-03-25T19:48:07.338+0000] {logging_mixin.py:137} INFO - [2025-03-25T19:48:07.337+0000] {dag.py:3427} INFO - Setting next_dagrun for latest_only_with_trigger to 2025-03-25T15:48:07.334792+00:00, run_after=2025-03-25T19:48:07.334792+00:00
[2025-03-25T19:48:08.697+0000] {processor.py:175} INFO - Processing /home/airflow/.local/lib/python3.7/site-packages/airflow/example_dags/example_latest_only_with_trigger.py took 7.864 seconds
[2025-03-25T19:48:39.119+0000] {processor.py:153} INFO - Started process (PID=204) to work on /home/airflow/.local/lib/python3.7/site-packages/airflow/example_dags/example_latest_only_with_trigger.py
[2025-03-25T19:48:39.128+0000] {processor.py:743} INFO - Processing file /home/airflow/.local/lib/python3.7/site-packages/airflow/example_dags/example_latest_only_with_trigger.py for tasks to queue
[2025-03-25T19:48:39.132+0000] {logging_mixin.py:137} INFO - [2025-03-25T19:48:39.131+0000] {dagbag.py:538} INFO - Filling up the DagBag from /home/airflow/.local/lib/python3.7/site-packages/airflow/example_dags/example_latest_only_with_trigger.py
[2025-03-25T19:48:39.205+0000] {processor.py:753} INFO - DAG(s) dict_keys(['latest_only_with_trigger']) retrieved from /home/airflow/.local/lib/python3.7/site-packages/airflow/example_dags/example_latest_only_with_trigger.py
[2025-03-25T19:48:39.364+0000] {logging_mixin.py:137} INFO - [2025-03-25T19:48:39.364+0000] {dag.py:2676} INFO - Sync 1 DAGs
[2025-03-25T19:48:39.503+0000] {logging_mixin.py:137} INFO - [2025-03-25T19:48:39.503+0000] {dag.py:3427} INFO - Setting next_dagrun for latest_only_with_trigger to 2025-03-25T15:48:39.497457+00:00, run_after=2025-03-25T19:48:39.497457+00:00
[2025-03-25T19:48:40.121+0000] {processor.py:175} INFO - Processing /home/airflow/.local/lib/python3.7/site-packages/airflow/example_dags/example_latest_only_with_trigger.py took 1.025 seconds
[2025-03-25T19:49:12.012+0000] {processor.py:153} INFO - Started process (PID=269) to work on /home/airflow/.local/lib/python3.7/site-packages/airflow/example_dags/example_latest_only_with_trigger.py
[2025-03-25T19:49:12.017+0000] {processor.py:743} INFO - Processing file /home/airflow/.local/lib/python3.7/site-packages/airflow/example_dags/example_latest_only_with_trigger.py for tasks to queue
[2025-03-25T19:49:12.021+0000] {logging_mixin.py:137} INFO - [2025-03-25T19:49:12.021+0000] {dagbag.py:538} INFO - Filling up the DagBag from /home/airflow/.local/lib/python3.7/site-packages/airflow/example_dags/example_latest_only_with_trigger.py
[2025-03-25T19:49:12.064+0000] {processor.py:753} INFO - DAG(s) dict_keys(['latest_only_with_trigger']) retrieved from /home/airflow/.local/lib/python3.7/site-packages/airflow/example_dags/example_latest_only_with_trigger.py
[2025-03-25T19:49:12.157+0000] {logging_mixin.py:137} INFO - [2025-03-25T19:49:12.156+0000] {dag.py:2676} INFO - Sync 1 DAGs
[2025-03-25T19:49:12.230+0000] {logging_mixin.py:137} INFO - [2025-03-25T19:49:12.230+0000] {dag.py:3427} INFO - Setting next_dagrun for latest_only_with_trigger to 2025-03-25T15:49:12.229372+00:00, run_after=2025-03-25T19:49:12.229372+00:00
[2025-03-25T19:49:12.316+0000] {processor.py:175} INFO - Processing /home/airflow/.local/lib/python3.7/site-packages/airflow/example_dags/example_latest_only_with_trigger.py took 0.309 seconds
[2025-03-25T19:50:23.234+0000] {processor.py:153} INFO - Started process (PID=356) to work on /home/airflow/.local/lib/python3.7/site-packages/airflow/example_dags/example_latest_only_with_trigger.py
[2025-03-25T19:50:23.393+0000] {processor.py:743} INFO - Processing file /home/airflow/.local/lib/python3.7/site-packages/airflow/example_dags/example_latest_only_with_trigger.py for tasks to queue
[2025-03-25T19:50:23.421+0000] {logging_mixin.py:137} INFO - [2025-03-25T19:50:23.413+0000] {dagbag.py:538} INFO - Filling up the DagBag from /home/airflow/.local/lib/python3.7/site-packages/airflow/example_dags/example_latest_only_with_trigger.py
[2025-03-25T19:50:24.366+0000] {processor.py:753} INFO - DAG(s) dict_keys(['latest_only_with_trigger']) retrieved from /home/airflow/.local/lib/python3.7/site-packages/airflow/example_dags/example_latest_only_with_trigger.py
[2025-03-25T19:50:27.608+0000] {logging_mixin.py:137} INFO - [2025-03-25T19:50:27.543+0000] {dag.py:2676} INFO - Sync 1 DAGs
[2025-03-25T19:50:28.477+0000] {logging_mixin.py:137} INFO - [2025-03-25T19:50:28.462+0000] {dag.py:3427} INFO - Setting next_dagrun for latest_only_with_trigger to 2025-03-25T15:50:28.431465+00:00, run_after=2025-03-25T19:50:28.431465+00:00
[2025-03-25T19:50:29.182+0000] {processor.py:175} INFO - Processing /home/airflow/.local/lib/python3.7/site-packages/airflow/example_dags/example_latest_only_with_trigger.py took 6.048 seconds
