[2025-03-25T19:47:24.328+0000] {processor.py:153} INFO - Started process (PID=78) to work on /home/airflow/.local/lib/python3.7/site-packages/airflow/example_dags/example_trigger_target_dag.py
[2025-03-25T19:47:24.329+0000] {processor.py:743} INFO - Processing file /home/airflow/.local/lib/python3.7/site-packages/airflow/example_dags/example_trigger_target_dag.py for tasks to queue
[2025-03-25T19:47:24.330+0000] {logging_mixin.py:137} INFO - [2025-03-25T19:47:24.330+0000] {dagbag.py:538} INFO - Filling up the DagBag from /home/airflow/.local/lib/python3.7/site-packages/airflow/example_dags/example_trigger_target_dag.py
[2025-03-25T19:47:24.373+0000] {processor.py:753} INFO - DAG(s) dict_keys(['example_trigger_target_dag']) retrieved from /home/airflow/.local/lib/python3.7/site-packages/airflow/example_dags/example_trigger_target_dag.py
[2025-03-25T19:47:24.427+0000] {logging_mixin.py:137} INFO - [2025-03-25T19:47:24.427+0000] {dag.py:2676} INFO - Sync 1 DAGs
[2025-03-25T19:47:24.465+0000] {logging_mixin.py:137} INFO - [2025-03-25T19:47:24.465+0000] {dag.py:3427} INFO - Setting next_dagrun for example_trigger_target_dag to None, run_after=None
[2025-03-25T19:47:24.512+0000] {processor.py:175} INFO - Processing /home/airflow/.local/lib/python3.7/site-packages/airflow/example_dags/example_trigger_target_dag.py took 0.189 seconds
[2025-03-25T19:48:20.972+0000] {processor.py:153} INFO - Started process (PID=164) to work on /home/airflow/.local/lib/python3.7/site-packages/airflow/example_dags/example_trigger_target_dag.py
[2025-03-25T19:48:20.978+0000] {processor.py:743} INFO - Processing file /home/airflow/.local/lib/python3.7/site-packages/airflow/example_dags/example_trigger_target_dag.py for tasks to queue
[2025-03-25T19:48:20.987+0000] {logging_mixin.py:137} INFO - [2025-03-25T19:48:20.986+0000] {dagbag.py:538} INFO - Filling up the DagBag from /home/airflow/.local/lib/python3.7/site-packages/airflow/example_dags/example_trigger_target_dag.py
[2025-03-25T19:48:21.135+0000] {processor.py:753} INFO - DAG(s) dict_keys(['example_trigger_target_dag']) retrieved from /home/airflow/.local/lib/python3.7/site-packages/airflow/example_dags/example_trigger_target_dag.py
[2025-03-25T19:48:21.435+0000] {logging_mixin.py:137} INFO - [2025-03-25T19:48:21.434+0000] {dag.py:2676} INFO - Sync 1 DAGs
[2025-03-25T19:48:21.726+0000] {logging_mixin.py:137} INFO - [2025-03-25T19:48:21.726+0000] {dag.py:3427} INFO - Setting next_dagrun for example_trigger_target_dag to None, run_after=None
[2025-03-25T19:48:21.848+0000] {processor.py:175} INFO - Processing /home/airflow/.local/lib/python3.7/site-packages/airflow/example_dags/example_trigger_target_dag.py took 0.895 seconds
[2025-03-25T19:48:52.924+0000] {processor.py:153} INFO - Started process (PID=228) to work on /home/airflow/.local/lib/python3.7/site-packages/airflow/example_dags/example_trigger_target_dag.py
[2025-03-25T19:48:52.930+0000] {processor.py:743} INFO - Processing file /home/airflow/.local/lib/python3.7/site-packages/airflow/example_dags/example_trigger_target_dag.py for tasks to queue
[2025-03-25T19:48:52.931+0000] {logging_mixin.py:137} INFO - [2025-03-25T19:48:52.931+0000] {dagbag.py:538} INFO - Filling up the DagBag from /home/airflow/.local/lib/python3.7/site-packages/airflow/example_dags/example_trigger_target_dag.py
[2025-03-25T19:48:52.972+0000] {processor.py:753} INFO - DAG(s) dict_keys(['example_trigger_target_dag']) retrieved from /home/airflow/.local/lib/python3.7/site-packages/airflow/example_dags/example_trigger_target_dag.py
[2025-03-25T19:48:53.014+0000] {logging_mixin.py:137} INFO - [2025-03-25T19:48:53.014+0000] {dag.py:2676} INFO - Sync 1 DAGs
[2025-03-25T19:48:53.048+0000] {logging_mixin.py:137} INFO - [2025-03-25T19:48:53.048+0000] {dag.py:3427} INFO - Setting next_dagrun for example_trigger_target_dag to None, run_after=None
[2025-03-25T19:48:53.076+0000] {processor.py:175} INFO - Processing /home/airflow/.local/lib/python3.7/site-packages/airflow/example_dags/example_trigger_target_dag.py took 0.158 seconds
[2025-03-25T19:49:26.147+0000] {processor.py:153} INFO - Started process (PID=289) to work on /home/airflow/.local/lib/python3.7/site-packages/airflow/example_dags/example_trigger_target_dag.py
[2025-03-25T19:49:26.171+0000] {processor.py:743} INFO - Processing file /home/airflow/.local/lib/python3.7/site-packages/airflow/example_dags/example_trigger_target_dag.py for tasks to queue
[2025-03-25T19:49:26.197+0000] {logging_mixin.py:137} INFO - [2025-03-25T19:49:26.193+0000] {dagbag.py:538} INFO - Filling up the DagBag from /home/airflow/.local/lib/python3.7/site-packages/airflow/example_dags/example_trigger_target_dag.py
[2025-03-25T19:49:26.456+0000] {processor.py:753} INFO - DAG(s) dict_keys(['example_trigger_target_dag']) retrieved from /home/airflow/.local/lib/python3.7/site-packages/airflow/example_dags/example_trigger_target_dag.py
[2025-03-25T19:49:27.155+0000] {logging_mixin.py:137} INFO - [2025-03-25T19:49:27.149+0000] {dag.py:2676} INFO - Sync 1 DAGs
[2025-03-25T19:49:27.299+0000] {logging_mixin.py:137} INFO - [2025-03-25T19:49:27.298+0000] {dag.py:3427} INFO - Setting next_dagrun for example_trigger_target_dag to None, run_after=None
[2025-03-25T19:49:27.466+0000] {processor.py:175} INFO - Processing /home/airflow/.local/lib/python3.7/site-packages/airflow/example_dags/example_trigger_target_dag.py took 1.402 seconds
[2025-03-25T19:54:53.077+0000] {processor.py:153} INFO - Started process (PID=478) to work on /home/airflow/.local/lib/python3.7/site-packages/airflow/example_dags/example_trigger_target_dag.py
[2025-03-25T19:54:53.206+0000] {processor.py:743} INFO - Processing file /home/airflow/.local/lib/python3.7/site-packages/airflow/example_dags/example_trigger_target_dag.py for tasks to queue
[2025-03-25T19:54:53.437+0000] {logging_mixin.py:137} INFO - [2025-03-25T19:54:53.436+0000] {dagbag.py:538} INFO - Filling up the DagBag from /home/airflow/.local/lib/python3.7/site-packages/airflow/example_dags/example_trigger_target_dag.py
[2025-03-25T19:55:12.919+0000] {processor.py:753} INFO - DAG(s) dict_keys(['example_trigger_target_dag']) retrieved from /home/airflow/.local/lib/python3.7/site-packages/airflow/example_dags/example_trigger_target_dag.py
