[2025-03-25T19:47:22.730+0000] {processor.py:153} INFO - Started process (PID=69) to work on /home/airflow/.local/lib/python3.7/site-packages/airflow/example_dags/example_datasets.py
[2025-03-25T19:47:22.731+0000] {processor.py:743} INFO - Processing file /home/airflow/.local/lib/python3.7/site-packages/airflow/example_dags/example_datasets.py for tasks to queue
[2025-03-25T19:47:22.732+0000] {logging_mixin.py:137} INFO - [2025-03-25T19:47:22.732+0000] {dagbag.py:538} INFO - Filling up the DagBag from /home/airflow/.local/lib/python3.7/site-packages/airflow/example_dags/example_datasets.py
[2025-03-25T19:47:22.823+0000] {processor.py:753} INFO - DAG(s) dict_keys(['dataset_consumes_1_and_2', 'dataset_produces_2', 'dataset_consumes_1_never_scheduled', 'dataset_consumes_unknown_never_scheduled', 'dataset_consumes_1', 'dataset_produces_1']) retrieved from /home/airflow/.local/lib/python3.7/site-packages/airflow/example_dags/example_datasets.py
[2025-03-25T19:47:22.911+0000] {logging_mixin.py:137} INFO - [2025-03-25T19:47:22.910+0000] {dag.py:2676} INFO - Sync 6 DAGs
[2025-03-25T19:47:23.009+0000] {logging_mixin.py:137} INFO - [2025-03-25T19:47:23.009+0000] {dag.py:3427} INFO - Setting next_dagrun for dataset_consumes_1 to None, run_after=None
[2025-03-25T19:47:23.015+0000] {logging_mixin.py:137} INFO - [2025-03-25T19:47:23.015+0000] {dag.py:3427} INFO - Setting next_dagrun for dataset_consumes_1_and_2 to None, run_after=None
[2025-03-25T19:47:23.018+0000] {logging_mixin.py:137} INFO - [2025-03-25T19:47:23.018+0000] {dag.py:3427} INFO - Setting next_dagrun for dataset_consumes_1_never_scheduled to None, run_after=None
[2025-03-25T19:47:23.019+0000] {logging_mixin.py:137} INFO - [2025-03-25T19:47:23.019+0000] {dag.py:3427} INFO - Setting next_dagrun for dataset_consumes_unknown_never_scheduled to None, run_after=None
[2025-03-25T19:47:23.021+0000] {logging_mixin.py:137} INFO - [2025-03-25T19:47:23.021+0000] {dag.py:3427} INFO - Setting next_dagrun for dataset_produces_1 to 2025-03-24T00:00:00+00:00, run_after=2025-03-25T00:00:00+00:00
[2025-03-25T19:47:23.022+0000] {logging_mixin.py:137} INFO - [2025-03-25T19:47:23.022+0000] {dag.py:3427} INFO - Setting next_dagrun for dataset_produces_2 to None, run_after=None
[2025-03-25T19:47:23.060+0000] {processor.py:175} INFO - Processing /home/airflow/.local/lib/python3.7/site-packages/airflow/example_dags/example_datasets.py took 0.334 seconds
[2025-03-25T19:48:11.303+0000] {processor.py:153} INFO - Started process (PID=148) to work on /home/airflow/.local/lib/python3.7/site-packages/airflow/example_dags/example_datasets.py
[2025-03-25T19:48:11.309+0000] {processor.py:743} INFO - Processing file /home/airflow/.local/lib/python3.7/site-packages/airflow/example_dags/example_datasets.py for tasks to queue
[2025-03-25T19:48:11.320+0000] {logging_mixin.py:137} INFO - [2025-03-25T19:48:11.316+0000] {dagbag.py:538} INFO - Filling up the DagBag from /home/airflow/.local/lib/python3.7/site-packages/airflow/example_dags/example_datasets.py
[2025-03-25T19:48:11.463+0000] {processor.py:753} INFO - DAG(s) dict_keys(['dataset_consumes_1_never_scheduled', 'dataset_consumes_1', 'dataset_consumes_1_and_2', 'dataset_consumes_unknown_never_scheduled', 'dataset_produces_1', 'dataset_produces_2']) retrieved from /home/airflow/.local/lib/python3.7/site-packages/airflow/example_dags/example_datasets.py
[2025-03-25T19:48:13.683+0000] {logging_mixin.py:137} INFO - [2025-03-25T19:48:13.676+0000] {dag.py:2676} INFO - Sync 6 DAGs
[2025-03-25T19:48:13.842+0000] {logging_mixin.py:137} INFO - [2025-03-25T19:48:13.842+0000] {dag.py:3427} INFO - Setting next_dagrun for dataset_consumes_1 to None, run_after=None
[2025-03-25T19:48:13.859+0000] {logging_mixin.py:137} INFO - [2025-03-25T19:48:13.859+0000] {dag.py:3427} INFO - Setting next_dagrun for dataset_consumes_1_and_2 to None, run_after=None
[2025-03-25T19:48:13.863+0000] {logging_mixin.py:137} INFO - [2025-03-25T19:48:13.863+0000] {dag.py:3427} INFO - Setting next_dagrun for dataset_consumes_1_never_scheduled to None, run_after=None
[2025-03-25T19:48:13.877+0000] {logging_mixin.py:137} INFO - [2025-03-25T19:48:13.877+0000] {dag.py:3427} INFO - Setting next_dagrun for dataset_consumes_unknown_never_scheduled to None, run_after=None
[2025-03-25T19:48:13.886+0000] {logging_mixin.py:137} INFO - [2025-03-25T19:48:13.886+0000] {dag.py:3427} INFO - Setting next_dagrun for dataset_produces_1 to 2025-03-24T00:00:00+00:00, run_after=2025-03-25T00:00:00+00:00
[2025-03-25T19:48:13.891+0000] {logging_mixin.py:137} INFO - [2025-03-25T19:48:13.891+0000] {dag.py:3427} INFO - Setting next_dagrun for dataset_produces_2 to None, run_after=None
[2025-03-25T19:48:14.065+0000] {processor.py:175} INFO - Processing /home/airflow/.local/lib/python3.7/site-packages/airflow/example_dags/example_datasets.py took 2.774 seconds
[2025-03-25T19:48:44.665+0000] {processor.py:153} INFO - Started process (PID=210) to work on /home/airflow/.local/lib/python3.7/site-packages/airflow/example_dags/example_datasets.py
[2025-03-25T19:48:44.673+0000] {processor.py:743} INFO - Processing file /home/airflow/.local/lib/python3.7/site-packages/airflow/example_dags/example_datasets.py for tasks to queue
[2025-03-25T19:48:44.687+0000] {logging_mixin.py:137} INFO - [2025-03-25T19:48:44.687+0000] {dagbag.py:538} INFO - Filling up the DagBag from /home/airflow/.local/lib/python3.7/site-packages/airflow/example_dags/example_datasets.py
[2025-03-25T19:48:44.807+0000] {processor.py:753} INFO - DAG(s) dict_keys(['dataset_consumes_1', 'dataset_consumes_1_never_scheduled', 'dataset_produces_2', 'dataset_consumes_unknown_never_scheduled', 'dataset_consumes_1_and_2', 'dataset_produces_1']) retrieved from /home/airflow/.local/lib/python3.7/site-packages/airflow/example_dags/example_datasets.py
[2025-03-25T19:48:45.150+0000] {logging_mixin.py:137} INFO - [2025-03-25T19:48:45.150+0000] {dag.py:2676} INFO - Sync 6 DAGs
[2025-03-25T19:48:45.306+0000] {logging_mixin.py:137} INFO - [2025-03-25T19:48:45.306+0000] {dag.py:3427} INFO - Setting next_dagrun for dataset_consumes_1 to None, run_after=None
[2025-03-25T19:48:45.343+0000] {logging_mixin.py:137} INFO - [2025-03-25T19:48:45.343+0000] {dag.py:3427} INFO - Setting next_dagrun for dataset_consumes_1_and_2 to None, run_after=None
[2025-03-25T19:48:45.357+0000] {logging_mixin.py:137} INFO - [2025-03-25T19:48:45.357+0000] {dag.py:3427} INFO - Setting next_dagrun for dataset_consumes_1_never_scheduled to None, run_after=None
[2025-03-25T19:48:45.365+0000] {logging_mixin.py:137} INFO - [2025-03-25T19:48:45.364+0000] {dag.py:3427} INFO - Setting next_dagrun for dataset_consumes_unknown_never_scheduled to None, run_after=None
[2025-03-25T19:48:45.381+0000] {logging_mixin.py:137} INFO - [2025-03-25T19:48:45.381+0000] {dag.py:3427} INFO - Setting next_dagrun for dataset_produces_1 to 2025-03-24T00:00:00+00:00, run_after=2025-03-25T00:00:00+00:00
[2025-03-25T19:48:45.397+0000] {logging_mixin.py:137} INFO - [2025-03-25T19:48:45.397+0000] {dag.py:3427} INFO - Setting next_dagrun for dataset_produces_2 to None, run_after=None
[2025-03-25T19:48:45.532+0000] {processor.py:175} INFO - Processing /home/airflow/.local/lib/python3.7/site-packages/airflow/example_dags/example_datasets.py took 0.911 seconds
[2025-03-25T19:49:16.021+0000] {processor.py:153} INFO - Started process (PID=280) to work on /home/airflow/.local/lib/python3.7/site-packages/airflow/example_dags/example_datasets.py
[2025-03-25T19:49:16.039+0000] {processor.py:743} INFO - Processing file /home/airflow/.local/lib/python3.7/site-packages/airflow/example_dags/example_datasets.py for tasks to queue
[2025-03-25T19:49:16.055+0000] {logging_mixin.py:137} INFO - [2025-03-25T19:49:16.051+0000] {dagbag.py:538} INFO - Filling up the DagBag from /home/airflow/.local/lib/python3.7/site-packages/airflow/example_dags/example_datasets.py
[2025-03-25T19:49:16.236+0000] {processor.py:753} INFO - DAG(s) dict_keys(['dataset_produces_1', 'dataset_consumes_1', 'dataset_consumes_unknown_never_scheduled', 'dataset_produces_2', 'dataset_consumes_1_never_scheduled', 'dataset_consumes_1_and_2']) retrieved from /home/airflow/.local/lib/python3.7/site-packages/airflow/example_dags/example_datasets.py
[2025-03-25T19:49:16.456+0000] {logging_mixin.py:137} INFO - [2025-03-25T19:49:16.456+0000] {dag.py:2676} INFO - Sync 6 DAGs
[2025-03-25T19:49:16.572+0000] {logging_mixin.py:137} INFO - [2025-03-25T19:49:16.572+0000] {dag.py:3427} INFO - Setting next_dagrun for dataset_consumes_1 to None, run_after=None
[2025-03-25T19:49:16.592+0000] {logging_mixin.py:137} INFO - [2025-03-25T19:49:16.592+0000] {dag.py:3427} INFO - Setting next_dagrun for dataset_consumes_1_and_2 to None, run_after=None
[2025-03-25T19:49:16.600+0000] {logging_mixin.py:137} INFO - [2025-03-25T19:49:16.600+0000] {dag.py:3427} INFO - Setting next_dagrun for dataset_consumes_1_never_scheduled to None, run_after=None
[2025-03-25T19:49:16.614+0000] {logging_mixin.py:137} INFO - [2025-03-25T19:49:16.614+0000] {dag.py:3427} INFO - Setting next_dagrun for dataset_consumes_unknown_never_scheduled to None, run_after=None
[2025-03-25T19:49:16.617+0000] {logging_mixin.py:137} INFO - [2025-03-25T19:49:16.617+0000] {dag.py:3427} INFO - Setting next_dagrun for dataset_produces_1 to 2025-03-24T00:00:00+00:00, run_after=2025-03-25T00:00:00+00:00
[2025-03-25T19:49:16.618+0000] {logging_mixin.py:137} INFO - [2025-03-25T19:49:16.618+0000] {dag.py:3427} INFO - Setting next_dagrun for dataset_produces_2 to None, run_after=None
[2025-03-25T19:49:16.762+0000] {processor.py:175} INFO - Processing /home/airflow/.local/lib/python3.7/site-packages/airflow/example_dags/example_datasets.py took 0.797 seconds
[2025-03-25T19:50:49.814+0000] {processor.py:153} INFO - Started process (PID=375) to work on /home/airflow/.local/lib/python3.7/site-packages/airflow/example_dags/example_datasets.py
[2025-03-25T19:50:49.901+0000] {processor.py:743} INFO - Processing file /home/airflow/.local/lib/python3.7/site-packages/airflow/example_dags/example_datasets.py for tasks to queue
[2025-03-25T19:50:50.004+0000] {logging_mixin.py:137} INFO - [2025-03-25T19:50:50.002+0000] {dagbag.py:538} INFO - Filling up the DagBag from /home/airflow/.local/lib/python3.7/site-packages/airflow/example_dags/example_datasets.py
[2025-03-25T19:50:54.870+0000] {processor.py:753} INFO - DAG(s) dict_keys(['dataset_consumes_1', 'dataset_consumes_1_and_2', 'dataset_produces_1', 'dataset_produces_2', 'dataset_consumes_unknown_never_scheduled', 'dataset_consumes_1_never_scheduled']) retrieved from /home/airflow/.local/lib/python3.7/site-packages/airflow/example_dags/example_datasets.py
[2025-03-25T19:51:23.040+0000] {logging_mixin.py:137} INFO - [2025-03-25T19:51:23.005+0000] {dag.py:2676} INFO - Sync 6 DAGs
[2025-03-25T19:51:24.767+0000] {logging_mixin.py:137} INFO - [2025-03-25T19:51:24.631+0000] {dag.py:3427} INFO - Setting next_dagrun for dataset_consumes_1 to None, run_after=None
[2025-03-25T19:51:29.788+0000] {logging_mixin.py:137} INFO - [2025-03-25T19:51:29.732+0000] {dag.py:3427} INFO - Setting next_dagrun for dataset_consumes_1_and_2 to None, run_after=None
[2025-03-25T19:51:29.971+0000] {logging_mixin.py:137} INFO - [2025-03-25T19:51:29.971+0000] {dag.py:3427} INFO - Setting next_dagrun for dataset_consumes_1_never_scheduled to None, run_after=None
[2025-03-25T19:51:30.048+0000] {logging_mixin.py:137} INFO - [2025-03-25T19:51:30.048+0000] {dag.py:3427} INFO - Setting next_dagrun for dataset_consumes_unknown_never_scheduled to None, run_after=None
[2025-03-25T19:51:30.368+0000] {logging_mixin.py:137} INFO - [2025-03-25T19:51:30.350+0000] {dag.py:3427} INFO - Setting next_dagrun for dataset_produces_1 to 2025-03-24T00:00:00+00:00, run_after=2025-03-25T00:00:00+00:00
[2025-03-25T19:51:30.500+0000] {logging_mixin.py:137} INFO - [2025-03-25T19:51:30.500+0000] {dag.py:3427} INFO - Setting next_dagrun for dataset_produces_2 to None, run_after=None
[2025-03-25T19:51:34.973+0000] {processor.py:175} INFO - Processing /home/airflow/.local/lib/python3.7/site-packages/airflow/example_dags/example_datasets.py took 45.788 seconds
