[2025-03-25T19:47:20.445+0000] {processor.py:153} INFO - Started process (PID=55) to work on /home/airflow/.local/lib/python3.7/site-packages/airflow/example_dags/example_local_kubernetes_executor.py
[2025-03-25T19:47:20.446+0000] {processor.py:743} INFO - Processing file /home/airflow/.local/lib/python3.7/site-packages/airflow/example_dags/example_local_kubernetes_executor.py for tasks to queue
[2025-03-25T19:47:20.447+0000] {logging_mixin.py:137} INFO - [2025-03-25T19:47:20.447+0000] {dagbag.py:538} INFO - Filling up the DagBag from /home/airflow/.local/lib/python3.7/site-packages/airflow/example_dags/example_local_kubernetes_executor.py
[2025-03-25T19:47:20.484+0000] {processor.py:753} INFO - DAG(s) dict_keys(['example_local_kubernetes_executor']) retrieved from /home/airflow/.local/lib/python3.7/site-packages/airflow/example_dags/example_local_kubernetes_executor.py
[2025-03-25T19:47:20.515+0000] {logging_mixin.py:137} INFO - [2025-03-25T19:47:20.515+0000] {dag.py:2676} INFO - Sync 1 DAGs
[2025-03-25T19:47:20.541+0000] {logging_mixin.py:137} INFO - [2025-03-25T19:47:20.541+0000] {dag.py:3427} INFO - Setting next_dagrun for example_local_kubernetes_executor to None, run_after=None
[2025-03-25T19:47:20.566+0000] {processor.py:175} INFO - Processing /home/airflow/.local/lib/python3.7/site-packages/airflow/example_dags/example_local_kubernetes_executor.py took 0.124 seconds
[2025-03-25T19:47:53.222+0000] {processor.py:153} INFO - Started process (PID=125) to work on /home/airflow/.local/lib/python3.7/site-packages/airflow/example_dags/example_local_kubernetes_executor.py
[2025-03-25T19:47:53.241+0000] {processor.py:743} INFO - Processing file /home/airflow/.local/lib/python3.7/site-packages/airflow/example_dags/example_local_kubernetes_executor.py for tasks to queue
[2025-03-25T19:47:53.247+0000] {logging_mixin.py:137} INFO - [2025-03-25T19:47:53.246+0000] {dagbag.py:538} INFO - Filling up the DagBag from /home/airflow/.local/lib/python3.7/site-packages/airflow/example_dags/example_local_kubernetes_executor.py
[2025-03-25T19:47:53.445+0000] {processor.py:753} INFO - DAG(s) dict_keys(['example_local_kubernetes_executor']) retrieved from /home/airflow/.local/lib/python3.7/site-packages/airflow/example_dags/example_local_kubernetes_executor.py
[2025-03-25T19:47:54.052+0000] {logging_mixin.py:137} INFO - [2025-03-25T19:47:54.050+0000] {dag.py:2676} INFO - Sync 1 DAGs
[2025-03-25T19:47:54.296+0000] {logging_mixin.py:137} INFO - [2025-03-25T19:47:54.296+0000] {dag.py:3427} INFO - Setting next_dagrun for example_local_kubernetes_executor to None, run_after=None
[2025-03-25T19:47:54.437+0000] {processor.py:175} INFO - Processing /home/airflow/.local/lib/python3.7/site-packages/airflow/example_dags/example_local_kubernetes_executor.py took 1.247 seconds
[2025-03-25T19:48:32.889+0000] {processor.py:153} INFO - Started process (PID=186) to work on /home/airflow/.local/lib/python3.7/site-packages/airflow/example_dags/example_local_kubernetes_executor.py
[2025-03-25T19:48:32.913+0000] {processor.py:743} INFO - Processing file /home/airflow/.local/lib/python3.7/site-packages/airflow/example_dags/example_local_kubernetes_executor.py for tasks to queue
[2025-03-25T19:48:32.925+0000] {logging_mixin.py:137} INFO - [2025-03-25T19:48:32.925+0000] {dagbag.py:538} INFO - Filling up the DagBag from /home/airflow/.local/lib/python3.7/site-packages/airflow/example_dags/example_local_kubernetes_executor.py
[2025-03-25T19:48:33.428+0000] {processor.py:753} INFO - DAG(s) dict_keys(['example_local_kubernetes_executor']) retrieved from /home/airflow/.local/lib/python3.7/site-packages/airflow/example_dags/example_local_kubernetes_executor.py
[2025-03-25T19:48:33.904+0000] {logging_mixin.py:137} INFO - [2025-03-25T19:48:33.896+0000] {dag.py:2676} INFO - Sync 1 DAGs
[2025-03-25T19:48:34.115+0000] {logging_mixin.py:137} INFO - [2025-03-25T19:48:34.111+0000] {dag.py:3427} INFO - Setting next_dagrun for example_local_kubernetes_executor to None, run_after=None
[2025-03-25T19:48:34.330+0000] {processor.py:175} INFO - Processing /home/airflow/.local/lib/python3.7/site-packages/airflow/example_dags/example_local_kubernetes_executor.py took 1.499 seconds
[2025-03-25T19:49:05.070+0000] {processor.py:153} INFO - Started process (PID=248) to work on /home/airflow/.local/lib/python3.7/site-packages/airflow/example_dags/example_local_kubernetes_executor.py
[2025-03-25T19:49:05.079+0000] {processor.py:743} INFO - Processing file /home/airflow/.local/lib/python3.7/site-packages/airflow/example_dags/example_local_kubernetes_executor.py for tasks to queue
[2025-03-25T19:49:05.086+0000] {logging_mixin.py:137} INFO - [2025-03-25T19:49:05.085+0000] {dagbag.py:538} INFO - Filling up the DagBag from /home/airflow/.local/lib/python3.7/site-packages/airflow/example_dags/example_local_kubernetes_executor.py
[2025-03-25T19:49:05.345+0000] {processor.py:753} INFO - DAG(s) dict_keys(['example_local_kubernetes_executor']) retrieved from /home/airflow/.local/lib/python3.7/site-packages/airflow/example_dags/example_local_kubernetes_executor.py
[2025-03-25T19:49:05.543+0000] {logging_mixin.py:137} INFO - [2025-03-25T19:49:05.542+0000] {dag.py:2676} INFO - Sync 1 DAGs
[2025-03-25T19:49:05.783+0000] {logging_mixin.py:137} INFO - [2025-03-25T19:49:05.781+0000] {dag.py:3427} INFO - Setting next_dagrun for example_local_kubernetes_executor to None, run_after=None
[2025-03-25T19:49:05.896+0000] {processor.py:175} INFO - Processing /home/airflow/.local/lib/python3.7/site-packages/airflow/example_dags/example_local_kubernetes_executor.py took 0.856 seconds
[2025-03-25T19:49:46.233+0000] {processor.py:153} INFO - Started process (PID=317) to work on /home/airflow/.local/lib/python3.7/site-packages/airflow/example_dags/example_local_kubernetes_executor.py
[2025-03-25T19:49:46.330+0000] {processor.py:743} INFO - Processing file /home/airflow/.local/lib/python3.7/site-packages/airflow/example_dags/example_local_kubernetes_executor.py for tasks to queue
[2025-03-25T19:49:46.884+0000] {logging_mixin.py:137} INFO - [2025-03-25T19:49:46.554+0000] {dagbag.py:538} INFO - Filling up the DagBag from /home/airflow/.local/lib/python3.7/site-packages/airflow/example_dags/example_local_kubernetes_executor.py
[2025-03-25T19:49:52.227+0000] {processor.py:753} INFO - DAG(s) dict_keys(['example_local_kubernetes_executor']) retrieved from /home/airflow/.local/lib/python3.7/site-packages/airflow/example_dags/example_local_kubernetes_executor.py
[2025-03-25T19:49:56.244+0000] {logging_mixin.py:137} INFO - [2025-03-25T19:49:56.236+0000] {dag.py:2676} INFO - Sync 1 DAGs
[2025-03-25T19:49:56.993+0000] {logging_mixin.py:137} INFO - [2025-03-25T19:49:56.991+0000] {dag.py:3427} INFO - Setting next_dagrun for example_local_kubernetes_executor to None, run_after=None
[2025-03-25T19:49:58.168+0000] {processor.py:175} INFO - Processing /home/airflow/.local/lib/python3.7/site-packages/airflow/example_dags/example_local_kubernetes_executor.py took 12.281 seconds
[2025-03-25T19:59:01.468+0000] {processor.py:153} INFO - Started process (PID=590) to work on /home/airflow/.local/lib/python3.7/site-packages/airflow/example_dags/example_local_kubernetes_executor.py
[2025-03-25T19:59:02.153+0000] {processor.py:743} INFO - Processing file /home/airflow/.local/lib/python3.7/site-packages/airflow/example_dags/example_local_kubernetes_executor.py for tasks to queue
[2025-03-25T19:59:02.827+0000] {logging_mixin.py:137} INFO - [2025-03-25T19:59:02.559+0000] {dagbag.py:538} INFO - Filling up the DagBag from /home/airflow/.local/lib/python3.7/site-packages/airflow/example_dags/example_local_kubernetes_executor.py
[2025-03-25T19:59:22.133+0000] {processor.py:753} INFO - DAG(s) dict_keys(['example_local_kubernetes_executor']) retrieved from /home/airflow/.local/lib/python3.7/site-packages/airflow/example_dags/example_local_kubernetes_executor.py
