[2025-03-25T19:47:23.915+0000] {processor.py:153} INFO - Started process (PID=75) to work on /home/airflow/.local/lib/python3.7/site-packages/airflow/example_dags/example_external_task_marker_dag.py
[2025-03-25T19:47:23.917+0000] {processor.py:743} INFO - Processing file /home/airflow/.local/lib/python3.7/site-packages/airflow/example_dags/example_external_task_marker_dag.py for tasks to queue
[2025-03-25T19:47:23.919+0000] {logging_mixin.py:137} INFO - [2025-03-25T19:47:23.919+0000] {dagbag.py:538} INFO - Filling up the DagBag from /home/airflow/.local/lib/python3.7/site-packages/airflow/example_dags/example_external_task_marker_dag.py
[2025-03-25T19:47:23.972+0000] {processor.py:753} INFO - DAG(s) dict_keys(['example_external_task_marker_parent', 'example_external_task_marker_child']) retrieved from /home/airflow/.local/lib/python3.7/site-packages/airflow/example_dags/example_external_task_marker_dag.py
[2025-03-25T19:47:24.036+0000] {logging_mixin.py:137} INFO - [2025-03-25T19:47:24.035+0000] {dag.py:2676} INFO - Sync 2 DAGs
[2025-03-25T19:47:24.093+0000] {logging_mixin.py:137} INFO - [2025-03-25T19:47:24.093+0000] {dag.py:3427} INFO - Setting next_dagrun for example_external_task_marker_child to None, run_after=None
[2025-03-25T19:47:24.097+0000] {logging_mixin.py:137} INFO - [2025-03-25T19:47:24.097+0000] {dag.py:3427} INFO - Setting next_dagrun for example_external_task_marker_parent to None, run_after=None
[2025-03-25T19:47:24.129+0000] {processor.py:175} INFO - Processing /home/airflow/.local/lib/python3.7/site-packages/airflow/example_dags/example_external_task_marker_dag.py took 0.226 seconds
[2025-03-25T19:48:18.555+0000] {processor.py:153} INFO - Started process (PID=161) to work on /home/airflow/.local/lib/python3.7/site-packages/airflow/example_dags/example_external_task_marker_dag.py
[2025-03-25T19:48:18.656+0000] {processor.py:743} INFO - Processing file /home/airflow/.local/lib/python3.7/site-packages/airflow/example_dags/example_external_task_marker_dag.py for tasks to queue
[2025-03-25T19:48:18.624+0000] {logging_mixin.py:137} INFO - [2025-03-25T19:48:18.624+0000] {dagbag.py:538} INFO - Filling up the DagBag from /home/airflow/.local/lib/python3.7/site-packages/airflow/example_dags/example_external_task_marker_dag.py
[2025-03-25T19:48:19.328+0000] {processor.py:753} INFO - DAG(s) dict_keys(['example_external_task_marker_child', 'example_external_task_marker_parent']) retrieved from /home/airflow/.local/lib/python3.7/site-packages/airflow/example_dags/example_external_task_marker_dag.py
[2025-03-25T19:48:20.495+0000] {logging_mixin.py:137} INFO - [2025-03-25T19:48:20.492+0000] {dag.py:2676} INFO - Sync 2 DAGs
[2025-03-25T19:48:20.602+0000] {logging_mixin.py:137} INFO - [2025-03-25T19:48:20.602+0000] {dag.py:3427} INFO - Setting next_dagrun for example_external_task_marker_child to None, run_after=None
[2025-03-25T19:48:20.624+0000] {logging_mixin.py:137} INFO - [2025-03-25T19:48:20.624+0000] {dag.py:3427} INFO - Setting next_dagrun for example_external_task_marker_parent to None, run_after=None
[2025-03-25T19:48:20.800+0000] {processor.py:175} INFO - Processing /home/airflow/.local/lib/python3.7/site-packages/airflow/example_dags/example_external_task_marker_dag.py took 2.469 seconds
[2025-03-25T19:48:51.401+0000] {processor.py:153} INFO - Started process (PID=225) to work on /home/airflow/.local/lib/python3.7/site-packages/airflow/example_dags/example_external_task_marker_dag.py
[2025-03-25T19:48:51.427+0000] {processor.py:743} INFO - Processing file /home/airflow/.local/lib/python3.7/site-packages/airflow/example_dags/example_external_task_marker_dag.py for tasks to queue
[2025-03-25T19:48:51.437+0000] {logging_mixin.py:137} INFO - [2025-03-25T19:48:51.436+0000] {dagbag.py:538} INFO - Filling up the DagBag from /home/airflow/.local/lib/python3.7/site-packages/airflow/example_dags/example_external_task_marker_dag.py
[2025-03-25T19:48:51.626+0000] {processor.py:753} INFO - DAG(s) dict_keys(['example_external_task_marker_parent', 'example_external_task_marker_child']) retrieved from /home/airflow/.local/lib/python3.7/site-packages/airflow/example_dags/example_external_task_marker_dag.py
[2025-03-25T19:48:52.184+0000] {logging_mixin.py:137} INFO - [2025-03-25T19:48:52.183+0000] {dag.py:2676} INFO - Sync 2 DAGs
[2025-03-25T19:48:52.350+0000] {logging_mixin.py:137} INFO - [2025-03-25T19:48:52.350+0000] {dag.py:3427} INFO - Setting next_dagrun for example_external_task_marker_child to None, run_after=None
[2025-03-25T19:48:52.363+0000] {logging_mixin.py:137} INFO - [2025-03-25T19:48:52.363+0000] {dag.py:3427} INFO - Setting next_dagrun for example_external_task_marker_parent to None, run_after=None
[2025-03-25T19:48:52.495+0000] {processor.py:175} INFO - Processing /home/airflow/.local/lib/python3.7/site-packages/airflow/example_dags/example_external_task_marker_dag.py took 1.142 seconds
[2025-03-25T19:49:23.745+0000] {processor.py:153} INFO - Started process (PID=286) to work on /home/airflow/.local/lib/python3.7/site-packages/airflow/example_dags/example_external_task_marker_dag.py
[2025-03-25T19:49:24.019+0000] {processor.py:743} INFO - Processing file /home/airflow/.local/lib/python3.7/site-packages/airflow/example_dags/example_external_task_marker_dag.py for tasks to queue
[2025-03-25T19:49:24.045+0000] {logging_mixin.py:137} INFO - [2025-03-25T19:49:24.037+0000] {dagbag.py:538} INFO - Filling up the DagBag from /home/airflow/.local/lib/python3.7/site-packages/airflow/example_dags/example_external_task_marker_dag.py
[2025-03-25T19:49:24.474+0000] {processor.py:753} INFO - DAG(s) dict_keys(['example_external_task_marker_child', 'example_external_task_marker_parent']) retrieved from /home/airflow/.local/lib/python3.7/site-packages/airflow/example_dags/example_external_task_marker_dag.py
[2025-03-25T19:49:25.084+0000] {logging_mixin.py:137} INFO - [2025-03-25T19:49:25.082+0000] {dag.py:2676} INFO - Sync 2 DAGs
[2025-03-25T19:49:25.327+0000] {logging_mixin.py:137} INFO - [2025-03-25T19:49:25.327+0000] {dag.py:3427} INFO - Setting next_dagrun for example_external_task_marker_child to None, run_after=None
[2025-03-25T19:49:25.341+0000] {logging_mixin.py:137} INFO - [2025-03-25T19:49:25.341+0000] {dag.py:3427} INFO - Setting next_dagrun for example_external_task_marker_parent to None, run_after=None
[2025-03-25T19:49:25.443+0000] {processor.py:175} INFO - Processing /home/airflow/.local/lib/python3.7/site-packages/airflow/example_dags/example_external_task_marker_dag.py took 1.817 seconds
[2025-03-25T19:53:11.683+0000] {processor.py:153} INFO - Started process (PID=456) to work on /home/airflow/.local/lib/python3.7/site-packages/airflow/example_dags/example_external_task_marker_dag.py
[2025-03-25T19:53:11.786+0000] {processor.py:743} INFO - Processing file /home/airflow/.local/lib/python3.7/site-packages/airflow/example_dags/example_external_task_marker_dag.py for tasks to queue
[2025-03-25T19:53:11.966+0000] {logging_mixin.py:137} INFO - [2025-03-25T19:53:11.858+0000] {dagbag.py:538} INFO - Filling up the DagBag from /home/airflow/.local/lib/python3.7/site-packages/airflow/example_dags/example_external_task_marker_dag.py
[2025-03-25T19:53:15.310+0000] {processor.py:753} INFO - DAG(s) dict_keys(['example_external_task_marker_child', 'example_external_task_marker_parent']) retrieved from /home/airflow/.local/lib/python3.7/site-packages/airflow/example_dags/example_external_task_marker_dag.py
[2025-03-25T19:53:47.445+0000] {logging_mixin.py:137} INFO - [2025-03-25T19:53:47.360+0000] {dag.py:2676} INFO - Sync 2 DAGs
