[2025-03-25T19:47:25.100+0000] {processor.py:153} INFO - Started process (PID=83) to work on /home/airflow/.local/lib/python3.7/site-packages/airflow/example_dags/example_bash_operator.py
[2025-03-25T19:47:25.102+0000] {processor.py:743} INFO - Processing file /home/airflow/.local/lib/python3.7/site-packages/airflow/example_dags/example_bash_operator.py for tasks to queue
[2025-03-25T19:47:25.103+0000] {logging_mixin.py:137} INFO - [2025-03-25T19:47:25.103+0000] {dagbag.py:538} INFO - Filling up the DagBag from /home/airflow/.local/lib/python3.7/site-packages/airflow/example_dags/example_bash_operator.py
[2025-03-25T19:47:25.159+0000] {processor.py:753} INFO - DAG(s) dict_keys(['example_bash_operator']) retrieved from /home/airflow/.local/lib/python3.7/site-packages/airflow/example_dags/example_bash_operator.py
[2025-03-25T19:47:25.225+0000] {logging_mixin.py:137} INFO - [2025-03-25T19:47:25.225+0000] {dag.py:2676} INFO - Sync 1 DAGs
[2025-03-25T19:47:25.284+0000] {logging_mixin.py:137} INFO - [2025-03-25T19:47:25.283+0000] {dag.py:3427} INFO - Setting next_dagrun for example_bash_operator to 2025-03-24T00:00:00+00:00, run_after=2025-03-25T00:00:00+00:00
[2025-03-25T19:47:25.338+0000] {processor.py:175} INFO - Processing /home/airflow/.local/lib/python3.7/site-packages/airflow/example_dags/example_bash_operator.py took 0.241 seconds
[2025-03-25T19:48:26.581+0000] {processor.py:153} INFO - Started process (PID=169) to work on /home/airflow/.local/lib/python3.7/site-packages/airflow/example_dags/example_bash_operator.py
[2025-03-25T19:48:26.600+0000] {processor.py:743} INFO - Processing file /home/airflow/.local/lib/python3.7/site-packages/airflow/example_dags/example_bash_operator.py for tasks to queue
[2025-03-25T19:48:26.614+0000] {logging_mixin.py:137} INFO - [2025-03-25T19:48:26.611+0000] {dagbag.py:538} INFO - Filling up the DagBag from /home/airflow/.local/lib/python3.7/site-packages/airflow/example_dags/example_bash_operator.py
[2025-03-25T19:48:26.886+0000] {processor.py:753} INFO - DAG(s) dict_keys(['example_bash_operator']) retrieved from /home/airflow/.local/lib/python3.7/site-packages/airflow/example_dags/example_bash_operator.py
[2025-03-25T19:48:27.194+0000] {logging_mixin.py:137} INFO - [2025-03-25T19:48:27.194+0000] {dag.py:2676} INFO - Sync 1 DAGs
[2025-03-25T19:48:27.300+0000] {logging_mixin.py:137} INFO - [2025-03-25T19:48:27.300+0000] {dag.py:3427} INFO - Setting next_dagrun for example_bash_operator to 2025-03-24T00:00:00+00:00, run_after=2025-03-25T00:00:00+00:00
[2025-03-25T19:48:27.401+0000] {processor.py:175} INFO - Processing /home/airflow/.local/lib/python3.7/site-packages/airflow/example_dags/example_bash_operator.py took 0.885 seconds
[2025-03-25T19:48:58.258+0000] {processor.py:153} INFO - Started process (PID=240) to work on /home/airflow/.local/lib/python3.7/site-packages/airflow/example_dags/example_bash_operator.py
[2025-03-25T19:48:58.266+0000] {processor.py:743} INFO - Processing file /home/airflow/.local/lib/python3.7/site-packages/airflow/example_dags/example_bash_operator.py for tasks to queue
[2025-03-25T19:48:58.283+0000] {logging_mixin.py:137} INFO - [2025-03-25T19:48:58.281+0000] {dagbag.py:538} INFO - Filling up the DagBag from /home/airflow/.local/lib/python3.7/site-packages/airflow/example_dags/example_bash_operator.py
[2025-03-25T19:48:58.527+0000] {processor.py:753} INFO - DAG(s) dict_keys(['example_bash_operator']) retrieved from /home/airflow/.local/lib/python3.7/site-packages/airflow/example_dags/example_bash_operator.py
[2025-03-25T19:48:58.792+0000] {logging_mixin.py:137} INFO - [2025-03-25T19:48:58.791+0000] {dag.py:2676} INFO - Sync 1 DAGs
[2025-03-25T19:48:59.181+0000] {logging_mixin.py:137} INFO - [2025-03-25T19:48:59.171+0000] {dag.py:3427} INFO - Setting next_dagrun for example_bash_operator to 2025-03-24T00:00:00+00:00, run_after=2025-03-25T00:00:00+00:00
[2025-03-25T19:48:59.350+0000] {processor.py:175} INFO - Processing /home/airflow/.local/lib/python3.7/site-packages/airflow/example_dags/example_bash_operator.py took 1.120 seconds
[2025-03-25T19:49:34.549+0000] {processor.py:153} INFO - Started process (PID=304) to work on /home/airflow/.local/lib/python3.7/site-packages/airflow/example_dags/example_bash_operator.py
[2025-03-25T19:49:34.560+0000] {processor.py:743} INFO - Processing file /home/airflow/.local/lib/python3.7/site-packages/airflow/example_dags/example_bash_operator.py for tasks to queue
[2025-03-25T19:49:34.567+0000] {logging_mixin.py:137} INFO - [2025-03-25T19:49:34.566+0000] {dagbag.py:538} INFO - Filling up the DagBag from /home/airflow/.local/lib/python3.7/site-packages/airflow/example_dags/example_bash_operator.py
[2025-03-25T19:49:34.952+0000] {processor.py:753} INFO - DAG(s) dict_keys(['example_bash_operator']) retrieved from /home/airflow/.local/lib/python3.7/site-packages/airflow/example_dags/example_bash_operator.py
[2025-03-25T19:49:35.977+0000] {logging_mixin.py:137} INFO - [2025-03-25T19:49:35.975+0000] {dag.py:2676} INFO - Sync 1 DAGs
[2025-03-25T19:49:36.267+0000] {logging_mixin.py:137} INFO - [2025-03-25T19:49:36.261+0000] {dag.py:3427} INFO - Setting next_dagrun for example_bash_operator to 2025-03-24T00:00:00+00:00, run_after=2025-03-25T00:00:00+00:00
[2025-03-25T19:49:36.468+0000] {processor.py:175} INFO - Processing /home/airflow/.local/lib/python3.7/site-packages/airflow/example_dags/example_bash_operator.py took 1.956 seconds
[2025-03-25T19:57:01.305+0000] {processor.py:153} INFO - Started process (PID=538) to work on /home/airflow/.local/lib/python3.7/site-packages/airflow/example_dags/example_bash_operator.py
[2025-03-25T19:57:02.369+0000] {processor.py:743} INFO - Processing file /home/airflow/.local/lib/python3.7/site-packages/airflow/example_dags/example_bash_operator.py for tasks to queue
[2025-03-25T19:57:02.597+0000] {logging_mixin.py:137} INFO - [2025-03-25T19:57:02.555+0000] {dagbag.py:538} INFO - Filling up the DagBag from /home/airflow/.local/lib/python3.7/site-packages/airflow/example_dags/example_bash_operator.py
[2025-03-25T19:57:23.951+0000] {processor.py:753} INFO - DAG(s) dict_keys(['example_bash_operator']) retrieved from /home/airflow/.local/lib/python3.7/site-packages/airflow/example_dags/example_bash_operator.py
