[2025-03-25T19:47:24.853+0000] {processor.py:153} INFO - Started process (PID=82) to work on /home/airflow/.local/lib/python3.7/site-packages/airflow/example_dags/example_sensors.py
[2025-03-25T19:47:24.854+0000] {processor.py:743} INFO - Processing file /home/airflow/.local/lib/python3.7/site-packages/airflow/example_dags/example_sensors.py for tasks to queue
[2025-03-25T19:47:24.854+0000] {logging_mixin.py:137} INFO - [2025-03-25T19:47:24.854+0000] {dagbag.py:538} INFO - Filling up the DagBag from /home/airflow/.local/lib/python3.7/site-packages/airflow/example_dags/example_sensors.py
[2025-03-25T19:47:24.902+0000] {processor.py:753} INFO - DAG(s) dict_keys(['example_sensors']) retrieved from /home/airflow/.local/lib/python3.7/site-packages/airflow/example_dags/example_sensors.py
[2025-03-25T19:47:24.995+0000] {logging_mixin.py:137} INFO - [2025-03-25T19:47:24.994+0000] {dag.py:2676} INFO - Sync 1 DAGs
[2025-03-25T19:47:25.035+0000] {logging_mixin.py:137} INFO - [2025-03-25T19:47:25.034+0000] {dag.py:3427} INFO - Setting next_dagrun for example_sensors to None, run_after=None
[2025-03-25T19:47:25.060+0000] {processor.py:175} INFO - Processing /home/airflow/.local/lib/python3.7/site-packages/airflow/example_dags/example_sensors.py took 0.210 seconds
[2025-03-25T19:48:25.391+0000] {processor.py:153} INFO - Started process (PID=168) to work on /home/airflow/.local/lib/python3.7/site-packages/airflow/example_dags/example_sensors.py
[2025-03-25T19:48:25.414+0000] {processor.py:743} INFO - Processing file /home/airflow/.local/lib/python3.7/site-packages/airflow/example_dags/example_sensors.py for tasks to queue
[2025-03-25T19:48:25.423+0000] {logging_mixin.py:137} INFO - [2025-03-25T19:48:25.422+0000] {dagbag.py:538} INFO - Filling up the DagBag from /home/airflow/.local/lib/python3.7/site-packages/airflow/example_dags/example_sensors.py
[2025-03-25T19:48:25.655+0000] {processor.py:753} INFO - DAG(s) dict_keys(['example_sensors']) retrieved from /home/airflow/.local/lib/python3.7/site-packages/airflow/example_dags/example_sensors.py
[2025-03-25T19:48:26.184+0000] {logging_mixin.py:137} INFO - [2025-03-25T19:48:26.182+0000] {dag.py:2676} INFO - Sync 1 DAGs
[2025-03-25T19:48:26.383+0000] {logging_mixin.py:137} INFO - [2025-03-25T19:48:26.382+0000] {dag.py:3427} INFO - Setting next_dagrun for example_sensors to None, run_after=None
[2025-03-25T19:48:26.609+0000] {processor.py:175} INFO - Processing /home/airflow/.local/lib/python3.7/site-packages/airflow/example_dags/example_sensors.py took 1.247 seconds
[2025-03-25T19:48:57.071+0000] {processor.py:153} INFO - Started process (PID=239) to work on /home/airflow/.local/lib/python3.7/site-packages/airflow/example_dags/example_sensors.py
[2025-03-25T19:48:57.077+0000] {processor.py:743} INFO - Processing file /home/airflow/.local/lib/python3.7/site-packages/airflow/example_dags/example_sensors.py for tasks to queue
[2025-03-25T19:48:57.079+0000] {logging_mixin.py:137} INFO - [2025-03-25T19:48:57.078+0000] {dagbag.py:538} INFO - Filling up the DagBag from /home/airflow/.local/lib/python3.7/site-packages/airflow/example_dags/example_sensors.py
[2025-03-25T19:48:57.169+0000] {processor.py:753} INFO - DAG(s) dict_keys(['example_sensors']) retrieved from /home/airflow/.local/lib/python3.7/site-packages/airflow/example_dags/example_sensors.py
[2025-03-25T19:48:57.248+0000] {logging_mixin.py:137} INFO - [2025-03-25T19:48:57.248+0000] {dag.py:2676} INFO - Sync 1 DAGs
[2025-03-25T19:48:57.303+0000] {logging_mixin.py:137} INFO - [2025-03-25T19:48:57.303+0000] {dag.py:3427} INFO - Setting next_dagrun for example_sensors to None, run_after=None
[2025-03-25T19:48:57.347+0000] {processor.py:175} INFO - Processing /home/airflow/.local/lib/python3.7/site-packages/airflow/example_dags/example_sensors.py took 0.286 seconds
[2025-03-25T19:49:31.783+0000] {processor.py:153} INFO - Started process (PID=299) to work on /home/airflow/.local/lib/python3.7/site-packages/airflow/example_dags/example_sensors.py
[2025-03-25T19:49:31.790+0000] {processor.py:743} INFO - Processing file /home/airflow/.local/lib/python3.7/site-packages/airflow/example_dags/example_sensors.py for tasks to queue
[2025-03-25T19:49:31.820+0000] {logging_mixin.py:137} INFO - [2025-03-25T19:49:31.815+0000] {dagbag.py:538} INFO - Filling up the DagBag from /home/airflow/.local/lib/python3.7/site-packages/airflow/example_dags/example_sensors.py
[2025-03-25T19:49:32.861+0000] {processor.py:753} INFO - DAG(s) dict_keys(['example_sensors']) retrieved from /home/airflow/.local/lib/python3.7/site-packages/airflow/example_dags/example_sensors.py
[2025-03-25T19:49:33.889+0000] {logging_mixin.py:137} INFO - [2025-03-25T19:49:33.887+0000] {dag.py:2676} INFO - Sync 1 DAGs
[2025-03-25T19:49:34.170+0000] {logging_mixin.py:137} INFO - [2025-03-25T19:49:34.169+0000] {dag.py:3427} INFO - Setting next_dagrun for example_sensors to None, run_after=None
[2025-03-25T19:49:34.342+0000] {processor.py:175} INFO - Processing /home/airflow/.local/lib/python3.7/site-packages/airflow/example_dags/example_sensors.py took 2.646 seconds
[2025-03-25T19:57:00.981+0000] {processor.py:153} INFO - Started process (PID=537) to work on /home/airflow/.local/lib/python3.7/site-packages/airflow/example_dags/example_sensors.py
[2025-03-25T19:57:02.085+0000] {processor.py:743} INFO - Processing file /home/airflow/.local/lib/python3.7/site-packages/airflow/example_dags/example_sensors.py for tasks to queue
[2025-03-25T19:57:02.596+0000] {logging_mixin.py:137} INFO - [2025-03-25T19:57:02.556+0000] {dagbag.py:538} INFO - Filling up the DagBag from /home/airflow/.local/lib/python3.7/site-packages/airflow/example_dags/example_sensors.py
[2025-03-25T19:57:23.251+0000] {processor.py:753} INFO - DAG(s) dict_keys(['example_sensors']) retrieved from /home/airflow/.local/lib/python3.7/site-packages/airflow/example_dags/example_sensors.py
