[2025-03-25T19:47:23.082+0000] {processor.py:153} INFO - Started process (PID=71) to work on /home/airflow/.local/lib/python3.7/site-packages/airflow/example_dags/example_time_delta_sensor_async.py
[2025-03-25T19:47:23.083+0000] {processor.py:743} INFO - Processing file /home/airflow/.local/lib/python3.7/site-packages/airflow/example_dags/example_time_delta_sensor_async.py for tasks to queue
[2025-03-25T19:47:23.084+0000] {logging_mixin.py:137} INFO - [2025-03-25T19:47:23.084+0000] {dagbag.py:538} INFO - Filling up the DagBag from /home/airflow/.local/lib/python3.7/site-packages/airflow/example_dags/example_time_delta_sensor_async.py
[2025-03-25T19:47:23.114+0000] {processor.py:753} INFO - DAG(s) dict_keys(['example_time_delta_sensor_async']) retrieved from /home/airflow/.local/lib/python3.7/site-packages/airflow/example_dags/example_time_delta_sensor_async.py
[2025-03-25T19:47:23.158+0000] {logging_mixin.py:137} INFO - [2025-03-25T19:47:23.158+0000] {dag.py:2676} INFO - Sync 1 DAGs
[2025-03-25T19:47:23.210+0000] {logging_mixin.py:137} INFO - [2025-03-25T19:47:23.210+0000] {dag.py:3427} INFO - Setting next_dagrun for example_time_delta_sensor_async to None, run_after=None
[2025-03-25T19:47:23.263+0000] {processor.py:175} INFO - Processing /home/airflow/.local/lib/python3.7/site-packages/airflow/example_dags/example_time_delta_sensor_async.py took 0.187 seconds
[2025-03-25T19:48:14.197+0000] {processor.py:153} INFO - Started process (PID=150) to work on /home/airflow/.local/lib/python3.7/site-packages/airflow/example_dags/example_time_delta_sensor_async.py
[2025-03-25T19:48:14.222+0000] {processor.py:743} INFO - Processing file /home/airflow/.local/lib/python3.7/site-packages/airflow/example_dags/example_time_delta_sensor_async.py for tasks to queue
[2025-03-25T19:48:14.229+0000] {logging_mixin.py:137} INFO - [2025-03-25T19:48:14.229+0000] {dagbag.py:538} INFO - Filling up the DagBag from /home/airflow/.local/lib/python3.7/site-packages/airflow/example_dags/example_time_delta_sensor_async.py
[2025-03-25T19:48:14.435+0000] {processor.py:753} INFO - DAG(s) dict_keys(['example_time_delta_sensor_async']) retrieved from /home/airflow/.local/lib/python3.7/site-packages/airflow/example_dags/example_time_delta_sensor_async.py
[2025-03-25T19:48:15.649+0000] {logging_mixin.py:137} INFO - [2025-03-25T19:48:15.625+0000] {dag.py:2676} INFO - Sync 1 DAGs
[2025-03-25T19:48:15.913+0000] {logging_mixin.py:137} INFO - [2025-03-25T19:48:15.913+0000] {dag.py:3427} INFO - Setting next_dagrun for example_time_delta_sensor_async to None, run_after=None
[2025-03-25T19:48:16.082+0000] {processor.py:175} INFO - Processing /home/airflow/.local/lib/python3.7/site-packages/airflow/example_dags/example_time_delta_sensor_async.py took 2.065 seconds
[2025-03-25T19:48:46.777+0000] {processor.py:153} INFO - Started process (PID=211) to work on /home/airflow/.local/lib/python3.7/site-packages/airflow/example_dags/example_time_delta_sensor_async.py
[2025-03-25T19:48:46.810+0000] {processor.py:743} INFO - Processing file /home/airflow/.local/lib/python3.7/site-packages/airflow/example_dags/example_time_delta_sensor_async.py for tasks to queue
[2025-03-25T19:48:46.817+0000] {logging_mixin.py:137} INFO - [2025-03-25T19:48:46.816+0000] {dagbag.py:538} INFO - Filling up the DagBag from /home/airflow/.local/lib/python3.7/site-packages/airflow/example_dags/example_time_delta_sensor_async.py
[2025-03-25T19:48:47.041+0000] {processor.py:753} INFO - DAG(s) dict_keys(['example_time_delta_sensor_async']) retrieved from /home/airflow/.local/lib/python3.7/site-packages/airflow/example_dags/example_time_delta_sensor_async.py
[2025-03-25T19:48:47.424+0000] {logging_mixin.py:137} INFO - [2025-03-25T19:48:47.423+0000] {dag.py:2676} INFO - Sync 1 DAGs
[2025-03-25T19:48:47.950+0000] {logging_mixin.py:137} INFO - [2025-03-25T19:48:47.948+0000] {dag.py:3427} INFO - Setting next_dagrun for example_time_delta_sensor_async to None, run_after=None
[2025-03-25T19:48:48.039+0000] {processor.py:175} INFO - Processing /home/airflow/.local/lib/python3.7/site-packages/airflow/example_dags/example_time_delta_sensor_async.py took 1.331 seconds
[2025-03-25T19:49:19.013+0000] {processor.py:153} INFO - Started process (PID=282) to work on /home/airflow/.local/lib/python3.7/site-packages/airflow/example_dags/example_time_delta_sensor_async.py
[2025-03-25T19:49:19.018+0000] {processor.py:743} INFO - Processing file /home/airflow/.local/lib/python3.7/site-packages/airflow/example_dags/example_time_delta_sensor_async.py for tasks to queue
[2025-03-25T19:49:19.022+0000] {logging_mixin.py:137} INFO - [2025-03-25T19:49:19.021+0000] {dagbag.py:538} INFO - Filling up the DagBag from /home/airflow/.local/lib/python3.7/site-packages/airflow/example_dags/example_time_delta_sensor_async.py
[2025-03-25T19:49:19.182+0000] {processor.py:753} INFO - DAG(s) dict_keys(['example_time_delta_sensor_async']) retrieved from /home/airflow/.local/lib/python3.7/site-packages/airflow/example_dags/example_time_delta_sensor_async.py
[2025-03-25T19:49:19.551+0000] {logging_mixin.py:137} INFO - [2025-03-25T19:49:19.551+0000] {dag.py:2676} INFO - Sync 1 DAGs
[2025-03-25T19:49:19.670+0000] {logging_mixin.py:137} INFO - [2025-03-25T19:49:19.669+0000] {dag.py:3427} INFO - Setting next_dagrun for example_time_delta_sensor_async to None, run_after=None
[2025-03-25T19:49:19.892+0000] {processor.py:175} INFO - Processing /home/airflow/.local/lib/python3.7/site-packages/airflow/example_dags/example_time_delta_sensor_async.py took 0.925 seconds
[2025-03-25T19:51:35.019+0000] {processor.py:153} INFO - Started process (PID=409) to work on /home/airflow/.local/lib/python3.7/site-packages/airflow/example_dags/example_time_delta_sensor_async.py
[2025-03-25T19:51:35.187+0000] {processor.py:743} INFO - Processing file /home/airflow/.local/lib/python3.7/site-packages/airflow/example_dags/example_time_delta_sensor_async.py for tasks to queue
[2025-03-25T19:51:35.364+0000] {logging_mixin.py:137} INFO - [2025-03-25T19:51:35.322+0000] {dagbag.py:538} INFO - Filling up the DagBag from /home/airflow/.local/lib/python3.7/site-packages/airflow/example_dags/example_time_delta_sensor_async.py
[2025-03-25T19:51:42.801+0000] {processor.py:753} INFO - DAG(s) dict_keys(['example_time_delta_sensor_async']) retrieved from /home/airflow/.local/lib/python3.7/site-packages/airflow/example_dags/example_time_delta_sensor_async.py
[2025-03-25T19:51:50.517+0000] {logging_mixin.py:137} INFO - [2025-03-25T19:51:50.458+0000] {dag.py:2676} INFO - Sync 1 DAGs
[2025-03-25T19:51:54.607+0000] {logging_mixin.py:137} INFO - [2025-03-25T19:51:54.503+0000] {dag.py:3427} INFO - Setting next_dagrun for example_time_delta_sensor_async to None, run_after=None
[2025-03-25T19:52:20.135+0000] {processor.py:175} INFO - Processing /home/airflow/.local/lib/python3.7/site-packages/airflow/example_dags/example_time_delta_sensor_async.py took 45.353 seconds
