[2025-03-25T19:47:25.601+0000] {processor.py:153} INFO - Started process (PID=87) to work on /home/airflow/.local/lib/python3.7/site-packages/airflow/example_dags/example_short_circuit_decorator.py
[2025-03-25T19:47:25.601+0000] {processor.py:743} INFO - Processing file /home/airflow/.local/lib/python3.7/site-packages/airflow/example_dags/example_short_circuit_decorator.py for tasks to queue
[2025-03-25T19:47:25.602+0000] {logging_mixin.py:137} INFO - [2025-03-25T19:47:25.602+0000] {dagbag.py:538} INFO - Filling up the DagBag from /home/airflow/.local/lib/python3.7/site-packages/airflow/example_dags/example_short_circuit_decorator.py
[2025-03-25T19:47:25.631+0000] {processor.py:753} INFO - DAG(s) dict_keys(['example_short_circuit_decorator']) retrieved from /home/airflow/.local/lib/python3.7/site-packages/airflow/example_dags/example_short_circuit_decorator.py
[2025-03-25T19:47:25.667+0000] {logging_mixin.py:137} INFO - [2025-03-25T19:47:25.667+0000] {dag.py:2676} INFO - Sync 1 DAGs
[2025-03-25T19:47:25.691+0000] {logging_mixin.py:137} INFO - [2025-03-25T19:47:25.690+0000] {dag.py:3427} INFO - Setting next_dagrun for example_short_circuit_decorator to 2025-03-24T19:47:25.690712+00:00, run_after=2025-03-25T19:47:25.690712+00:00
[2025-03-25T19:47:25.706+0000] {processor.py:175} INFO - Processing /home/airflow/.local/lib/python3.7/site-packages/airflow/example_dags/example_short_circuit_decorator.py took 0.108 seconds
[2025-03-25T19:48:29.046+0000] {processor.py:153} INFO - Started process (PID=173) to work on /home/airflow/.local/lib/python3.7/site-packages/airflow/example_dags/example_short_circuit_decorator.py
[2025-03-25T19:48:29.054+0000] {processor.py:743} INFO - Processing file /home/airflow/.local/lib/python3.7/site-packages/airflow/example_dags/example_short_circuit_decorator.py for tasks to queue
[2025-03-25T19:48:29.065+0000] {logging_mixin.py:137} INFO - [2025-03-25T19:48:29.065+0000] {dagbag.py:538} INFO - Filling up the DagBag from /home/airflow/.local/lib/python3.7/site-packages/airflow/example_dags/example_short_circuit_decorator.py
[2025-03-25T19:48:29.331+0000] {processor.py:753} INFO - DAG(s) dict_keys(['example_short_circuit_decorator']) retrieved from /home/airflow/.local/lib/python3.7/site-packages/airflow/example_dags/example_short_circuit_decorator.py
[2025-03-25T19:48:29.747+0000] {logging_mixin.py:137} INFO - [2025-03-25T19:48:29.740+0000] {dag.py:2676} INFO - Sync 1 DAGs
[2025-03-25T19:48:30.010+0000] {logging_mixin.py:137} INFO - [2025-03-25T19:48:30.009+0000] {dag.py:3427} INFO - Setting next_dagrun for example_short_circuit_decorator to 2025-03-24T19:48:30.000813+00:00, run_after=2025-03-25T19:48:30.000813+00:00
[2025-03-25T19:48:30.313+0000] {processor.py:175} INFO - Processing /home/airflow/.local/lib/python3.7/site-packages/airflow/example_dags/example_short_circuit_decorator.py took 1.277 seconds
[2025-03-25T19:49:01.642+0000] {processor.py:153} INFO - Started process (PID=245) to work on /home/airflow/.local/lib/python3.7/site-packages/airflow/example_dags/example_short_circuit_decorator.py
[2025-03-25T19:49:01.644+0000] {processor.py:743} INFO - Processing file /home/airflow/.local/lib/python3.7/site-packages/airflow/example_dags/example_short_circuit_decorator.py for tasks to queue
[2025-03-25T19:49:01.646+0000] {logging_mixin.py:137} INFO - [2025-03-25T19:49:01.646+0000] {dagbag.py:538} INFO - Filling up the DagBag from /home/airflow/.local/lib/python3.7/site-packages/airflow/example_dags/example_short_circuit_decorator.py
[2025-03-25T19:49:01.786+0000] {processor.py:753} INFO - DAG(s) dict_keys(['example_short_circuit_decorator']) retrieved from /home/airflow/.local/lib/python3.7/site-packages/airflow/example_dags/example_short_circuit_decorator.py
[2025-03-25T19:49:01.926+0000] {logging_mixin.py:137} INFO - [2025-03-25T19:49:01.925+0000] {dag.py:2676} INFO - Sync 1 DAGs
[2025-03-25T19:49:02.013+0000] {logging_mixin.py:137} INFO - [2025-03-25T19:49:02.013+0000] {dag.py:3427} INFO - Setting next_dagrun for example_short_circuit_decorator to 2025-03-24T19:49:02.012058+00:00, run_after=2025-03-25T19:49:02.012058+00:00
[2025-03-25T19:49:02.063+0000] {processor.py:175} INFO - Processing /home/airflow/.local/lib/python3.7/site-packages/airflow/example_dags/example_short_circuit_decorator.py took 0.440 seconds
[2025-03-25T19:50:07.223+0000] {processor.py:153} INFO - Started process (PID=340) to work on /home/airflow/.local/lib/python3.7/site-packages/airflow/example_dags/example_short_circuit_decorator.py
[2025-03-25T19:50:07.233+0000] {processor.py:743} INFO - Processing file /home/airflow/.local/lib/python3.7/site-packages/airflow/example_dags/example_short_circuit_decorator.py for tasks to queue
[2025-03-25T19:50:07.241+0000] {logging_mixin.py:137} INFO - [2025-03-25T19:50:07.241+0000] {dagbag.py:538} INFO - Filling up the DagBag from /home/airflow/.local/lib/python3.7/site-packages/airflow/example_dags/example_short_circuit_decorator.py
[2025-03-25T19:50:07.675+0000] {processor.py:753} INFO - DAG(s) dict_keys(['example_short_circuit_decorator']) retrieved from /home/airflow/.local/lib/python3.7/site-packages/airflow/example_dags/example_short_circuit_decorator.py
[2025-03-25T19:50:08.644+0000] {logging_mixin.py:137} INFO - [2025-03-25T19:50:08.601+0000] {dag.py:2676} INFO - Sync 1 DAGs
[2025-03-25T19:50:10.428+0000] {logging_mixin.py:137} INFO - [2025-03-25T19:50:10.422+0000] {dag.py:3427} INFO - Setting next_dagrun for example_short_circuit_decorator to 2025-03-24T19:50:10.385445+00:00, run_after=2025-03-25T19:50:10.385445+00:00
[2025-03-25T19:50:11.161+0000] {processor.py:175} INFO - Processing /home/airflow/.local/lib/python3.7/site-packages/airflow/example_dags/example_short_circuit_decorator.py took 3.986 seconds
