[2025-03-25T19:47:21.222+0000] {processor.py:153} INFO - Started process (PID=61) to work on /home/airflow/.local/lib/python3.7/site-packages/airflow/example_dags/example_complex.py
[2025-03-25T19:47:21.224+0000] {processor.py:743} INFO - Processing file /home/airflow/.local/lib/python3.7/site-packages/airflow/example_dags/example_complex.py for tasks to queue
[2025-03-25T19:47:21.224+0000] {logging_mixin.py:137} INFO - [2025-03-25T19:47:21.224+0000] {dagbag.py:538} INFO - Filling up the DagBag from /home/airflow/.local/lib/python3.7/site-packages/airflow/example_dags/example_complex.py
[2025-03-25T19:47:21.240+0000] {logging_mixin.py:137} INFO - [2025-03-25T19:47:21.240+0000] {taskmixin.py:205} WARNING - Dependency <Task(BashOperator): create_entry_group>, delete_entry_group already registered for DAG: example_complex
[2025-03-25T19:47:21.240+0000] {logging_mixin.py:137} INFO - [2025-03-25T19:47:21.240+0000] {taskmixin.py:205} WARNING - Dependency <Task(BashOperator): delete_entry_group>, create_entry_group already registered for DAG: example_complex
[2025-03-25T19:47:21.241+0000] {logging_mixin.py:137} INFO - [2025-03-25T19:47:21.241+0000] {taskmixin.py:205} WARNING - Dependency <Task(BashOperator): create_entry_gcs>, delete_entry already registered for DAG: example_complex
[2025-03-25T19:47:21.241+0000] {logging_mixin.py:137} INFO - [2025-03-25T19:47:21.241+0000] {taskmixin.py:205} WARNING - Dependency <Task(BashOperator): delete_entry>, create_entry_gcs already registered for DAG: example_complex
[2025-03-25T19:47:21.242+0000] {logging_mixin.py:137} INFO - [2025-03-25T19:47:21.242+0000] {taskmixin.py:205} WARNING - Dependency <Task(BashOperator): create_tag>, delete_tag already registered for DAG: example_complex
[2025-03-25T19:47:21.242+0000] {logging_mixin.py:137} INFO - [2025-03-25T19:47:21.242+0000] {taskmixin.py:205} WARNING - Dependency <Task(BashOperator): delete_tag>, create_tag already registered for DAG: example_complex
[2025-03-25T19:47:21.251+0000] {processor.py:753} INFO - DAG(s) dict_keys(['example_complex']) retrieved from /home/airflow/.local/lib/python3.7/site-packages/airflow/example_dags/example_complex.py
[2025-03-25T19:47:21.352+0000] {logging_mixin.py:137} INFO - [2025-03-25T19:47:21.352+0000] {dag.py:2676} INFO - Sync 1 DAGs
[2025-03-25T19:47:21.431+0000] {logging_mixin.py:137} INFO - [2025-03-25T19:47:21.431+0000] {dag.py:3427} INFO - Setting next_dagrun for example_complex to None, run_after=None
[2025-03-25T19:47:21.512+0000] {processor.py:175} INFO - Processing /home/airflow/.local/lib/python3.7/site-packages/airflow/example_dags/example_complex.py took 0.293 seconds
[2025-03-25T19:47:57.203+0000] {processor.py:153} INFO - Started process (PID=131) to work on /home/airflow/.local/lib/python3.7/site-packages/airflow/example_dags/example_complex.py
[2025-03-25T19:47:57.227+0000] {processor.py:743} INFO - Processing file /home/airflow/.local/lib/python3.7/site-packages/airflow/example_dags/example_complex.py for tasks to queue
[2025-03-25T19:47:57.239+0000] {logging_mixin.py:137} INFO - [2025-03-25T19:47:57.236+0000] {dagbag.py:538} INFO - Filling up the DagBag from /home/airflow/.local/lib/python3.7/site-packages/airflow/example_dags/example_complex.py
[2025-03-25T19:47:57.511+0000] {logging_mixin.py:137} INFO - [2025-03-25T19:47:57.508+0000] {taskmixin.py:205} WARNING - Dependency <Task(BashOperator): create_entry_group>, delete_entry_group already registered for DAG: example_complex
[2025-03-25T19:47:57.521+0000] {logging_mixin.py:137} INFO - [2025-03-25T19:47:57.521+0000] {taskmixin.py:205} WARNING - Dependency <Task(BashOperator): delete_entry_group>, create_entry_group already registered for DAG: example_complex
[2025-03-25T19:47:57.539+0000] {logging_mixin.py:137} INFO - [2025-03-25T19:47:57.532+0000] {taskmixin.py:205} WARNING - Dependency <Task(BashOperator): create_entry_gcs>, delete_entry already registered for DAG: example_complex
[2025-03-25T19:47:57.540+0000] {logging_mixin.py:137} INFO - [2025-03-25T19:47:57.540+0000] {taskmixin.py:205} WARNING - Dependency <Task(BashOperator): delete_entry>, create_entry_gcs already registered for DAG: example_complex
[2025-03-25T19:47:57.543+0000] {logging_mixin.py:137} INFO - [2025-03-25T19:47:57.543+0000] {taskmixin.py:205} WARNING - Dependency <Task(BashOperator): create_tag>, delete_tag already registered for DAG: example_complex
[2025-03-25T19:47:57.546+0000] {logging_mixin.py:137} INFO - [2025-03-25T19:47:57.546+0000] {taskmixin.py:205} WARNING - Dependency <Task(BashOperator): delete_tag>, create_tag already registered for DAG: example_complex
[2025-03-25T19:47:57.773+0000] {processor.py:753} INFO - DAG(s) dict_keys(['example_complex']) retrieved from /home/airflow/.local/lib/python3.7/site-packages/airflow/example_dags/example_complex.py
[2025-03-25T19:47:58.199+0000] {logging_mixin.py:137} INFO - [2025-03-25T19:47:58.196+0000] {dag.py:2676} INFO - Sync 1 DAGs
[2025-03-25T19:47:58.355+0000] {logging_mixin.py:137} INFO - [2025-03-25T19:47:58.355+0000] {dag.py:3427} INFO - Setting next_dagrun for example_complex to None, run_after=None
[2025-03-25T19:47:58.522+0000] {processor.py:175} INFO - Processing /home/airflow/.local/lib/python3.7/site-packages/airflow/example_dags/example_complex.py took 1.354 seconds
[2025-03-25T19:48:36.985+0000] {processor.py:153} INFO - Started process (PID=199) to work on /home/airflow/.local/lib/python3.7/site-packages/airflow/example_dags/example_complex.py
[2025-03-25T19:48:36.988+0000] {processor.py:743} INFO - Processing file /home/airflow/.local/lib/python3.7/site-packages/airflow/example_dags/example_complex.py for tasks to queue
[2025-03-25T19:48:36.994+0000] {logging_mixin.py:137} INFO - [2025-03-25T19:48:36.991+0000] {dagbag.py:538} INFO - Filling up the DagBag from /home/airflow/.local/lib/python3.7/site-packages/airflow/example_dags/example_complex.py
[2025-03-25T19:48:37.059+0000] {logging_mixin.py:137} INFO - [2025-03-25T19:48:37.059+0000] {taskmixin.py:205} WARNING - Dependency <Task(BashOperator): create_entry_group>, delete_entry_group already registered for DAG: example_complex
[2025-03-25T19:48:37.059+0000] {logging_mixin.py:137} INFO - [2025-03-25T19:48:37.059+0000] {taskmixin.py:205} WARNING - Dependency <Task(BashOperator): delete_entry_group>, create_entry_group already registered for DAG: example_complex
[2025-03-25T19:48:37.060+0000] {logging_mixin.py:137} INFO - [2025-03-25T19:48:37.059+0000] {taskmixin.py:205} WARNING - Dependency <Task(BashOperator): create_entry_gcs>, delete_entry already registered for DAG: example_complex
[2025-03-25T19:48:37.060+0000] {logging_mixin.py:137} INFO - [2025-03-25T19:48:37.060+0000] {taskmixin.py:205} WARNING - Dependency <Task(BashOperator): delete_entry>, create_entry_gcs already registered for DAG: example_complex
[2025-03-25T19:48:37.061+0000] {logging_mixin.py:137} INFO - [2025-03-25T19:48:37.060+0000] {taskmixin.py:205} WARNING - Dependency <Task(BashOperator): create_tag>, delete_tag already registered for DAG: example_complex
[2025-03-25T19:48:37.063+0000] {logging_mixin.py:137} INFO - [2025-03-25T19:48:37.062+0000] {taskmixin.py:205} WARNING - Dependency <Task(BashOperator): delete_tag>, create_tag already registered for DAG: example_complex
[2025-03-25T19:48:37.120+0000] {processor.py:753} INFO - DAG(s) dict_keys(['example_complex']) retrieved from /home/airflow/.local/lib/python3.7/site-packages/airflow/example_dags/example_complex.py
[2025-03-25T19:48:37.281+0000] {logging_mixin.py:137} INFO - [2025-03-25T19:48:37.280+0000] {dag.py:2676} INFO - Sync 1 DAGs
[2025-03-25T19:48:37.346+0000] {logging_mixin.py:137} INFO - [2025-03-25T19:48:37.345+0000] {dag.py:3427} INFO - Setting next_dagrun for example_complex to None, run_after=None
[2025-03-25T19:48:37.399+0000] {processor.py:175} INFO - Processing /home/airflow/.local/lib/python3.7/site-packages/airflow/example_dags/example_complex.py took 0.431 seconds
[2025-03-25T19:49:08.563+0000] {processor.py:153} INFO - Started process (PID=254) to work on /home/airflow/.local/lib/python3.7/site-packages/airflow/example_dags/example_complex.py
[2025-03-25T19:49:08.569+0000] {processor.py:743} INFO - Processing file /home/airflow/.local/lib/python3.7/site-packages/airflow/example_dags/example_complex.py for tasks to queue
[2025-03-25T19:49:08.572+0000] {logging_mixin.py:137} INFO - [2025-03-25T19:49:08.571+0000] {dagbag.py:538} INFO - Filling up the DagBag from /home/airflow/.local/lib/python3.7/site-packages/airflow/example_dags/example_complex.py
[2025-03-25T19:49:08.638+0000] {logging_mixin.py:137} INFO - [2025-03-25T19:49:08.637+0000] {taskmixin.py:205} WARNING - Dependency <Task(BashOperator): create_entry_group>, delete_entry_group already registered for DAG: example_complex
[2025-03-25T19:49:08.638+0000] {logging_mixin.py:137} INFO - [2025-03-25T19:49:08.638+0000] {taskmixin.py:205} WARNING - Dependency <Task(BashOperator): delete_entry_group>, create_entry_group already registered for DAG: example_complex
[2025-03-25T19:49:08.639+0000] {logging_mixin.py:137} INFO - [2025-03-25T19:49:08.639+0000] {taskmixin.py:205} WARNING - Dependency <Task(BashOperator): create_entry_gcs>, delete_entry already registered for DAG: example_complex
[2025-03-25T19:49:08.639+0000] {logging_mixin.py:137} INFO - [2025-03-25T19:49:08.639+0000] {taskmixin.py:205} WARNING - Dependency <Task(BashOperator): delete_entry>, create_entry_gcs already registered for DAG: example_complex
[2025-03-25T19:49:08.640+0000] {logging_mixin.py:137} INFO - [2025-03-25T19:49:08.639+0000] {taskmixin.py:205} WARNING - Dependency <Task(BashOperator): create_tag>, delete_tag already registered for DAG: example_complex
[2025-03-25T19:49:08.640+0000] {logging_mixin.py:137} INFO - [2025-03-25T19:49:08.640+0000] {taskmixin.py:205} WARNING - Dependency <Task(BashOperator): delete_tag>, create_tag already registered for DAG: example_complex
[2025-03-25T19:49:08.685+0000] {processor.py:753} INFO - DAG(s) dict_keys(['example_complex']) retrieved from /home/airflow/.local/lib/python3.7/site-packages/airflow/example_dags/example_complex.py
[2025-03-25T19:49:08.959+0000] {logging_mixin.py:137} INFO - [2025-03-25T19:49:08.957+0000] {dag.py:2676} INFO - Sync 1 DAGs
[2025-03-25T19:49:09.232+0000] {logging_mixin.py:137} INFO - [2025-03-25T19:49:09.229+0000] {dag.py:3427} INFO - Setting next_dagrun for example_complex to None, run_after=None
[2025-03-25T19:49:09.676+0000] {processor.py:175} INFO - Processing /home/airflow/.local/lib/python3.7/site-packages/airflow/example_dags/example_complex.py took 1.131 seconds
[2025-03-25T19:50:04.139+0000] {processor.py:153} INFO - Started process (PID=332) to work on /home/airflow/.local/lib/python3.7/site-packages/airflow/example_dags/example_complex.py
[2025-03-25T19:50:04.157+0000] {processor.py:743} INFO - Processing file /home/airflow/.local/lib/python3.7/site-packages/airflow/example_dags/example_complex.py for tasks to queue
[2025-03-25T19:50:04.165+0000] {logging_mixin.py:137} INFO - [2025-03-25T19:50:04.164+0000] {dagbag.py:538} INFO - Filling up the DagBag from /home/airflow/.local/lib/python3.7/site-packages/airflow/example_dags/example_complex.py
[2025-03-25T19:50:04.429+0000] {logging_mixin.py:137} INFO - [2025-03-25T19:50:04.428+0000] {taskmixin.py:205} WARNING - Dependency <Task(BashOperator): create_entry_group>, delete_entry_group already registered for DAG: example_complex
[2025-03-25T19:50:04.430+0000] {logging_mixin.py:137} INFO - [2025-03-25T19:50:04.429+0000] {taskmixin.py:205} WARNING - Dependency <Task(BashOperator): delete_entry_group>, create_entry_group already registered for DAG: example_complex
[2025-03-25T19:50:04.435+0000] {logging_mixin.py:137} INFO - [2025-03-25T19:50:04.435+0000] {taskmixin.py:205} WARNING - Dependency <Task(BashOperator): create_entry_gcs>, delete_entry already registered for DAG: example_complex
[2025-03-25T19:50:04.437+0000] {logging_mixin.py:137} INFO - [2025-03-25T19:50:04.437+0000] {taskmixin.py:205} WARNING - Dependency <Task(BashOperator): delete_entry>, create_entry_gcs already registered for DAG: example_complex
[2025-03-25T19:50:04.440+0000] {logging_mixin.py:137} INFO - [2025-03-25T19:50:04.439+0000] {taskmixin.py:205} WARNING - Dependency <Task(BashOperator): create_tag>, delete_tag already registered for DAG: example_complex
[2025-03-25T19:50:04.445+0000] {logging_mixin.py:137} INFO - [2025-03-25T19:50:04.444+0000] {taskmixin.py:205} WARNING - Dependency <Task(BashOperator): delete_tag>, create_tag already registered for DAG: example_complex
[2025-03-25T19:50:04.561+0000] {processor.py:753} INFO - DAG(s) dict_keys(['example_complex']) retrieved from /home/airflow/.local/lib/python3.7/site-packages/airflow/example_dags/example_complex.py
[2025-03-25T19:50:06.004+0000] {logging_mixin.py:137} INFO - [2025-03-25T19:50:05.976+0000] {dag.py:2676} INFO - Sync 1 DAGs
[2025-03-25T19:50:06.606+0000] {logging_mixin.py:137} INFO - [2025-03-25T19:50:06.597+0000] {dag.py:3427} INFO - Setting next_dagrun for example_complex to None, run_after=None
[2025-03-25T19:50:06.855+0000] {processor.py:175} INFO - Processing /home/airflow/.local/lib/python3.7/site-packages/airflow/example_dags/example_complex.py took 2.769 seconds
