[2025-03-25T19:47:19.950+0000] {processor.py:153} INFO - Started process (PID=52) to work on /home/airflow/.local/lib/python3.7/site-packages/airflow/example_dags/example_short_circuit_operator.py
[2025-03-25T19:47:19.953+0000] {processor.py:743} INFO - Processing file /home/airflow/.local/lib/python3.7/site-packages/airflow/example_dags/example_short_circuit_operator.py for tasks to queue
[2025-03-25T19:47:19.958+0000] {logging_mixin.py:137} INFO - [2025-03-25T19:47:19.957+0000] {dagbag.py:538} INFO - Filling up the DagBag from /home/airflow/.local/lib/python3.7/site-packages/airflow/example_dags/example_short_circuit_operator.py
[2025-03-25T19:47:20.044+0000] {processor.py:753} INFO - DAG(s) dict_keys(['example_short_circuit_operator']) retrieved from /home/airflow/.local/lib/python3.7/site-packages/airflow/example_dags/example_short_circuit_operator.py
[2025-03-25T19:47:20.097+0000] {logging_mixin.py:137} INFO - [2025-03-25T19:47:20.097+0000] {dag.py:2676} INFO - Sync 1 DAGs
[2025-03-25T19:47:20.150+0000] {logging_mixin.py:137} INFO - [2025-03-25T19:47:20.150+0000] {dag.py:3427} INFO - Setting next_dagrun for example_short_circuit_operator to 2025-03-24T19:47:20.149386+00:00, run_after=2025-03-25T19:47:20.149386+00:00
[2025-03-25T19:47:20.199+0000] {processor.py:175} INFO - Processing /home/airflow/.local/lib/python3.7/site-packages/airflow/example_dags/example_short_circuit_operator.py took 0.264 seconds
[2025-03-25T19:47:50.913+0000] {processor.py:153} INFO - Started process (PID=122) to work on /home/airflow/.local/lib/python3.7/site-packages/airflow/example_dags/example_short_circuit_operator.py
[2025-03-25T19:47:50.922+0000] {processor.py:743} INFO - Processing file /home/airflow/.local/lib/python3.7/site-packages/airflow/example_dags/example_short_circuit_operator.py for tasks to queue
[2025-03-25T19:47:50.926+0000] {logging_mixin.py:137} INFO - [2025-03-25T19:47:50.925+0000] {dagbag.py:538} INFO - Filling up the DagBag from /home/airflow/.local/lib/python3.7/site-packages/airflow/example_dags/example_short_circuit_operator.py
[2025-03-25T19:47:51.232+0000] {processor.py:753} INFO - DAG(s) dict_keys(['example_short_circuit_operator']) retrieved from /home/airflow/.local/lib/python3.7/site-packages/airflow/example_dags/example_short_circuit_operator.py
[2025-03-25T19:47:52.275+0000] {logging_mixin.py:137} INFO - [2025-03-25T19:47:52.273+0000] {dag.py:2676} INFO - Sync 1 DAGs
[2025-03-25T19:47:52.656+0000] {logging_mixin.py:137} INFO - [2025-03-25T19:47:52.620+0000] {dag.py:3427} INFO - Setting next_dagrun for example_short_circuit_operator to 2025-03-24T19:47:52.603871+00:00, run_after=2025-03-25T19:47:52.603871+00:00
[2025-03-25T19:47:52.983+0000] {processor.py:175} INFO - Processing /home/airflow/.local/lib/python3.7/site-packages/airflow/example_dags/example_short_circuit_operator.py took 2.106 seconds
[2025-03-25T19:48:29.221+0000] {processor.py:153} INFO - Started process (PID=174) to work on /home/airflow/.local/lib/python3.7/site-packages/airflow/example_dags/example_short_circuit_operator.py
[2025-03-25T19:48:29.234+0000] {processor.py:743} INFO - Processing file /home/airflow/.local/lib/python3.7/site-packages/airflow/example_dags/example_short_circuit_operator.py for tasks to queue
[2025-03-25T19:48:29.248+0000] {logging_mixin.py:137} INFO - [2025-03-25T19:48:29.248+0000] {dagbag.py:538} INFO - Filling up the DagBag from /home/airflow/.local/lib/python3.7/site-packages/airflow/example_dags/example_short_circuit_operator.py
[2025-03-25T19:48:29.353+0000] {processor.py:753} INFO - DAG(s) dict_keys(['example_short_circuit_operator']) retrieved from /home/airflow/.local/lib/python3.7/site-packages/airflow/example_dags/example_short_circuit_operator.py
[2025-03-25T19:48:29.759+0000] {logging_mixin.py:137} INFO - [2025-03-25T19:48:29.759+0000] {dag.py:2676} INFO - Sync 1 DAGs
[2025-03-25T19:48:30.058+0000] {logging_mixin.py:137} INFO - [2025-03-25T19:48:30.056+0000] {dag.py:3427} INFO - Setting next_dagrun for example_short_circuit_operator to 2025-03-24T19:48:30.054904+00:00, run_after=2025-03-25T19:48:30.054904+00:00
[2025-03-25T19:48:30.342+0000] {processor.py:175} INFO - Processing /home/airflow/.local/lib/python3.7/site-packages/airflow/example_dags/example_short_circuit_operator.py took 1.168 seconds
[2025-03-25T19:49:00.926+0000] {processor.py:153} INFO - Started process (PID=244) to work on /home/airflow/.local/lib/python3.7/site-packages/airflow/example_dags/example_short_circuit_operator.py
[2025-03-25T19:49:00.935+0000] {processor.py:743} INFO - Processing file /home/airflow/.local/lib/python3.7/site-packages/airflow/example_dags/example_short_circuit_operator.py for tasks to queue
[2025-03-25T19:49:00.945+0000] {logging_mixin.py:137} INFO - [2025-03-25T19:49:00.945+0000] {dagbag.py:538} INFO - Filling up the DagBag from /home/airflow/.local/lib/python3.7/site-packages/airflow/example_dags/example_short_circuit_operator.py
[2025-03-25T19:49:01.069+0000] {processor.py:753} INFO - DAG(s) dict_keys(['example_short_circuit_operator']) retrieved from /home/airflow/.local/lib/python3.7/site-packages/airflow/example_dags/example_short_circuit_operator.py
[2025-03-25T19:49:01.270+0000] {logging_mixin.py:137} INFO - [2025-03-25T19:49:01.270+0000] {dag.py:2676} INFO - Sync 1 DAGs
[2025-03-25T19:49:01.434+0000] {logging_mixin.py:137} INFO - [2025-03-25T19:49:01.434+0000] {dag.py:3427} INFO - Setting next_dagrun for example_short_circuit_operator to 2025-03-24T19:49:01.433141+00:00, run_after=2025-03-25T19:49:01.433141+00:00
[2025-03-25T19:49:01.504+0000] {processor.py:175} INFO - Processing /home/airflow/.local/lib/python3.7/site-packages/airflow/example_dags/example_short_circuit_operator.py took 0.602 seconds
[2025-03-25T19:49:34.551+0000] {processor.py:153} INFO - Started process (PID=303) to work on /home/airflow/.local/lib/python3.7/site-packages/airflow/example_dags/example_short_circuit_operator.py
[2025-03-25T19:49:34.570+0000] {processor.py:743} INFO - Processing file /home/airflow/.local/lib/python3.7/site-packages/airflow/example_dags/example_short_circuit_operator.py for tasks to queue
[2025-03-25T19:49:34.572+0000] {logging_mixin.py:137} INFO - [2025-03-25T19:49:34.571+0000] {dagbag.py:538} INFO - Filling up the DagBag from /home/airflow/.local/lib/python3.7/site-packages/airflow/example_dags/example_short_circuit_operator.py
[2025-03-25T19:49:34.815+0000] {processor.py:753} INFO - DAG(s) dict_keys(['example_short_circuit_operator']) retrieved from /home/airflow/.local/lib/python3.7/site-packages/airflow/example_dags/example_short_circuit_operator.py
[2025-03-25T19:49:35.984+0000] {logging_mixin.py:137} INFO - [2025-03-25T19:49:35.983+0000] {dag.py:2676} INFO - Sync 1 DAGs
[2025-03-25T19:49:36.269+0000] {logging_mixin.py:137} INFO - [2025-03-25T19:49:36.269+0000] {dag.py:3427} INFO - Setting next_dagrun for example_short_circuit_operator to 2025-03-24T19:49:36.250140+00:00, run_after=2025-03-25T19:49:36.250140+00:00
[2025-03-25T19:49:36.479+0000] {processor.py:175} INFO - Processing /home/airflow/.local/lib/python3.7/site-packages/airflow/example_dags/example_short_circuit_operator.py took 1.968 seconds
[2025-03-25T19:50:11.605+0000] {processor.py:153} INFO - Started process (PID=343) to work on /home/airflow/.local/lib/python3.7/site-packages/airflow/example_dags/example_short_circuit_operator.py
[2025-03-25T19:50:11.663+0000] {processor.py:743} INFO - Processing file /home/airflow/.local/lib/python3.7/site-packages/airflow/example_dags/example_short_circuit_operator.py for tasks to queue
[2025-03-25T19:50:11.675+0000] {logging_mixin.py:137} INFO - [2025-03-25T19:50:11.673+0000] {dagbag.py:538} INFO - Filling up the DagBag from /home/airflow/.local/lib/python3.7/site-packages/airflow/example_dags/example_short_circuit_operator.py
[2025-03-25T19:50:12.064+0000] {processor.py:753} INFO - DAG(s) dict_keys(['example_short_circuit_operator']) retrieved from /home/airflow/.local/lib/python3.7/site-packages/airflow/example_dags/example_short_circuit_operator.py
[2025-03-25T19:50:13.824+0000] {logging_mixin.py:137} INFO - [2025-03-25T19:50:13.796+0000] {dag.py:2676} INFO - Sync 1 DAGs
[2025-03-25T19:50:14.309+0000] {logging_mixin.py:137} INFO - [2025-03-25T19:50:14.297+0000] {dag.py:3427} INFO - Setting next_dagrun for example_short_circuit_operator to 2025-03-24T19:50:14.263280+00:00, run_after=2025-03-25T19:50:14.263280+00:00
[2025-03-25T19:50:14.997+0000] {processor.py:175} INFO - Processing /home/airflow/.local/lib/python3.7/site-packages/airflow/example_dags/example_short_circuit_operator.py took 3.466 seconds
[2025-03-25T19:57:58.147+0000] {processor.py:153} INFO - Started process (PID=573) to work on /home/airflow/.local/lib/python3.7/site-packages/airflow/example_dags/example_short_circuit_operator.py
[2025-03-25T19:57:58.259+0000] {processor.py:743} INFO - Processing file /home/airflow/.local/lib/python3.7/site-packages/airflow/example_dags/example_short_circuit_operator.py for tasks to queue
[2025-03-25T19:57:58.354+0000] {logging_mixin.py:137} INFO - [2025-03-25T19:57:58.353+0000] {dagbag.py:538} INFO - Filling up the DagBag from /home/airflow/.local/lib/python3.7/site-packages/airflow/example_dags/example_short_circuit_operator.py
[2025-03-25T19:58:28.798+0000] {processor.py:753} INFO - DAG(s) dict_keys(['example_short_circuit_operator']) retrieved from /home/airflow/.local/lib/python3.7/site-packages/airflow/example_dags/example_short_circuit_operator.py
[2025-03-25T20:10:01.299+0000] {processor.py:153} INFO - Started process (PID=141) to work on /home/airflow/.local/lib/python3.7/site-packages/airflow/example_dags/example_short_circuit_operator.py
[2025-03-25T20:10:01.344+0000] {processor.py:743} INFO - Processing file /home/airflow/.local/lib/python3.7/site-packages/airflow/example_dags/example_short_circuit_operator.py for tasks to queue
[2025-03-25T20:10:01.347+0000] {logging_mixin.py:137} INFO - [2025-03-25T20:10:01.347+0000] {dagbag.py:538} INFO - Filling up the DagBag from /home/airflow/.local/lib/python3.7/site-packages/airflow/example_dags/example_short_circuit_operator.py
[2025-03-25T20:10:04.811+0000] {processor.py:753} INFO - DAG(s) dict_keys(['example_short_circuit_operator']) retrieved from /home/airflow/.local/lib/python3.7/site-packages/airflow/example_dags/example_short_circuit_operator.py
[2025-03-25T20:10:07.428+0000] {logging_mixin.py:137} INFO - [2025-03-25T20:10:07.386+0000] {dag.py:2676} INFO - Sync 1 DAGs
