[2025-03-25T19:47:25.100+0000] {processor.py:153} INFO - Started process (PID=84) to work on /home/airflow/.local/lib/python3.7/site-packages/airflow/example_dags/example_subdag_operator.py
[2025-03-25T19:47:25.101+0000] {processor.py:743} INFO - Processing file /home/airflow/.local/lib/python3.7/site-packages/airflow/example_dags/example_subdag_operator.py for tasks to queue
[2025-03-25T19:47:25.102+0000] {logging_mixin.py:137} INFO - [2025-03-25T19:47:25.102+0000] {dagbag.py:538} INFO - Filling up the DagBag from /home/airflow/.local/lib/python3.7/site-packages/airflow/example_dags/example_subdag_operator.py
[2025-03-25T19:47:25.182+0000] {processor.py:753} INFO - DAG(s) dict_keys(['example_subdag_operator.section-1', 'example_subdag_operator.section-2', 'example_subdag_operator']) retrieved from /home/airflow/.local/lib/python3.7/site-packages/airflow/example_dags/example_subdag_operator.py
[2025-03-25T19:47:25.224+0000] {logging_mixin.py:137} INFO - [2025-03-25T19:47:25.224+0000] {dag.py:2676} INFO - Sync 3 DAGs
[2025-03-25T19:47:25.284+0000] {logging_mixin.py:137} INFO - [2025-03-25T19:47:25.284+0000] {dag.py:3427} INFO - Setting next_dagrun for example_subdag_operator to 2022-01-01T00:00:00+00:00, run_after=2022-01-01T00:00:00+00:00
[2025-03-25T19:47:25.297+0000] {logging_mixin.py:137} INFO - [2025-03-25T19:47:25.297+0000] {dag.py:3427} INFO - Setting next_dagrun for example_subdag_operator.section-1 to None, run_after=None
[2025-03-25T19:47:25.304+0000] {logging_mixin.py:137} INFO - [2025-03-25T19:47:25.304+0000] {dag.py:3427} INFO - Setting next_dagrun for example_subdag_operator.section-2 to None, run_after=None
[2025-03-25T19:47:25.324+0000] {logging_mixin.py:137} INFO - [2025-03-25T19:47:25.323+0000] {dag.py:2676} INFO - Sync 2 DAGs
[2025-03-25T19:47:25.335+0000] {logging_mixin.py:137} INFO - [2025-03-25T19:47:25.334+0000] {dag.py:3427} INFO - Setting next_dagrun for example_subdag_operator.section-1 to None, run_after=None
[2025-03-25T19:47:25.335+0000] {logging_mixin.py:137} INFO - [2025-03-25T19:47:25.335+0000] {dag.py:3427} INFO - Setting next_dagrun for example_subdag_operator.section-2 to None, run_after=None
[2025-03-25T19:47:25.361+0000] {processor.py:175} INFO - Processing /home/airflow/.local/lib/python3.7/site-packages/airflow/example_dags/example_subdag_operator.py took 0.264 seconds
[2025-03-25T19:48:26.737+0000] {processor.py:153} INFO - Started process (PID=170) to work on /home/airflow/.local/lib/python3.7/site-packages/airflow/example_dags/example_subdag_operator.py
[2025-03-25T19:48:26.740+0000] {processor.py:743} INFO - Processing file /home/airflow/.local/lib/python3.7/site-packages/airflow/example_dags/example_subdag_operator.py for tasks to queue
[2025-03-25T19:48:26.746+0000] {logging_mixin.py:137} INFO - [2025-03-25T19:48:26.745+0000] {dagbag.py:538} INFO - Filling up the DagBag from /home/airflow/.local/lib/python3.7/site-packages/airflow/example_dags/example_subdag_operator.py
[2025-03-25T19:48:27.026+0000] {processor.py:753} INFO - DAG(s) dict_keys(['example_subdag_operator.section-1', 'example_subdag_operator.section-2', 'example_subdag_operator']) retrieved from /home/airflow/.local/lib/python3.7/site-packages/airflow/example_dags/example_subdag_operator.py
[2025-03-25T19:48:27.193+0000] {logging_mixin.py:137} INFO - [2025-03-25T19:48:27.192+0000] {dag.py:2676} INFO - Sync 3 DAGs
[2025-03-25T19:48:27.296+0000] {logging_mixin.py:137} INFO - [2025-03-25T19:48:27.294+0000] {dag.py:3427} INFO - Setting next_dagrun for example_subdag_operator to 2022-01-01T00:00:00+00:00, run_after=2022-01-01T00:00:00+00:00
[2025-03-25T19:48:27.318+0000] {logging_mixin.py:137} INFO - [2025-03-25T19:48:27.318+0000] {dag.py:3427} INFO - Setting next_dagrun for example_subdag_operator.section-1 to None, run_after=None
[2025-03-25T19:48:27.322+0000] {logging_mixin.py:137} INFO - [2025-03-25T19:48:27.322+0000] {dag.py:3427} INFO - Setting next_dagrun for example_subdag_operator.section-2 to None, run_after=None
[2025-03-25T19:48:27.354+0000] {logging_mixin.py:137} INFO - [2025-03-25T19:48:27.351+0000] {dag.py:2676} INFO - Sync 2 DAGs
[2025-03-25T19:48:27.372+0000] {logging_mixin.py:137} INFO - [2025-03-25T19:48:27.372+0000] {dag.py:3427} INFO - Setting next_dagrun for example_subdag_operator.section-1 to None, run_after=None
[2025-03-25T19:48:27.375+0000] {logging_mixin.py:137} INFO - [2025-03-25T19:48:27.374+0000] {dag.py:3427} INFO - Setting next_dagrun for example_subdag_operator.section-2 to None, run_after=None
[2025-03-25T19:48:27.426+0000] {processor.py:175} INFO - Processing /home/airflow/.local/lib/python3.7/site-packages/airflow/example_dags/example_subdag_operator.py took 0.709 seconds
[2025-03-25T19:48:58.314+0000] {processor.py:153} INFO - Started process (PID=241) to work on /home/airflow/.local/lib/python3.7/site-packages/airflow/example_dags/example_subdag_operator.py
[2025-03-25T19:48:58.322+0000] {processor.py:743} INFO - Processing file /home/airflow/.local/lib/python3.7/site-packages/airflow/example_dags/example_subdag_operator.py for tasks to queue
[2025-03-25T19:48:58.331+0000] {logging_mixin.py:137} INFO - [2025-03-25T19:48:58.330+0000] {dagbag.py:538} INFO - Filling up the DagBag from /home/airflow/.local/lib/python3.7/site-packages/airflow/example_dags/example_subdag_operator.py
[2025-03-25T19:48:58.651+0000] {processor.py:753} INFO - DAG(s) dict_keys(['example_subdag_operator.section-1', 'example_subdag_operator.section-2', 'example_subdag_operator']) retrieved from /home/airflow/.local/lib/python3.7/site-packages/airflow/example_dags/example_subdag_operator.py
[2025-03-25T19:48:58.850+0000] {logging_mixin.py:137} INFO - [2025-03-25T19:48:58.849+0000] {dag.py:2676} INFO - Sync 3 DAGs
[2025-03-25T19:48:59.181+0000] {logging_mixin.py:137} INFO - [2025-03-25T19:48:59.171+0000] {dag.py:3427} INFO - Setting next_dagrun for example_subdag_operator to 2022-01-01T00:00:00+00:00, run_after=2022-01-01T00:00:00+00:00
[2025-03-25T19:48:59.216+0000] {logging_mixin.py:137} INFO - [2025-03-25T19:48:59.213+0000] {dag.py:3427} INFO - Setting next_dagrun for example_subdag_operator.section-1 to None, run_after=None
[2025-03-25T19:48:59.221+0000] {logging_mixin.py:137} INFO - [2025-03-25T19:48:59.221+0000] {dag.py:3427} INFO - Setting next_dagrun for example_subdag_operator.section-2 to None, run_after=None
[2025-03-25T19:48:59.300+0000] {logging_mixin.py:137} INFO - [2025-03-25T19:48:59.300+0000] {dag.py:2676} INFO - Sync 2 DAGs
[2025-03-25T19:48:59.323+0000] {logging_mixin.py:137} INFO - [2025-03-25T19:48:59.323+0000] {dag.py:3427} INFO - Setting next_dagrun for example_subdag_operator.section-1 to None, run_after=None
[2025-03-25T19:48:59.326+0000] {logging_mixin.py:137} INFO - [2025-03-25T19:48:59.326+0000] {dag.py:3427} INFO - Setting next_dagrun for example_subdag_operator.section-2 to None, run_after=None
[2025-03-25T19:48:59.424+0000] {processor.py:175} INFO - Processing /home/airflow/.local/lib/python3.7/site-packages/airflow/example_dags/example_subdag_operator.py took 1.136 seconds
[2025-03-25T19:49:37.274+0000] {processor.py:153} INFO - Started process (PID=305) to work on /home/airflow/.local/lib/python3.7/site-packages/airflow/example_dags/example_subdag_operator.py
[2025-03-25T19:49:37.315+0000] {processor.py:743} INFO - Processing file /home/airflow/.local/lib/python3.7/site-packages/airflow/example_dags/example_subdag_operator.py for tasks to queue
[2025-03-25T19:49:37.322+0000] {logging_mixin.py:137} INFO - [2025-03-25T19:49:37.320+0000] {dagbag.py:538} INFO - Filling up the DagBag from /home/airflow/.local/lib/python3.7/site-packages/airflow/example_dags/example_subdag_operator.py
[2025-03-25T19:49:38.416+0000] {processor.py:753} INFO - DAG(s) dict_keys(['example_subdag_operator.section-1', 'example_subdag_operator.section-2', 'example_subdag_operator']) retrieved from /home/airflow/.local/lib/python3.7/site-packages/airflow/example_dags/example_subdag_operator.py
[2025-03-25T19:49:38.708+0000] {logging_mixin.py:137} INFO - [2025-03-25T19:49:38.708+0000] {dag.py:2676} INFO - Sync 3 DAGs
[2025-03-25T19:49:39.132+0000] {logging_mixin.py:137} INFO - [2025-03-25T19:49:39.126+0000] {dag.py:3427} INFO - Setting next_dagrun for example_subdag_operator to 2022-01-01T00:00:00+00:00, run_after=2022-01-01T00:00:00+00:00
[2025-03-25T19:49:39.178+0000] {logging_mixin.py:137} INFO - [2025-03-25T19:49:39.178+0000] {dag.py:3427} INFO - Setting next_dagrun for example_subdag_operator.section-1 to None, run_after=None
[2025-03-25T19:49:39.186+0000] {logging_mixin.py:137} INFO - [2025-03-25T19:49:39.186+0000] {dag.py:3427} INFO - Setting next_dagrun for example_subdag_operator.section-2 to None, run_after=None
[2025-03-25T19:49:39.272+0000] {logging_mixin.py:137} INFO - [2025-03-25T19:49:39.272+0000] {dag.py:2676} INFO - Sync 2 DAGs
[2025-03-25T19:49:39.315+0000] {logging_mixin.py:137} INFO - [2025-03-25T19:49:39.314+0000] {dag.py:3427} INFO - Setting next_dagrun for example_subdag_operator.section-1 to None, run_after=None
[2025-03-25T19:49:39.318+0000] {logging_mixin.py:137} INFO - [2025-03-25T19:49:39.317+0000] {dag.py:3427} INFO - Setting next_dagrun for example_subdag_operator.section-2 to None, run_after=None
[2025-03-25T19:49:39.524+0000] {processor.py:175} INFO - Processing /home/airflow/.local/lib/python3.7/site-packages/airflow/example_dags/example_subdag_operator.py took 2.399 seconds
