[2025-03-25T19:47:24.575+0000] {processor.py:153} INFO - Started process (PID=80) to work on /home/airflow/.local/lib/python3.7/site-packages/airflow/example_dags/example_branch_day_of_week_operator.py
[2025-03-25T19:47:24.577+0000] {processor.py:743} INFO - Processing file /home/airflow/.local/lib/python3.7/site-packages/airflow/example_dags/example_branch_day_of_week_operator.py for tasks to queue
[2025-03-25T19:47:24.579+0000] {logging_mixin.py:137} INFO - [2025-03-25T19:47:24.579+0000] {dagbag.py:538} INFO - Filling up the DagBag from /home/airflow/.local/lib/python3.7/site-packages/airflow/example_dags/example_branch_day_of_week_operator.py
[2025-03-25T19:47:24.616+0000] {processor.py:753} INFO - DAG(s) dict_keys(['example_weekday_branch_operator']) retrieved from /home/airflow/.local/lib/python3.7/site-packages/airflow/example_dags/example_branch_day_of_week_operator.py
[2025-03-25T19:47:24.690+0000] {logging_mixin.py:137} INFO - [2025-03-25T19:47:24.689+0000] {dag.py:2676} INFO - Sync 1 DAGs
[2025-03-25T19:47:24.750+0000] {logging_mixin.py:137} INFO - [2025-03-25T19:47:24.750+0000] {dag.py:3427} INFO - Setting next_dagrun for example_weekday_branch_operator to 2025-03-24T00:00:00+00:00, run_after=2025-03-25T00:00:00+00:00
[2025-03-25T19:47:24.819+0000] {processor.py:175} INFO - Processing /home/airflow/.local/lib/python3.7/site-packages/airflow/example_dags/example_branch_day_of_week_operator.py took 0.250 seconds
[2025-03-25T19:48:23.181+0000] {processor.py:153} INFO - Started process (PID=166) to work on /home/airflow/.local/lib/python3.7/site-packages/airflow/example_dags/example_branch_day_of_week_operator.py
[2025-03-25T19:48:23.187+0000] {processor.py:743} INFO - Processing file /home/airflow/.local/lib/python3.7/site-packages/airflow/example_dags/example_branch_day_of_week_operator.py for tasks to queue
[2025-03-25T19:48:23.199+0000] {logging_mixin.py:137} INFO - [2025-03-25T19:48:23.199+0000] {dagbag.py:538} INFO - Filling up the DagBag from /home/airflow/.local/lib/python3.7/site-packages/airflow/example_dags/example_branch_day_of_week_operator.py
[2025-03-25T19:48:23.633+0000] {processor.py:753} INFO - DAG(s) dict_keys(['example_weekday_branch_operator']) retrieved from /home/airflow/.local/lib/python3.7/site-packages/airflow/example_dags/example_branch_day_of_week_operator.py
[2025-03-25T19:48:24.369+0000] {logging_mixin.py:137} INFO - [2025-03-25T19:48:24.368+0000] {dag.py:2676} INFO - Sync 1 DAGs
[2025-03-25T19:48:24.800+0000] {logging_mixin.py:137} INFO - [2025-03-25T19:48:24.798+0000] {dag.py:3427} INFO - Setting next_dagrun for example_weekday_branch_operator to 2025-03-24T00:00:00+00:00, run_after=2025-03-25T00:00:00+00:00
[2025-03-25T19:48:25.117+0000] {processor.py:175} INFO - Processing /home/airflow/.local/lib/python3.7/site-packages/airflow/example_dags/example_branch_day_of_week_operator.py took 2.002 seconds
[2025-03-25T19:48:55.438+0000] {processor.py:153} INFO - Started process (PID=237) to work on /home/airflow/.local/lib/python3.7/site-packages/airflow/example_dags/example_branch_day_of_week_operator.py
[2025-03-25T19:48:55.447+0000] {processor.py:743} INFO - Processing file /home/airflow/.local/lib/python3.7/site-packages/airflow/example_dags/example_branch_day_of_week_operator.py for tasks to queue
[2025-03-25T19:48:55.460+0000] {logging_mixin.py:137} INFO - [2025-03-25T19:48:55.459+0000] {dagbag.py:538} INFO - Filling up the DagBag from /home/airflow/.local/lib/python3.7/site-packages/airflow/example_dags/example_branch_day_of_week_operator.py
[2025-03-25T19:48:55.618+0000] {processor.py:753} INFO - DAG(s) dict_keys(['example_weekday_branch_operator']) retrieved from /home/airflow/.local/lib/python3.7/site-packages/airflow/example_dags/example_branch_day_of_week_operator.py
[2025-03-25T19:48:55.874+0000] {logging_mixin.py:137} INFO - [2025-03-25T19:48:55.873+0000] {dag.py:2676} INFO - Sync 1 DAGs
[2025-03-25T19:48:55.955+0000] {logging_mixin.py:137} INFO - [2025-03-25T19:48:55.955+0000] {dag.py:3427} INFO - Setting next_dagrun for example_weekday_branch_operator to 2025-03-24T00:00:00+00:00, run_after=2025-03-25T00:00:00+00:00
[2025-03-25T19:48:56.025+0000] {processor.py:175} INFO - Processing /home/airflow/.local/lib/python3.7/site-packages/airflow/example_dags/example_branch_day_of_week_operator.py took 0.626 seconds
[2025-03-25T19:49:27.723+0000] {processor.py:153} INFO - Started process (PID=291) to work on /home/airflow/.local/lib/python3.7/site-packages/airflow/example_dags/example_branch_day_of_week_operator.py
[2025-03-25T19:49:27.744+0000] {processor.py:743} INFO - Processing file /home/airflow/.local/lib/python3.7/site-packages/airflow/example_dags/example_branch_day_of_week_operator.py for tasks to queue
[2025-03-25T19:49:27.751+0000] {logging_mixin.py:137} INFO - [2025-03-25T19:49:27.750+0000] {dagbag.py:538} INFO - Filling up the DagBag from /home/airflow/.local/lib/python3.7/site-packages/airflow/example_dags/example_branch_day_of_week_operator.py
[2025-03-25T19:49:27.873+0000] {processor.py:753} INFO - DAG(s) dict_keys(['example_weekday_branch_operator']) retrieved from /home/airflow/.local/lib/python3.7/site-packages/airflow/example_dags/example_branch_day_of_week_operator.py
[2025-03-25T19:49:30.023+0000] {logging_mixin.py:137} INFO - [2025-03-25T19:49:30.023+0000] {dag.py:2676} INFO - Sync 1 DAGs
[2025-03-25T19:49:30.290+0000] {logging_mixin.py:137} INFO - [2025-03-25T19:49:30.288+0000] {dag.py:3427} INFO - Setting next_dagrun for example_weekday_branch_operator to 2025-03-24T00:00:00+00:00, run_after=2025-03-25T00:00:00+00:00
[2025-03-25T19:49:30.487+0000] {processor.py:175} INFO - Processing /home/airflow/.local/lib/python3.7/site-packages/airflow/example_dags/example_branch_day_of_week_operator.py took 2.809 seconds
[2025-03-25T19:56:08.719+0000] {processor.py:153} INFO - Started process (PID=502) to work on /home/airflow/.local/lib/python3.7/site-packages/airflow/example_dags/example_branch_day_of_week_operator.py
[2025-03-25T19:56:09.107+0000] {processor.py:743} INFO - Processing file /home/airflow/.local/lib/python3.7/site-packages/airflow/example_dags/example_branch_day_of_week_operator.py for tasks to queue
[2025-03-25T19:56:09.858+0000] {logging_mixin.py:137} INFO - [2025-03-25T19:56:09.573+0000] {dagbag.py:538} INFO - Filling up the DagBag from /home/airflow/.local/lib/python3.7/site-packages/airflow/example_dags/example_branch_day_of_week_operator.py
[2025-03-25T19:56:39.607+0000] {processor.py:753} INFO - DAG(s) dict_keys(['example_weekday_branch_operator']) retrieved from /home/airflow/.local/lib/python3.7/site-packages/airflow/example_dags/example_branch_day_of_week_operator.py
