[2025-03-25T19:47:20.716+0000] {processor.py:153} INFO - Started process (PID=58) to work on /home/airflow/.local/lib/python3.7/site-packages/airflow/example_dags/example_branch_operator.py
[2025-03-25T19:47:20.719+0000] {processor.py:743} INFO - Processing file /home/airflow/.local/lib/python3.7/site-packages/airflow/example_dags/example_branch_operator.py for tasks to queue
[2025-03-25T19:47:20.720+0000] {logging_mixin.py:137} INFO - [2025-03-25T19:47:20.720+0000] {dagbag.py:538} INFO - Filling up the DagBag from /home/airflow/.local/lib/python3.7/site-packages/airflow/example_dags/example_branch_operator.py
[2025-03-25T19:47:20.749+0000] {processor.py:753} INFO - DAG(s) dict_keys(['example_branch_operator']) retrieved from /home/airflow/.local/lib/python3.7/site-packages/airflow/example_dags/example_branch_operator.py
[2025-03-25T19:47:20.810+0000] {logging_mixin.py:137} INFO - [2025-03-25T19:47:20.810+0000] {dag.py:2676} INFO - Sync 1 DAGs
[2025-03-25T19:47:20.863+0000] {logging_mixin.py:137} INFO - [2025-03-25T19:47:20.863+0000] {dag.py:3427} INFO - Setting next_dagrun for example_branch_operator to 2025-03-24T00:00:00+00:00, run_after=2025-03-25T00:00:00+00:00
[2025-03-25T19:47:20.904+0000] {processor.py:175} INFO - Processing /home/airflow/.local/lib/python3.7/site-packages/airflow/example_dags/example_branch_operator.py took 0.194 seconds
[2025-03-25T19:47:55.853+0000] {processor.py:153} INFO - Started process (PID=128) to work on /home/airflow/.local/lib/python3.7/site-packages/airflow/example_dags/example_branch_operator.py
[2025-03-25T19:47:55.856+0000] {processor.py:743} INFO - Processing file /home/airflow/.local/lib/python3.7/site-packages/airflow/example_dags/example_branch_operator.py for tasks to queue
[2025-03-25T19:47:55.866+0000] {logging_mixin.py:137} INFO - [2025-03-25T19:47:55.866+0000] {dagbag.py:538} INFO - Filling up the DagBag from /home/airflow/.local/lib/python3.7/site-packages/airflow/example_dags/example_branch_operator.py
[2025-03-25T19:47:56.029+0000] {processor.py:753} INFO - DAG(s) dict_keys(['example_branch_operator']) retrieved from /home/airflow/.local/lib/python3.7/site-packages/airflow/example_dags/example_branch_operator.py
[2025-03-25T19:47:56.380+0000] {logging_mixin.py:137} INFO - [2025-03-25T19:47:56.379+0000] {dag.py:2676} INFO - Sync 1 DAGs
[2025-03-25T19:47:56.515+0000] {logging_mixin.py:137} INFO - [2025-03-25T19:47:56.515+0000] {dag.py:3427} INFO - Setting next_dagrun for example_branch_operator to 2025-03-24T00:00:00+00:00, run_after=2025-03-25T00:00:00+00:00
[2025-03-25T19:47:56.792+0000] {processor.py:175} INFO - Processing /home/airflow/.local/lib/python3.7/site-packages/airflow/example_dags/example_branch_operator.py took 0.964 seconds
[2025-03-25T19:48:35.122+0000] {processor.py:153} INFO - Started process (PID=189) to work on /home/airflow/.local/lib/python3.7/site-packages/airflow/example_dags/example_branch_operator.py
[2025-03-25T19:48:35.140+0000] {processor.py:743} INFO - Processing file /home/airflow/.local/lib/python3.7/site-packages/airflow/example_dags/example_branch_operator.py for tasks to queue
[2025-03-25T19:48:35.148+0000] {logging_mixin.py:137} INFO - [2025-03-25T19:48:35.147+0000] {dagbag.py:538} INFO - Filling up the DagBag from /home/airflow/.local/lib/python3.7/site-packages/airflow/example_dags/example_branch_operator.py
[2025-03-25T19:48:35.317+0000] {processor.py:753} INFO - DAG(s) dict_keys(['example_branch_operator']) retrieved from /home/airflow/.local/lib/python3.7/site-packages/airflow/example_dags/example_branch_operator.py
[2025-03-25T19:48:35.643+0000] {logging_mixin.py:137} INFO - [2025-03-25T19:48:35.643+0000] {dag.py:2676} INFO - Sync 1 DAGs
[2025-03-25T19:48:35.762+0000] {logging_mixin.py:137} INFO - [2025-03-25T19:48:35.762+0000] {dag.py:3427} INFO - Setting next_dagrun for example_branch_operator to 2025-03-24T00:00:00+00:00, run_after=2025-03-25T00:00:00+00:00
[2025-03-25T19:48:35.838+0000] {processor.py:175} INFO - Processing /home/airflow/.local/lib/python3.7/site-packages/airflow/example_dags/example_branch_operator.py took 0.762 seconds
[2025-03-25T19:49:06.158+0000] {processor.py:153} INFO - Started process (PID=251) to work on /home/airflow/.local/lib/python3.7/site-packages/airflow/example_dags/example_branch_operator.py
[2025-03-25T19:49:06.163+0000] {processor.py:743} INFO - Processing file /home/airflow/.local/lib/python3.7/site-packages/airflow/example_dags/example_branch_operator.py for tasks to queue
[2025-03-25T19:49:06.164+0000] {logging_mixin.py:137} INFO - [2025-03-25T19:49:06.164+0000] {dagbag.py:538} INFO - Filling up the DagBag from /home/airflow/.local/lib/python3.7/site-packages/airflow/example_dags/example_branch_operator.py
[2025-03-25T19:49:06.217+0000] {processor.py:753} INFO - DAG(s) dict_keys(['example_branch_operator']) retrieved from /home/airflow/.local/lib/python3.7/site-packages/airflow/example_dags/example_branch_operator.py
[2025-03-25T19:49:06.320+0000] {logging_mixin.py:137} INFO - [2025-03-25T19:49:06.319+0000] {dag.py:2676} INFO - Sync 1 DAGs
[2025-03-25T19:49:06.442+0000] {logging_mixin.py:137} INFO - [2025-03-25T19:49:06.442+0000] {dag.py:3427} INFO - Setting next_dagrun for example_branch_operator to 2025-03-24T00:00:00+00:00, run_after=2025-03-25T00:00:00+00:00
[2025-03-25T19:49:06.517+0000] {processor.py:175} INFO - Processing /home/airflow/.local/lib/python3.7/site-packages/airflow/example_dags/example_branch_operator.py took 0.368 seconds
[2025-03-25T19:50:01.541+0000] {processor.py:153} INFO - Started process (PID=329) to work on /home/airflow/.local/lib/python3.7/site-packages/airflow/example_dags/example_branch_operator.py
[2025-03-25T19:50:01.550+0000] {processor.py:743} INFO - Processing file /home/airflow/.local/lib/python3.7/site-packages/airflow/example_dags/example_branch_operator.py for tasks to queue
[2025-03-25T19:50:01.554+0000] {logging_mixin.py:137} INFO - [2025-03-25T19:50:01.553+0000] {dagbag.py:538} INFO - Filling up the DagBag from /home/airflow/.local/lib/python3.7/site-packages/airflow/example_dags/example_branch_operator.py
[2025-03-25T19:50:02.119+0000] {processor.py:753} INFO - DAG(s) dict_keys(['example_branch_operator']) retrieved from /home/airflow/.local/lib/python3.7/site-packages/airflow/example_dags/example_branch_operator.py
[2025-03-25T19:50:03.046+0000] {logging_mixin.py:137} INFO - [2025-03-25T19:50:03.039+0000] {dag.py:2676} INFO - Sync 1 DAGs
[2025-03-25T19:50:03.557+0000] {logging_mixin.py:137} INFO - [2025-03-25T19:50:03.549+0000] {dag.py:3427} INFO - Setting next_dagrun for example_branch_operator to 2025-03-24T00:00:00+00:00, run_after=2025-03-25T00:00:00+00:00
[2025-03-25T19:50:03.964+0000] {processor.py:175} INFO - Processing /home/airflow/.local/lib/python3.7/site-packages/airflow/example_dags/example_branch_operator.py took 2.454 seconds
[2025-03-25T20:01:23.024+0000] {processor.py:153} INFO - Started process (PID=676) to work on /home/airflow/.local/lib/python3.7/site-packages/airflow/example_dags/example_branch_operator.py
[2025-03-25T20:01:25.692+0000] {processor.py:743} INFO - Processing file /home/airflow/.local/lib/python3.7/site-packages/airflow/example_dags/example_branch_operator.py for tasks to queue
[2025-03-25T20:01:27.244+0000] {logging_mixin.py:137} INFO - [2025-03-25T20:01:27.061+0000] {dagbag.py:538} INFO - Filling up the DagBag from /home/airflow/.local/lib/python3.7/site-packages/airflow/example_dags/example_branch_operator.py
