[2025-03-25T19:47:21.225+0000] {processor.py:153} INFO - Started process (PID=62) to work on /home/airflow/.local/lib/python3.7/site-packages/airflow/example_dags/example_sla_dag.py
[2025-03-25T19:47:21.229+0000] {processor.py:743} INFO - Processing file /home/airflow/.local/lib/python3.7/site-packages/airflow/example_dags/example_sla_dag.py for tasks to queue
[2025-03-25T19:47:21.230+0000] {logging_mixin.py:137} INFO - [2025-03-25T19:47:21.230+0000] {dagbag.py:538} INFO - Filling up the DagBag from /home/airflow/.local/lib/python3.7/site-packages/airflow/example_dags/example_sla_dag.py
[2025-03-25T19:47:21.266+0000] {processor.py:753} INFO - DAG(s) dict_keys(['example_sla_dag']) retrieved from /home/airflow/.local/lib/python3.7/site-packages/airflow/example_dags/example_sla_dag.py
[2025-03-25T19:47:21.358+0000] {logging_mixin.py:137} INFO - [2025-03-25T19:47:21.357+0000] {dag.py:2676} INFO - Sync 1 DAGs
[2025-03-25T19:47:21.450+0000] {logging_mixin.py:137} INFO - [2025-03-25T19:47:21.449+0000] {dag.py:3427} INFO - Setting next_dagrun for example_sla_dag to 2025-03-25T19:44:00+00:00, run_after=2025-03-25T19:46:00+00:00
[2025-03-25T19:47:21.524+0000] {processor.py:175} INFO - Processing /home/airflow/.local/lib/python3.7/site-packages/airflow/example_dags/example_sla_dag.py took 0.303 seconds
[2025-03-25T19:47:58.664+0000] {processor.py:153} INFO - Started process (PID=132) to work on /home/airflow/.local/lib/python3.7/site-packages/airflow/example_dags/example_sla_dag.py
[2025-03-25T19:47:58.671+0000] {processor.py:743} INFO - Processing file /home/airflow/.local/lib/python3.7/site-packages/airflow/example_dags/example_sla_dag.py for tasks to queue
[2025-03-25T19:47:58.673+0000] {logging_mixin.py:137} INFO - [2025-03-25T19:47:58.673+0000] {dagbag.py:538} INFO - Filling up the DagBag from /home/airflow/.local/lib/python3.7/site-packages/airflow/example_dags/example_sla_dag.py
[2025-03-25T19:47:58.817+0000] {processor.py:753} INFO - DAG(s) dict_keys(['example_sla_dag']) retrieved from /home/airflow/.local/lib/python3.7/site-packages/airflow/example_dags/example_sla_dag.py
[2025-03-25T19:47:59.242+0000] {logging_mixin.py:137} INFO - [2025-03-25T19:47:59.237+0000] {dag.py:2676} INFO - Sync 1 DAGs
[2025-03-25T19:47:59.464+0000] {logging_mixin.py:137} INFO - [2025-03-25T19:47:59.463+0000] {dag.py:3427} INFO - Setting next_dagrun for example_sla_dag to 2025-03-25T19:44:00+00:00, run_after=2025-03-25T19:46:00+00:00
[2025-03-25T19:47:59.951+0000] {processor.py:175} INFO - Processing /home/airflow/.local/lib/python3.7/site-packages/airflow/example_dags/example_sla_dag.py took 1.310 seconds
[2025-03-25T19:48:37.640+0000] {processor.py:153} INFO - Started process (PID=202) to work on /home/airflow/.local/lib/python3.7/site-packages/airflow/example_dags/example_sla_dag.py
[2025-03-25T19:48:37.642+0000] {processor.py:743} INFO - Processing file /home/airflow/.local/lib/python3.7/site-packages/airflow/example_dags/example_sla_dag.py for tasks to queue
[2025-03-25T19:48:37.643+0000] {logging_mixin.py:137} INFO - [2025-03-25T19:48:37.643+0000] {dagbag.py:538} INFO - Filling up the DagBag from /home/airflow/.local/lib/python3.7/site-packages/airflow/example_dags/example_sla_dag.py
[2025-03-25T19:48:37.695+0000] {processor.py:753} INFO - DAG(s) dict_keys(['example_sla_dag']) retrieved from /home/airflow/.local/lib/python3.7/site-packages/airflow/example_dags/example_sla_dag.py
[2025-03-25T19:48:37.756+0000] {logging_mixin.py:137} INFO - [2025-03-25T19:48:37.756+0000] {dag.py:2676} INFO - Sync 1 DAGs
[2025-03-25T19:48:37.815+0000] {logging_mixin.py:137} INFO - [2025-03-25T19:48:37.815+0000] {dag.py:3427} INFO - Setting next_dagrun for example_sla_dag to 2025-03-25T19:46:00+00:00, run_after=2025-03-25T19:48:00+00:00
[2025-03-25T19:48:37.841+0000] {processor.py:175} INFO - Processing /home/airflow/.local/lib/python3.7/site-packages/airflow/example_dags/example_sla_dag.py took 0.207 seconds
[2025-03-25T19:49:10.612+0000] {processor.py:153} INFO - Started process (PID=257) to work on /home/airflow/.local/lib/python3.7/site-packages/airflow/example_dags/example_sla_dag.py
[2025-03-25T19:49:10.659+0000] {processor.py:743} INFO - Processing file /home/airflow/.local/lib/python3.7/site-packages/airflow/example_dags/example_sla_dag.py for tasks to queue
[2025-03-25T19:49:10.660+0000] {logging_mixin.py:137} INFO - [2025-03-25T19:49:10.660+0000] {dagbag.py:538} INFO - Filling up the DagBag from /home/airflow/.local/lib/python3.7/site-packages/airflow/example_dags/example_sla_dag.py
[2025-03-25T19:49:11.175+0000] {processor.py:753} INFO - DAG(s) dict_keys(['example_sla_dag']) retrieved from /home/airflow/.local/lib/python3.7/site-packages/airflow/example_dags/example_sla_dag.py
[2025-03-25T19:49:11.553+0000] {logging_mixin.py:137} INFO - [2025-03-25T19:49:11.553+0000] {dag.py:2676} INFO - Sync 1 DAGs
[2025-03-25T19:49:11.804+0000] {logging_mixin.py:137} INFO - [2025-03-25T19:49:11.804+0000] {dag.py:3427} INFO - Setting next_dagrun for example_sla_dag to 2025-03-25T19:46:00+00:00, run_after=2025-03-25T19:48:00+00:00
[2025-03-25T19:49:11.901+0000] {processor.py:175} INFO - Processing /home/airflow/.local/lib/python3.7/site-packages/airflow/example_dags/example_sla_dag.py took 1.450 seconds
[2025-03-25T19:50:12.095+0000] {processor.py:153} INFO - Started process (PID=344) to work on /home/airflow/.local/lib/python3.7/site-packages/airflow/example_dags/example_sla_dag.py
[2025-03-25T19:50:12.108+0000] {processor.py:743} INFO - Processing file /home/airflow/.local/lib/python3.7/site-packages/airflow/example_dags/example_sla_dag.py for tasks to queue
[2025-03-25T19:50:12.117+0000] {logging_mixin.py:137} INFO - [2025-03-25T19:50:12.116+0000] {dagbag.py:538} INFO - Filling up the DagBag from /home/airflow/.local/lib/python3.7/site-packages/airflow/example_dags/example_sla_dag.py
[2025-03-25T19:50:12.552+0000] {processor.py:753} INFO - DAG(s) dict_keys(['example_sla_dag']) retrieved from /home/airflow/.local/lib/python3.7/site-packages/airflow/example_dags/example_sla_dag.py
[2025-03-25T19:50:13.817+0000] {logging_mixin.py:137} INFO - [2025-03-25T19:50:13.804+0000] {dag.py:2676} INFO - Sync 1 DAGs
[2025-03-25T19:50:14.316+0000] {logging_mixin.py:137} INFO - [2025-03-25T19:50:14.312+0000] {dag.py:3427} INFO - Setting next_dagrun for example_sla_dag to 2025-03-25T19:48:00+00:00, run_after=2025-03-25T19:50:00+00:00
[2025-03-25T19:50:15.173+0000] {processor.py:175} INFO - Processing /home/airflow/.local/lib/python3.7/site-packages/airflow/example_dags/example_sla_dag.py took 3.161 seconds
