[2025-03-25T19:47:22.351+0000] {processor.py:153} INFO - Started process (PID=68) to work on /home/airflow/.local/lib/python3.7/site-packages/airflow/example_dags/example_task_group.py
[2025-03-25T19:47:22.353+0000] {processor.py:743} INFO - Processing file /home/airflow/.local/lib/python3.7/site-packages/airflow/example_dags/example_task_group.py for tasks to queue
[2025-03-25T19:47:22.356+0000] {logging_mixin.py:137} INFO - [2025-03-25T19:47:22.355+0000] {dagbag.py:538} INFO - Filling up the DagBag from /home/airflow/.local/lib/python3.7/site-packages/airflow/example_dags/example_task_group.py
[2025-03-25T19:47:22.411+0000] {processor.py:753} INFO - DAG(s) dict_keys(['example_task_group']) retrieved from /home/airflow/.local/lib/python3.7/site-packages/airflow/example_dags/example_task_group.py
[2025-03-25T19:47:22.487+0000] {logging_mixin.py:137} INFO - [2025-03-25T19:47:22.486+0000] {dag.py:2676} INFO - Sync 1 DAGs
[2025-03-25T19:47:22.584+0000] {logging_mixin.py:137} INFO - [2025-03-25T19:47:22.584+0000] {dag.py:3427} INFO - Setting next_dagrun for example_task_group to 2025-03-24T19:47:22.583500+00:00, run_after=2025-03-25T19:47:22.583500+00:00
[2025-03-25T19:47:22.650+0000] {processor.py:175} INFO - Processing /home/airflow/.local/lib/python3.7/site-packages/airflow/example_dags/example_task_group.py took 0.310 seconds
[2025-03-25T19:48:10.480+0000] {processor.py:153} INFO - Started process (PID=147) to work on /home/airflow/.local/lib/python3.7/site-packages/airflow/example_dags/example_task_group.py
[2025-03-25T19:48:10.486+0000] {processor.py:743} INFO - Processing file /home/airflow/.local/lib/python3.7/site-packages/airflow/example_dags/example_task_group.py for tasks to queue
[2025-03-25T19:48:10.496+0000] {logging_mixin.py:137} INFO - [2025-03-25T19:48:10.488+0000] {dagbag.py:538} INFO - Filling up the DagBag from /home/airflow/.local/lib/python3.7/site-packages/airflow/example_dags/example_task_group.py
[2025-03-25T19:48:10.623+0000] {processor.py:753} INFO - DAG(s) dict_keys(['example_task_group']) retrieved from /home/airflow/.local/lib/python3.7/site-packages/airflow/example_dags/example_task_group.py
[2025-03-25T19:48:10.973+0000] {logging_mixin.py:137} INFO - [2025-03-25T19:48:10.972+0000] {dag.py:2676} INFO - Sync 1 DAGs
[2025-03-25T19:48:11.041+0000] {logging_mixin.py:137} INFO - [2025-03-25T19:48:11.040+0000] {dag.py:3427} INFO - Setting next_dagrun for example_task_group to 2025-03-24T19:48:11.039540+00:00, run_after=2025-03-25T19:48:11.039540+00:00
[2025-03-25T19:48:11.131+0000] {processor.py:175} INFO - Processing /home/airflow/.local/lib/python3.7/site-packages/airflow/example_dags/example_task_group.py took 0.665 seconds
[2025-03-25T19:48:41.664+0000] {processor.py:153} INFO - Started process (PID=208) to work on /home/airflow/.local/lib/python3.7/site-packages/airflow/example_dags/example_task_group.py
[2025-03-25T19:48:41.684+0000] {processor.py:743} INFO - Processing file /home/airflow/.local/lib/python3.7/site-packages/airflow/example_dags/example_task_group.py for tasks to queue
[2025-03-25T19:48:41.707+0000] {logging_mixin.py:137} INFO - [2025-03-25T19:48:41.702+0000] {dagbag.py:538} INFO - Filling up the DagBag from /home/airflow/.local/lib/python3.7/site-packages/airflow/example_dags/example_task_group.py
[2025-03-25T19:48:41.908+0000] {processor.py:753} INFO - DAG(s) dict_keys(['example_task_group']) retrieved from /home/airflow/.local/lib/python3.7/site-packages/airflow/example_dags/example_task_group.py
[2025-03-25T19:48:42.644+0000] {logging_mixin.py:137} INFO - [2025-03-25T19:48:42.642+0000] {dag.py:2676} INFO - Sync 1 DAGs
[2025-03-25T19:48:42.852+0000] {logging_mixin.py:137} INFO - [2025-03-25T19:48:42.851+0000] {dag.py:3427} INFO - Setting next_dagrun for example_task_group to 2025-03-24T19:48:42.843001+00:00, run_after=2025-03-25T19:48:42.843001+00:00
[2025-03-25T19:48:42.963+0000] {processor.py:175} INFO - Processing /home/airflow/.local/lib/python3.7/site-packages/airflow/example_dags/example_task_group.py took 1.339 seconds
[2025-03-25T19:49:13.823+0000] {processor.py:153} INFO - Started process (PID=272) to work on /home/airflow/.local/lib/python3.7/site-packages/airflow/example_dags/example_task_group.py
[2025-03-25T19:49:13.835+0000] {processor.py:743} INFO - Processing file /home/airflow/.local/lib/python3.7/site-packages/airflow/example_dags/example_task_group.py for tasks to queue
[2025-03-25T19:49:13.837+0000] {logging_mixin.py:137} INFO - [2025-03-25T19:49:13.837+0000] {dagbag.py:538} INFO - Filling up the DagBag from /home/airflow/.local/lib/python3.7/site-packages/airflow/example_dags/example_task_group.py
[2025-03-25T19:49:14.118+0000] {processor.py:753} INFO - DAG(s) dict_keys(['example_task_group']) retrieved from /home/airflow/.local/lib/python3.7/site-packages/airflow/example_dags/example_task_group.py
[2025-03-25T19:49:14.364+0000] {logging_mixin.py:137} INFO - [2025-03-25T19:49:14.363+0000] {dag.py:2676} INFO - Sync 1 DAGs
[2025-03-25T19:49:14.546+0000] {logging_mixin.py:137} INFO - [2025-03-25T19:49:14.545+0000] {dag.py:3427} INFO - Setting next_dagrun for example_task_group to 2025-03-24T19:49:14.543095+00:00, run_after=2025-03-25T19:49:14.543095+00:00
[2025-03-25T19:49:14.642+0000] {processor.py:175} INFO - Processing /home/airflow/.local/lib/python3.7/site-packages/airflow/example_dags/example_task_group.py took 0.877 seconds
[2025-03-25T19:50:30.469+0000] {processor.py:153} INFO - Started process (PID=359) to work on /home/airflow/.local/lib/python3.7/site-packages/airflow/example_dags/example_task_group.py
[2025-03-25T19:50:30.529+0000] {processor.py:743} INFO - Processing file /home/airflow/.local/lib/python3.7/site-packages/airflow/example_dags/example_task_group.py for tasks to queue
[2025-03-25T19:50:30.571+0000] {logging_mixin.py:137} INFO - [2025-03-25T19:50:30.569+0000] {dagbag.py:538} INFO - Filling up the DagBag from /home/airflow/.local/lib/python3.7/site-packages/airflow/example_dags/example_task_group.py
[2025-03-25T19:50:31.648+0000] {processor.py:753} INFO - DAG(s) dict_keys(['example_task_group']) retrieved from /home/airflow/.local/lib/python3.7/site-packages/airflow/example_dags/example_task_group.py
[2025-03-25T19:50:39.672+0000] {logging_mixin.py:137} INFO - [2025-03-25T19:50:39.532+0000] {dag.py:2676} INFO - Sync 1 DAGs
[2025-03-25T19:50:41.856+0000] {logging_mixin.py:137} INFO - [2025-03-25T19:50:41.817+0000] {dag.py:3427} INFO - Setting next_dagrun for example_task_group to 2025-03-24T19:50:41.710416+00:00, run_after=2025-03-25T19:50:41.710416+00:00
[2025-03-25T19:50:46.054+0000] {processor.py:175} INFO - Processing /home/airflow/.local/lib/python3.7/site-packages/airflow/example_dags/example_task_group.py took 15.622 seconds
