[2025-03-25T19:47:22.025+0000] {processor.py:153} INFO - Started process (PID=67) to work on /home/airflow/.local/lib/python3.7/site-packages/airflow/example_dags/example_latest_only.py
[2025-03-25T19:47:22.027+0000] {processor.py:743} INFO - Processing file /home/airflow/.local/lib/python3.7/site-packages/airflow/example_dags/example_latest_only.py for tasks to queue
[2025-03-25T19:47:22.030+0000] {logging_mixin.py:137} INFO - [2025-03-25T19:47:22.029+0000] {dagbag.py:538} INFO - Filling up the DagBag from /home/airflow/.local/lib/python3.7/site-packages/airflow/example_dags/example_latest_only.py
[2025-03-25T19:47:22.054+0000] {processor.py:753} INFO - DAG(s) dict_keys(['latest_only']) retrieved from /home/airflow/.local/lib/python3.7/site-packages/airflow/example_dags/example_latest_only.py
[2025-03-25T19:47:22.105+0000] {logging_mixin.py:137} INFO - [2025-03-25T19:47:22.105+0000] {dag.py:2676} INFO - Sync 1 DAGs
[2025-03-25T19:47:22.153+0000] {logging_mixin.py:137} INFO - [2025-03-25T19:47:22.153+0000] {dag.py:3427} INFO - Setting next_dagrun for latest_only to 2025-03-25T15:47:22.152289+00:00, run_after=2025-03-25T19:47:22.152289+00:00
[2025-03-25T19:47:22.228+0000] {processor.py:175} INFO - Processing /home/airflow/.local/lib/python3.7/site-packages/airflow/example_dags/example_latest_only.py took 0.212 seconds
[2025-03-25T19:48:09.356+0000] {processor.py:153} INFO - Started process (PID=142) to work on /home/airflow/.local/lib/python3.7/site-packages/airflow/example_dags/example_latest_only.py
[2025-03-25T19:48:09.359+0000] {processor.py:743} INFO - Processing file /home/airflow/.local/lib/python3.7/site-packages/airflow/example_dags/example_latest_only.py for tasks to queue
[2025-03-25T19:48:09.362+0000] {logging_mixin.py:137} INFO - [2025-03-25T19:48:09.361+0000] {dagbag.py:538} INFO - Filling up the DagBag from /home/airflow/.local/lib/python3.7/site-packages/airflow/example_dags/example_latest_only.py
[2025-03-25T19:48:09.564+0000] {processor.py:753} INFO - DAG(s) dict_keys(['latest_only']) retrieved from /home/airflow/.local/lib/python3.7/site-packages/airflow/example_dags/example_latest_only.py
[2025-03-25T19:48:10.062+0000] {logging_mixin.py:137} INFO - [2025-03-25T19:48:10.058+0000] {dag.py:2676} INFO - Sync 1 DAGs
[2025-03-25T19:48:10.209+0000] {logging_mixin.py:137} INFO - [2025-03-25T19:48:10.209+0000] {dag.py:3427} INFO - Setting next_dagrun for latest_only to 2025-03-25T15:48:10.207707+00:00, run_after=2025-03-25T19:48:10.207707+00:00
[2025-03-25T19:48:10.345+0000] {processor.py:175} INFO - Processing /home/airflow/.local/lib/python3.7/site-packages/airflow/example_dags/example_latest_only.py took 1.027 seconds
[2025-03-25T19:48:40.850+0000] {processor.py:153} INFO - Started process (PID=207) to work on /home/airflow/.local/lib/python3.7/site-packages/airflow/example_dags/example_latest_only.py
[2025-03-25T19:48:40.861+0000] {processor.py:743} INFO - Processing file /home/airflow/.local/lib/python3.7/site-packages/airflow/example_dags/example_latest_only.py for tasks to queue
[2025-03-25T19:48:40.863+0000] {logging_mixin.py:137} INFO - [2025-03-25T19:48:40.862+0000] {dagbag.py:538} INFO - Filling up the DagBag from /home/airflow/.local/lib/python3.7/site-packages/airflow/example_dags/example_latest_only.py
[2025-03-25T19:48:40.915+0000] {processor.py:753} INFO - DAG(s) dict_keys(['latest_only']) retrieved from /home/airflow/.local/lib/python3.7/site-packages/airflow/example_dags/example_latest_only.py
[2025-03-25T19:48:41.044+0000] {logging_mixin.py:137} INFO - [2025-03-25T19:48:41.044+0000] {dag.py:2676} INFO - Sync 1 DAGs
[2025-03-25T19:48:41.129+0000] {logging_mixin.py:137} INFO - [2025-03-25T19:48:41.129+0000] {dag.py:3427} INFO - Setting next_dagrun for latest_only to 2025-03-25T15:48:41.128781+00:00, run_after=2025-03-25T19:48:41.128781+00:00
[2025-03-25T19:48:41.285+0000] {processor.py:175} INFO - Processing /home/airflow/.local/lib/python3.7/site-packages/airflow/example_dags/example_latest_only.py took 0.440 seconds
[2025-03-25T19:49:12.547+0000] {processor.py:153} INFO - Started process (PID=271) to work on /home/airflow/.local/lib/python3.7/site-packages/airflow/example_dags/example_latest_only.py
[2025-03-25T19:49:12.555+0000] {processor.py:743} INFO - Processing file /home/airflow/.local/lib/python3.7/site-packages/airflow/example_dags/example_latest_only.py for tasks to queue
[2025-03-25T19:49:12.561+0000] {logging_mixin.py:137} INFO - [2025-03-25T19:49:12.561+0000] {dagbag.py:538} INFO - Filling up the DagBag from /home/airflow/.local/lib/python3.7/site-packages/airflow/example_dags/example_latest_only.py
[2025-03-25T19:49:12.616+0000] {processor.py:753} INFO - DAG(s) dict_keys(['latest_only']) retrieved from /home/airflow/.local/lib/python3.7/site-packages/airflow/example_dags/example_latest_only.py
[2025-03-25T19:49:12.875+0000] {logging_mixin.py:137} INFO - [2025-03-25T19:49:12.874+0000] {dag.py:2676} INFO - Sync 1 DAGs
[2025-03-25T19:49:13.071+0000] {logging_mixin.py:137} INFO - [2025-03-25T19:49:13.071+0000] {dag.py:3427} INFO - Setting next_dagrun for latest_only to 2025-03-25T15:49:13.058039+00:00, run_after=2025-03-25T19:49:13.058039+00:00
[2025-03-25T19:49:13.428+0000] {processor.py:175} INFO - Processing /home/airflow/.local/lib/python3.7/site-packages/airflow/example_dags/example_latest_only.py took 0.890 seconds
[2025-03-25T19:50:30.470+0000] {processor.py:153} INFO - Started process (PID=358) to work on /home/airflow/.local/lib/python3.7/site-packages/airflow/example_dags/example_latest_only.py
[2025-03-25T19:50:30.528+0000] {processor.py:743} INFO - Processing file /home/airflow/.local/lib/python3.7/site-packages/airflow/example_dags/example_latest_only.py for tasks to queue
[2025-03-25T19:50:30.571+0000] {logging_mixin.py:137} INFO - [2025-03-25T19:50:30.561+0000] {dagbag.py:538} INFO - Filling up the DagBag from /home/airflow/.local/lib/python3.7/site-packages/airflow/example_dags/example_latest_only.py
[2025-03-25T19:50:31.275+0000] {processor.py:753} INFO - DAG(s) dict_keys(['latest_only']) retrieved from /home/airflow/.local/lib/python3.7/site-packages/airflow/example_dags/example_latest_only.py
[2025-03-25T19:50:39.815+0000] {logging_mixin.py:137} INFO - [2025-03-25T19:50:39.683+0000] {dag.py:2676} INFO - Sync 1 DAGs
[2025-03-25T19:50:41.880+0000] {logging_mixin.py:137} INFO - [2025-03-25T19:50:41.826+0000] {dag.py:3427} INFO - Setting next_dagrun for latest_only to 2025-03-25T15:50:41.716440+00:00, run_after=2025-03-25T19:50:41.716440+00:00
[2025-03-25T19:50:46.124+0000] {processor.py:175} INFO - Processing /home/airflow/.local/lib/python3.7/site-packages/airflow/example_dags/example_latest_only.py took 15.653 seconds
