[2025-03-25T19:47:23.554+0000] {processor.py:153} INFO - Started process (PID=74) to work on /home/airflow/.local/lib/python3.7/site-packages/airflow/example_dags/tutorial_dag.py
[2025-03-25T19:47:23.555+0000] {processor.py:743} INFO - Processing file /home/airflow/.local/lib/python3.7/site-packages/airflow/example_dags/tutorial_dag.py for tasks to queue
[2025-03-25T19:47:23.556+0000] {logging_mixin.py:137} INFO - [2025-03-25T19:47:23.555+0000] {dagbag.py:538} INFO - Filling up the DagBag from /home/airflow/.local/lib/python3.7/site-packages/airflow/example_dags/tutorial_dag.py
[2025-03-25T19:47:23.583+0000] {processor.py:753} INFO - DAG(s) dict_keys(['tutorial_dag']) retrieved from /home/airflow/.local/lib/python3.7/site-packages/airflow/example_dags/tutorial_dag.py
[2025-03-25T19:47:23.624+0000] {logging_mixin.py:137} INFO - [2025-03-25T19:47:23.623+0000] {dag.py:2676} INFO - Sync 1 DAGs
[2025-03-25T19:47:23.653+0000] {logging_mixin.py:137} INFO - [2025-03-25T19:47:23.653+0000] {dag.py:3427} INFO - Setting next_dagrun for tutorial_dag to None, run_after=None
[2025-03-25T19:47:23.765+0000] {processor.py:175} INFO - Processing /home/airflow/.local/lib/python3.7/site-packages/airflow/example_dags/tutorial_dag.py took 0.215 seconds
[2025-03-25T19:48:16.200+0000] {processor.py:153} INFO - Started process (PID=160) to work on /home/airflow/.local/lib/python3.7/site-packages/airflow/example_dags/tutorial_dag.py
[2025-03-25T19:48:16.227+0000] {processor.py:743} INFO - Processing file /home/airflow/.local/lib/python3.7/site-packages/airflow/example_dags/tutorial_dag.py for tasks to queue
[2025-03-25T19:48:16.234+0000] {logging_mixin.py:137} INFO - [2025-03-25T19:48:16.234+0000] {dagbag.py:538} INFO - Filling up the DagBag from /home/airflow/.local/lib/python3.7/site-packages/airflow/example_dags/tutorial_dag.py
[2025-03-25T19:48:16.634+0000] {processor.py:753} INFO - DAG(s) dict_keys(['tutorial_dag']) retrieved from /home/airflow/.local/lib/python3.7/site-packages/airflow/example_dags/tutorial_dag.py
[2025-03-25T19:48:17.755+0000] {logging_mixin.py:137} INFO - [2025-03-25T19:48:17.754+0000] {dag.py:2676} INFO - Sync 1 DAGs
[2025-03-25T19:48:17.964+0000] {logging_mixin.py:137} INFO - [2025-03-25T19:48:17.964+0000] {dag.py:3427} INFO - Setting next_dagrun for tutorial_dag to None, run_after=None
[2025-03-25T19:48:18.067+0000] {processor.py:175} INFO - Processing /home/airflow/.local/lib/python3.7/site-packages/airflow/example_dags/tutorial_dag.py took 1.882 seconds
[2025-03-25T19:48:49.178+0000] {processor.py:153} INFO - Started process (PID=214) to work on /home/airflow/.local/lib/python3.7/site-packages/airflow/example_dags/tutorial_dag.py
[2025-03-25T19:48:49.188+0000] {processor.py:743} INFO - Processing file /home/airflow/.local/lib/python3.7/site-packages/airflow/example_dags/tutorial_dag.py for tasks to queue
[2025-03-25T19:48:49.192+0000] {logging_mixin.py:137} INFO - [2025-03-25T19:48:49.192+0000] {dagbag.py:538} INFO - Filling up the DagBag from /home/airflow/.local/lib/python3.7/site-packages/airflow/example_dags/tutorial_dag.py
[2025-03-25T19:48:49.313+0000] {processor.py:753} INFO - DAG(s) dict_keys(['tutorial_dag']) retrieved from /home/airflow/.local/lib/python3.7/site-packages/airflow/example_dags/tutorial_dag.py
[2025-03-25T19:48:49.444+0000] {logging_mixin.py:137} INFO - [2025-03-25T19:48:49.444+0000] {dag.py:2676} INFO - Sync 1 DAGs
[2025-03-25T19:48:49.550+0000] {logging_mixin.py:137} INFO - [2025-03-25T19:48:49.550+0000] {dag.py:3427} INFO - Setting next_dagrun for tutorial_dag to None, run_after=None
[2025-03-25T19:48:49.645+0000] {processor.py:175} INFO - Processing /home/airflow/.local/lib/python3.7/site-packages/airflow/example_dags/tutorial_dag.py took 0.490 seconds
[2025-03-25T19:49:20.051+0000] {processor.py:153} INFO - Started process (PID=285) to work on /home/airflow/.local/lib/python3.7/site-packages/airflow/example_dags/tutorial_dag.py
[2025-03-25T19:49:20.058+0000] {processor.py:743} INFO - Processing file /home/airflow/.local/lib/python3.7/site-packages/airflow/example_dags/tutorial_dag.py for tasks to queue
[2025-03-25T19:49:20.064+0000] {logging_mixin.py:137} INFO - [2025-03-25T19:49:20.064+0000] {dagbag.py:538} INFO - Filling up the DagBag from /home/airflow/.local/lib/python3.7/site-packages/airflow/example_dags/tutorial_dag.py
[2025-03-25T19:49:20.191+0000] {processor.py:753} INFO - DAG(s) dict_keys(['tutorial_dag']) retrieved from /home/airflow/.local/lib/python3.7/site-packages/airflow/example_dags/tutorial_dag.py
[2025-03-25T19:49:20.464+0000] {logging_mixin.py:137} INFO - [2025-03-25T19:49:20.464+0000] {dag.py:2676} INFO - Sync 1 DAGs
[2025-03-25T19:49:20.553+0000] {logging_mixin.py:137} INFO - [2025-03-25T19:49:20.553+0000] {dag.py:3427} INFO - Setting next_dagrun for tutorial_dag to None, run_after=None
[2025-03-25T19:49:20.774+0000] {processor.py:175} INFO - Processing /home/airflow/.local/lib/python3.7/site-packages/airflow/example_dags/tutorial_dag.py took 0.736 seconds
[2025-03-25T19:52:50.081+0000] {processor.py:153} INFO - Started process (PID=437) to work on /home/airflow/.local/lib/python3.7/site-packages/airflow/example_dags/tutorial_dag.py
[2025-03-25T19:52:51.626+0000] {processor.py:743} INFO - Processing file /home/airflow/.local/lib/python3.7/site-packages/airflow/example_dags/tutorial_dag.py for tasks to queue
[2025-03-25T19:52:54.836+0000] {logging_mixin.py:137} INFO - [2025-03-25T19:52:54.811+0000] {dagbag.py:538} INFO - Filling up the DagBag from /home/airflow/.local/lib/python3.7/site-packages/airflow/example_dags/tutorial_dag.py
[2025-03-25T19:53:07.171+0000] {processor.py:753} INFO - DAG(s) dict_keys(['tutorial_dag']) retrieved from /home/airflow/.local/lib/python3.7/site-packages/airflow/example_dags/tutorial_dag.py
